2019-05-17 00:13:16 INFO  LogReader                   - [readLog] start update file logs/log_2019-05-17_00-13-16.log
2019-05-17 00:13:16 INFO  StellarFactory              - [build] Create a stellar with name Sun, radius 696392.0, weight 1.9885E30
2019-05-17 00:13:16 INFO  OrbitWithPositionFactory    - [buildStellarSystem] Build a stellar system with file /Users/guoziyang/Desktop/SC_Lab4/Lab4-1170300520/src/applications/configurations/StellarSystem.txt
2019-05-17 00:13:16 INFO  StellarConfigurationReader  - [parseConfiguration] Stellar: Sun,6.96392e5,1.9885e30
2019-05-17 00:13:16 INFO  StellarFactory              - [build] Create a stellar with name Sun, radius 696392.0, weight 1.9885E30
2019-05-17 00:13:16 INFO  StellarConfigurationReader  - [parseConfiguration] Planet: Earth,Solid,Blue,6378.137,1.49e8,29.783,CW,0
2019-05-17 00:13:16 INFO  PlanetFactory               - [build] Build a planet with name Earth, state Solid, color Blue, radius 6378.137, trackRadius 1.49E8, speed 1.1452618800255912E-5, clockwise true, startAngle 0.0
2019-05-17 00:13:16 INFO  StellarConfigurationReader  - [parseConfiguration] Planet: Mercury,Solid,Dark,1378.137,1.49e7,69,CW,20.085
2019-05-17 00:13:16 INFO  PlanetFactory               - [build] Build a planet with name Mercury, state Solid, color Dark, radius 1378.137, trackRadius 1.49E7, speed 2.6532944875185774E-4, clockwise true, startAngle 20.085
2019-05-17 00:13:16 INFO  StellarConfigurationReader  - [parseConfiguration] Planet: Saturn,Liquid,Red,2378,1.49e6,2.33e5,CCW,39.21
2019-05-17 00:13:16 INFO  PlanetFactory               - [build] Build a planet with name Saturn, state Liquid, color Red, radius 2378.0, trackRadius 1490000.0, speed 8.95967558828737, clockwise false, startAngle 39.21
2019-05-17 00:13:16 INFO  StellarConfigurationReader  - [parseConfiguration] Planet: Jupiter,Gas,Blue,1637.007,2e8,30,CW,70
2019-05-17 00:13:16 INFO  PlanetFactory               - [build] Build a planet with name Jupiter, state Gas, color Blue, radius 1637.007, trackRadius 2.0E8, speed 8.59436692696235E-6, clockwise true, startAngle 70.0
2019-05-17 00:13:16 INFO  StellarConfigurationReader  - [parseConfiguration] Planet: Mars,Silid,Red,637.137,9.99e10,1000.93,CCW,110
2019-05-17 00:13:16 INFO  PlanetFactory               - [build] Build a planet with name Mars, state Silid, color Red, radius 637.137, trackRadius 9.99E10, speed 5.740647105908857E-7, clockwise false, startAngle 110.0
2019-05-17 00:13:16 INFO  StellarConfigurationReader  - [parseConfiguration] Planet: Neptune,Liquid,Yellow,6627.137,1.49e5,9293.05,CCW,360
2019-05-17 00:13:16 INFO  PlanetFactory               - [build] Build a planet with name Neptune, state Liquid, color Yellow, radius 6627.137, trackRadius 149000.0, speed 3.5735070053963063, clockwise false, startAngle 360.0
2019-05-17 00:13:16 INFO  StellarConfigurationReader  - [parseConfiguration] Planet: Uranus,Gas,Blue,637.137,1.49e11,1e5,CW,359
2019-05-17 00:13:16 INFO  PlanetFactory               - [build] Build a planet with name Uranus, state Gas, color Blue, radius 637.137, trackRadius 1.49E11, speed 3.845354329737069E-5, clockwise true, startAngle 359.0
2019-05-17 00:13:16 INFO  StellarConfigurationReader  - [parseConfiguration] Planet: Venus,Solid,Red,6378.137,1.49e20,203.24,CCW,181.23
2019-05-17 00:13:16 INFO  PlanetFactory               - [build] Build a planet with name Venus, state Solid, color Red, radius 6378.137, trackRadius 1.49E20, speed 7.81529813975762E-17, clockwise false, startAngle 181.23
2019-05-17 00:13:16 INFO  ConcreteCircularOrbit       - [addCentralObject] add the central object Stellar (Sun)
2019-05-17 00:13:16 WARN  ConcreteCircularOrbit       - [getTrack] cannot find track with radius 1.49E7
2019-05-17 00:13:16 WARN  ConcreteCircularOrbit       - [getTrack] cannot find track with radius 1.49E7
2019-05-17 00:13:16 INFO  TrackFactory                - [build] build a track with radius 1.49E7
2019-05-17 00:13:16 INFO  ConcreteCircularOrbit       - [addTrack] add a track with radius 1.49E7
2019-05-17 00:13:16 INFO  OrbitWithPosition           - [addPhysicalObject] add a object Mercury to the track Track (1.49E7)
2019-05-17 00:13:16 WARN  ConcreteCircularOrbit       - [getTrack] cannot find track with radius 1.49E11
2019-05-17 00:13:16 WARN  ConcreteCircularOrbit       - [getTrack] cannot find track with radius 1.49E11
2019-05-17 00:13:16 INFO  TrackFactory                - [build] build a track with radius 1.49E11
2019-05-17 00:13:16 INFO  ConcreteCircularOrbit       - [addTrack] add a track with radius 1.49E11
2019-05-17 00:13:16 INFO  OrbitWithPosition           - [addPhysicalObject] add a object Uranus to the track Track (1.49E11)
2019-05-17 00:13:16 WARN  ConcreteCircularOrbit       - [getTrack] cannot find track with radius 1.49E20
2019-05-17 00:13:16 WARN  ConcreteCircularOrbit       - [getTrack] cannot find track with radius 1.49E20
2019-05-17 00:13:16 INFO  TrackFactory                - [build] build a track with radius 1.49E20
2019-05-17 00:13:16 INFO  ConcreteCircularOrbit       - [addTrack] add a track with radius 1.49E20
2019-05-17 00:13:16 INFO  OrbitWithPosition           - [addPhysicalObject] add a object Venus to the track Track (1.49E20)
2019-05-17 00:13:16 WARN  ConcreteCircularOrbit       - [getTrack] cannot find track with radius 2.0E8
2019-05-17 00:13:16 WARN  ConcreteCircularOrbit       - [getTrack] cannot find track with radius 2.0E8
2019-05-17 00:13:16 INFO  TrackFactory                - [build] build a track with radius 2.0E8
2019-05-17 00:13:16 INFO  ConcreteCircularOrbit       - [addTrack] add a track with radius 2.0E8
2019-05-17 00:13:16 INFO  OrbitWithPosition           - [addPhysicalObject] add a object Jupiter to the track Track (2.0E8)
2019-05-17 00:13:16 WARN  ConcreteCircularOrbit       - [getTrack] cannot find track with radius 9.99E10
2019-05-17 00:13:16 WARN  ConcreteCircularOrbit       - [getTrack] cannot find track with radius 9.99E10
2019-05-17 00:13:16 INFO  TrackFactory                - [build] build a track with radius 9.99E10
2019-05-17 00:13:16 INFO  ConcreteCircularOrbit       - [addTrack] add a track with radius 9.99E10
2019-05-17 00:13:16 INFO  OrbitWithPosition           - [addPhysicalObject] add a object Mars to the track Track (9.99E10)
2019-05-17 00:13:16 WARN  ConcreteCircularOrbit       - [getTrack] cannot find track with radius 149000.0
2019-05-17 00:13:16 WARN  ConcreteCircularOrbit       - [getTrack] cannot find track with radius 149000.0
2019-05-17 00:13:16 INFO  TrackFactory                - [build] build a track with radius 149000.0
2019-05-17 00:13:16 INFO  ConcreteCircularOrbit       - [addTrack] add a track with radius 149000.0
2019-05-17 00:13:16 INFO  OrbitWithPosition           - [addPhysicalObject] add a object Neptune to the track Track (149000.0)
2019-05-17 00:13:16 WARN  ConcreteCircularOrbit       - [getTrack] cannot find track with radius 1.49E8
2019-05-17 00:13:16 WARN  ConcreteCircularOrbit       - [getTrack] cannot find track with radius 1.49E8
2019-05-17 00:13:16 INFO  TrackFactory                - [build] build a track with radius 1.49E8
2019-05-17 00:13:16 INFO  ConcreteCircularOrbit       - [addTrack] add a track with radius 1.49E8
2019-05-17 00:13:16 INFO  OrbitWithPosition           - [addPhysicalObject] add a object Earth to the track Track (1.49E8)
2019-05-17 00:13:16 WARN  ConcreteCircularOrbit       - [getTrack] cannot find track with radius 1490000.0
2019-05-17 00:13:16 WARN  ConcreteCircularOrbit       - [getTrack] cannot find track with radius 1490000.0
2019-05-17 00:13:16 INFO  TrackFactory                - [build] build a track with radius 1490000.0
2019-05-17 00:13:16 INFO  ConcreteCircularOrbit       - [addTrack] add a track with radius 1490000.0
2019-05-17 00:13:16 INFO  OrbitWithPosition           - [addPhysicalObject] add a object Saturn to the track Track (1490000.0)
2019-05-17 00:13:16 INFO  ConcreteCircularOrbit       - [iterator] successfully build the iterator of circularOrbit.StellarSystem@694abbdc
2019-05-17 00:13:16 INFO  OrbitWithoutPositionFactory - [buildAtomStructure] build a AtomStructure with file /Users/guoziyang/Desktop/SC_Lab4/Lab4-1170300520/src/applications/configurations/AtomicStructure.txt
2019-05-17 00:13:16 INFO  AtomStructure               - [readFromFile] Start read from configuration file AtomicStructure.txt
2019-05-17 00:13:16 INFO  AtomConfigurationReader     - [parseConfiguration] ElementName: Rb
2019-05-17 00:13:16 INFO  AtomConfigurationReader     - [parseConfiguration] NumberOfTracks: 5
2019-05-17 00:13:16 INFO  AtomConfigurationReader     - [parseConfiguration] NumberOfElectron: 1/2;2/8;3/18;4/8;5/1
2019-05-17 00:13:16 INFO  AtomicNucleusFactory        - [build] build the AtomicNucleus with name Rb
2019-05-17 00:13:16 INFO  ConcreteCircularOrbit       - [addCentralObject] add the central object AtomicNucleus (Rb)
2019-05-17 00:13:16 WARN  ConcreteCircularOrbit       - [getTrack] cannot find track with radius 1.0
2019-05-17 00:13:16 INFO  TrackFactory                - [build] build a track with radius 1.0
2019-05-17 00:13:16 INFO  ConcreteCircularOrbit       - [addTrack] add a track with radius 1.0
2019-05-17 00:13:16 WARN  ConcreteCircularOrbit       - [getTrack] cannot find track with radius 2.0
2019-05-17 00:13:16 INFO  TrackFactory                - [build] build a track with radius 2.0
2019-05-17 00:13:16 INFO  ConcreteCircularOrbit       - [addTrack] add a track with radius 2.0
2019-05-17 00:13:16 WARN  ConcreteCircularOrbit       - [getTrack] cannot find track with radius 3.0
2019-05-17 00:13:16 INFO  TrackFactory                - [build] build a track with radius 3.0
2019-05-17 00:13:16 INFO  ConcreteCircularOrbit       - [addTrack] add a track with radius 3.0
2019-05-17 00:13:16 WARN  ConcreteCircularOrbit       - [getTrack] cannot find track with radius 4.0
2019-05-17 00:13:16 INFO  TrackFactory                - [build] build a track with radius 4.0
2019-05-17 00:13:16 INFO  ConcreteCircularOrbit       - [addTrack] add a track with radius 4.0
2019-05-17 00:13:16 WARN  ConcreteCircularOrbit       - [getTrack] cannot find track with radius 5.0
2019-05-17 00:13:16 INFO  TrackFactory                - [build] build a track with radius 5.0
2019-05-17 00:13:16 INFO  ConcreteCircularOrbit       - [addTrack] add a track with radius 5.0
2019-05-17 00:13:16 INFO  ElectronFactory             - [build] build an electron
2019-05-17 00:13:16 INFO  OrbitWithoutPosition        - [addPhysicalObject] add a object physicalObject.Electron@1fa268de to the track Track (1.0)
2019-05-17 00:13:16 INFO  ElectronFactory             - [build] build an electron
2019-05-17 00:13:16 INFO  OrbitWithoutPosition        - [addPhysicalObject] add a object physicalObject.Electron@4f6ee6e4 to the track Track (1.0)
2019-05-17 00:13:16 INFO  ElectronFactory             - [build] build an electron
2019-05-17 00:13:16 INFO  OrbitWithoutPosition        - [addPhysicalObject] add a object physicalObject.Electron@4466af20 to the track Track (2.0)
2019-05-17 00:13:16 INFO  ElectronFactory             - [build] build an electron
2019-05-17 00:13:16 INFO  OrbitWithoutPosition        - [addPhysicalObject] add a object physicalObject.Electron@a514af7 to the track Track (2.0)
2019-05-17 00:13:16 INFO  ElectronFactory             - [build] build an electron
2019-05-17 00:13:16 INFO  OrbitWithoutPosition        - [addPhysicalObject] add a object physicalObject.Electron@6b927fb to the track Track (2.0)
2019-05-17 00:13:16 INFO  ElectronFactory             - [build] build an electron
2019-05-17 00:13:16 INFO  OrbitWithoutPosition        - [addPhysicalObject] add a object physicalObject.Electron@3e58a80e to the track Track (2.0)
2019-05-17 00:13:16 INFO  ElectronFactory             - [build] build an electron
2019-05-17 00:13:16 INFO  OrbitWithoutPosition        - [addPhysicalObject] add a object physicalObject.Electron@4fb61f4a to the track Track (2.0)
2019-05-17 00:13:16 INFO  ElectronFactory             - [build] build an electron
2019-05-17 00:13:16 INFO  OrbitWithoutPosition        - [addPhysicalObject] add a object physicalObject.Electron@4fb0f2b9 to the track Track (2.0)
2019-05-17 00:13:16 INFO  ElectronFactory             - [build] build an electron
2019-05-17 00:13:16 INFO  OrbitWithoutPosition        - [addPhysicalObject] add a object physicalObject.Electron@79924b to the track Track (2.0)
2019-05-17 00:13:16 INFO  ElectronFactory             - [build] build an electron
2019-05-17 00:13:16 INFO  OrbitWithoutPosition        - [addPhysicalObject] add a object physicalObject.Electron@7b9a4292 to the track Track (2.0)
2019-05-17 00:13:16 INFO  ElectronFactory             - [build] build an electron
2019-05-17 00:13:16 INFO  OrbitWithoutPosition        - [addPhysicalObject] add a object physicalObject.Electron@4a94ee4 to the track Track (3.0)
2019-05-17 00:13:16 INFO  ElectronFactory             - [build] build an electron
2019-05-17 00:13:16 INFO  OrbitWithoutPosition        - [addPhysicalObject] add a object physicalObject.Electron@4cc451f2 to the track Track (3.0)
2019-05-17 00:13:16 INFO  ElectronFactory             - [build] build an electron
2019-05-17 00:13:16 INFO  OrbitWithoutPosition        - [addPhysicalObject] add a object physicalObject.Electron@6379eb to the track Track (3.0)
2019-05-17 00:13:16 INFO  ElectronFactory             - [build] build an electron
2019-05-17 00:13:16 INFO  OrbitWithoutPosition        - [addPhysicalObject] add a object physicalObject.Electron@294425a7 to the track Track (3.0)
2019-05-17 00:13:16 INFO  ElectronFactory             - [build] build an electron
2019-05-17 00:13:16 INFO  OrbitWithoutPosition        - [addPhysicalObject] add a object physicalObject.Electron@67d48005 to the track Track (3.0)
2019-05-17 00:13:16 INFO  ElectronFactory             - [build] build an electron
2019-05-17 00:13:16 INFO  OrbitWithoutPosition        - [addPhysicalObject] add a object physicalObject.Electron@9f116cc to the track Track (3.0)
2019-05-17 00:13:16 INFO  ElectronFactory             - [build] build an electron
2019-05-17 00:13:16 INFO  OrbitWithoutPosition        - [addPhysicalObject] add a object physicalObject.Electron@12468a38 to the track Track (3.0)
2019-05-17 00:13:16 INFO  ElectronFactory             - [build] build an electron
2019-05-17 00:13:16 INFO  OrbitWithoutPosition        - [addPhysicalObject] add a object physicalObject.Electron@1aa7ecca to the track Track (3.0)
2019-05-17 00:13:16 INFO  ElectronFactory             - [build] build an electron
2019-05-17 00:13:16 INFO  OrbitWithoutPosition        - [addPhysicalObject] add a object physicalObject.Electron@59309333 to the track Track (3.0)
2019-05-17 00:13:16 INFO  ElectronFactory             - [build] build an electron
2019-05-17 00:13:16 INFO  OrbitWithoutPosition        - [addPhysicalObject] add a object physicalObject.Electron@5876a9af to the track Track (3.0)
2019-05-17 00:13:16 INFO  ElectronFactory             - [build] build an electron
2019-05-17 00:13:16 INFO  OrbitWithoutPosition        - [addPhysicalObject] add a object physicalObject.Electron@7ec7ffd3 to the track Track (3.0)
2019-05-17 00:13:16 INFO  ElectronFactory             - [build] build an electron
2019-05-17 00:13:16 INFO  OrbitWithoutPosition        - [addPhysicalObject] add a object physicalObject.Electron@5b239d7d to the track Track (3.0)
2019-05-17 00:13:16 INFO  ElectronFactory             - [build] build an electron
2019-05-17 00:13:16 INFO  OrbitWithoutPosition        - [addPhysicalObject] add a object physicalObject.Electron@6572421 to the track Track (3.0)
2019-05-17 00:13:16 INFO  ElectronFactory             - [build] build an electron
2019-05-17 00:13:16 INFO  OrbitWithoutPosition        - [addPhysicalObject] add a object physicalObject.Electron@6b81ce95 to the track Track (3.0)
2019-05-17 00:13:16 INFO  ElectronFactory             - [build] build an electron
2019-05-17 00:13:16 INFO  OrbitWithoutPosition        - [addPhysicalObject] add a object physicalObject.Electron@2a798d51 to the track Track (3.0)
2019-05-17 00:13:16 INFO  ElectronFactory             - [build] build an electron
2019-05-17 00:13:16 INFO  OrbitWithoutPosition        - [addPhysicalObject] add a object physicalObject.Electron@6d763516 to the track Track (3.0)
2019-05-17 00:13:16 INFO  ElectronFactory             - [build] build an electron
2019-05-17 00:13:16 INFO  OrbitWithoutPosition        - [addPhysicalObject] add a object physicalObject.Electron@52bf72b5 to the track Track (3.0)
2019-05-17 00:13:16 INFO  ElectronFactory             - [build] build an electron
2019-05-17 00:13:16 INFO  OrbitWithoutPosition        - [addPhysicalObject] add a object physicalObject.Electron@37afeb11 to the track Track (3.0)
2019-05-17 00:13:16 INFO  ElectronFactory             - [build] build an electron
2019-05-17 00:13:16 INFO  OrbitWithoutPosition        - [addPhysicalObject] add a object physicalObject.Electron@515aebb0 to the track Track (4.0)
2019-05-17 00:13:16 INFO  ElectronFactory             - [build] build an electron
2019-05-17 00:13:16 INFO  OrbitWithoutPosition        - [addPhysicalObject] add a object physicalObject.Electron@dd8ba08 to the track Track (4.0)
2019-05-17 00:13:16 INFO  ElectronFactory             - [build] build an electron
2019-05-17 00:13:16 INFO  OrbitWithoutPosition        - [addPhysicalObject] add a object physicalObject.Electron@245b4bdc to the track Track (4.0)
2019-05-17 00:13:16 INFO  ElectronFactory             - [build] build an electron
2019-05-17 00:13:16 INFO  OrbitWithoutPosition        - [addPhysicalObject] add a object physicalObject.Electron@6c64cb25 to the track Track (4.0)
2019-05-17 00:13:16 INFO  ElectronFactory             - [build] build an electron
2019-05-17 00:13:16 INFO  OrbitWithoutPosition        - [addPhysicalObject] add a object physicalObject.Electron@6ae5aa72 to the track Track (4.0)
2019-05-17 00:13:16 INFO  ElectronFactory             - [build] build an electron
2019-05-17 00:13:16 INFO  OrbitWithoutPosition        - [addPhysicalObject] add a object physicalObject.Electron@222545dc to the track Track (4.0)
2019-05-17 00:13:16 INFO  ElectronFactory             - [build] build an electron
2019-05-17 00:13:16 INFO  OrbitWithoutPosition        - [addPhysicalObject] add a object physicalObject.Electron@5c5eefef to the track Track (4.0)
2019-05-17 00:13:16 INFO  ElectronFactory             - [build] build an electron
2019-05-17 00:13:16 INFO  OrbitWithoutPosition        - [addPhysicalObject] add a object physicalObject.Electron@16293aa2 to the track Track (4.0)
2019-05-17 00:13:16 INFO  ElectronFactory             - [build] build an electron
2019-05-17 00:13:16 INFO  OrbitWithoutPosition        - [addPhysicalObject] add a object physicalObject.Electron@5158b42f to the track Track (5.0)
2019-05-17 00:13:16 INFO  AtomStructure               - [readFromFile] successfully build from configuration
2019-05-17 00:13:16 INFO  ConcreteCircularOrbit       - [removePhysicalObject] remove a physical object physicalObject.Electron@5158b42f
2019-05-17 00:13:16 INFO  ConcreteCircularOrbit       - [removeTrack] remove the track Track (5.0)
2019-05-17 00:13:16 INFO  OrbitWithoutPositionFactory - [buildAtomStructure] build a AtomStructure with file /Users/guoziyang/Desktop/SC_Lab4/Lab4-1170300520/src/applications/configurations/AtomicStructure.txt
2019-05-17 00:13:16 INFO  AtomStructure               - [readFromFile] Start read from configuration file AtomicStructure.txt
2019-05-17 00:13:16 INFO  AtomConfigurationReader     - [parseConfiguration] ElementName: Rb
2019-05-17 00:13:16 INFO  AtomConfigurationReader     - [parseConfiguration] NumberOfTracks: 5
2019-05-17 00:13:16 INFO  AtomConfigurationReader     - [parseConfiguration] NumberOfElectron: 1/2;2/8;3/18;4/8;5/1
2019-05-17 00:13:16 INFO  AtomicNucleusFactory        - [build] build the AtomicNucleus with name Rb
2019-05-17 00:13:16 INFO  ConcreteCircularOrbit       - [addCentralObject] add the central object AtomicNucleus (Rb)
2019-05-17 00:13:16 WARN  ConcreteCircularOrbit       - [getTrack] cannot find track with radius 1.0
2019-05-17 00:13:16 INFO  TrackFactory                - [build] build a track with radius 1.0
2019-05-17 00:13:16 INFO  ConcreteCircularOrbit       - [addTrack] add a track with radius 1.0
2019-05-17 00:13:16 WARN  ConcreteCircularOrbit       - [getTrack] cannot find track with radius 2.0
2019-05-17 00:13:16 INFO  TrackFactory                - [build] build a track with radius 2.0
2019-05-17 00:13:16 INFO  ConcreteCircularOrbit       - [addTrack] add a track with radius 2.0
2019-05-17 00:13:16 WARN  ConcreteCircularOrbit       - [getTrack] cannot find track with radius 3.0
2019-05-17 00:13:17 INFO  TrackFactory                - [build] build a track with radius 3.0
2019-05-17 00:13:17 INFO  ConcreteCircularOrbit       - [addTrack] add a track with radius 3.0
2019-05-17 00:13:17 WARN  ConcreteCircularOrbit       - [getTrack] cannot find track with radius 4.0
2019-05-17 00:13:17 INFO  TrackFactory                - [build] build a track with radius 4.0
2019-05-17 00:13:17 INFO  ConcreteCircularOrbit       - [addTrack] add a track with radius 4.0
2019-05-17 00:13:17 WARN  ConcreteCircularOrbit       - [getTrack] cannot find track with radius 5.0
2019-05-17 00:13:17 INFO  TrackFactory                - [build] build a track with radius 5.0
2019-05-17 00:13:17 INFO  ConcreteCircularOrbit       - [addTrack] add a track with radius 5.0
2019-05-17 00:13:17 INFO  ElectronFactory             - [build] build an electron
2019-05-17 00:13:17 INFO  OrbitWithoutPosition        - [addPhysicalObject] add a object physicalObject.Electron@478190fc to the track Track (1.0)
2019-05-17 00:13:17 INFO  ElectronFactory             - [build] build an electron
2019-05-17 00:13:17 INFO  OrbitWithoutPosition        - [addPhysicalObject] add a object physicalObject.Electron@79e2c065 to the track Track (1.0)
2019-05-17 00:13:17 INFO  ElectronFactory             - [build] build an electron
2019-05-17 00:13:17 INFO  OrbitWithoutPosition        - [addPhysicalObject] add a object physicalObject.Electron@3a93b025 to the track Track (2.0)
2019-05-17 00:13:17 INFO  ElectronFactory             - [build] build an electron
2019-05-17 00:13:17 INFO  OrbitWithoutPosition        - [addPhysicalObject] add a object physicalObject.Electron@35cabb2a to the track Track (2.0)
2019-05-17 00:13:17 INFO  ElectronFactory             - [build] build an electron
2019-05-17 00:13:17 INFO  OrbitWithoutPosition        - [addPhysicalObject] add a object physicalObject.Electron@7e07db1f to the track Track (2.0)
2019-05-17 00:13:17 INFO  ElectronFactory             - [build] build an electron
2019-05-17 00:13:17 INFO  OrbitWithoutPosition        - [addPhysicalObject] add a object physicalObject.Electron@1189dd52 to the track Track (2.0)
2019-05-17 00:13:17 INFO  ElectronFactory             - [build] build an electron
2019-05-17 00:13:17 INFO  OrbitWithoutPosition        - [addPhysicalObject] add a object physicalObject.Electron@36bc55de to the track Track (2.0)
2019-05-17 00:13:17 INFO  ElectronFactory             - [build] build an electron
2019-05-17 00:13:17 INFO  OrbitWithoutPosition        - [addPhysicalObject] add a object physicalObject.Electron@564fabc8 to the track Track (2.0)
2019-05-17 00:13:17 INFO  ElectronFactory             - [build] build an electron
2019-05-17 00:13:17 INFO  OrbitWithoutPosition        - [addPhysicalObject] add a object physicalObject.Electron@16d04d3d to the track Track (2.0)
2019-05-17 00:13:17 INFO  ElectronFactory             - [build] build an electron
2019-05-17 00:13:17 INFO  OrbitWithoutPosition        - [addPhysicalObject] add a object physicalObject.Electron@49ec71f8 to the track Track (2.0)
2019-05-17 00:13:17 INFO  ElectronFactory             - [build] build an electron
2019-05-17 00:13:17 INFO  OrbitWithoutPosition        - [addPhysicalObject] add a object physicalObject.Electron@1d2adfbe to the track Track (3.0)
2019-05-17 00:13:17 INFO  ElectronFactory             - [build] build an electron
2019-05-17 00:13:17 INFO  OrbitWithoutPosition        - [addPhysicalObject] add a object physicalObject.Electron@36902638 to the track Track (3.0)
2019-05-17 00:13:17 INFO  ElectronFactory             - [build] build an electron
2019-05-17 00:13:17 INFO  OrbitWithoutPosition        - [addPhysicalObject] add a object physicalObject.Electron@223d2c72 to the track Track (3.0)
2019-05-17 00:13:17 INFO  ElectronFactory             - [build] build an electron
2019-05-17 00:13:17 INFO  OrbitWithoutPosition        - [addPhysicalObject] add a object physicalObject.Electron@8f4ea7c to the track Track (3.0)
2019-05-17 00:13:17 INFO  ElectronFactory             - [build] build an electron
2019-05-17 00:13:17 INFO  OrbitWithoutPosition        - [addPhysicalObject] add a object physicalObject.Electron@436813f3 to the track Track (3.0)
2019-05-17 00:13:17 INFO  ElectronFactory             - [build] build an electron
2019-05-17 00:13:17 INFO  OrbitWithoutPosition        - [addPhysicalObject] add a object physicalObject.Electron@74fe5c40 to the track Track (3.0)
2019-05-17 00:13:17 INFO  ElectronFactory             - [build] build an electron
2019-05-17 00:13:17 INFO  OrbitWithoutPosition        - [addPhysicalObject] add a object physicalObject.Electron@3febb011 to the track Track (3.0)
2019-05-17 00:13:17 INFO  ElectronFactory             - [build] build an electron
2019-05-17 00:13:17 INFO  OrbitWithoutPosition        - [addPhysicalObject] add a object physicalObject.Electron@10e31a9a to the track Track (3.0)
2019-05-17 00:13:17 INFO  ElectronFactory             - [build] build an electron
2019-05-17 00:13:17 INFO  OrbitWithoutPosition        - [addPhysicalObject] add a object physicalObject.Electron@131774fe to the track Track (3.0)
2019-05-17 00:13:17 INFO  ElectronFactory             - [build] build an electron
2019-05-17 00:13:17 INFO  OrbitWithoutPosition        - [addPhysicalObject] add a object physicalObject.Electron@158d2680 to the track Track (3.0)
2019-05-17 00:13:17 INFO  ElectronFactory             - [build] build an electron
2019-05-17 00:13:17 INFO  OrbitWithoutPosition        - [addPhysicalObject] add a object physicalObject.Electron@77847718 to the track Track (3.0)
2019-05-17 00:13:17 INFO  ElectronFactory             - [build] build an electron
2019-05-17 00:13:17 INFO  OrbitWithoutPosition        - [addPhysicalObject] add a object physicalObject.Electron@7f3b84b8 to the track Track (3.0)
2019-05-17 00:13:17 INFO  ElectronFactory             - [build] build an electron
2019-05-17 00:13:17 INFO  OrbitWithoutPosition        - [addPhysicalObject] add a object physicalObject.Electron@57a3af25 to the track Track (3.0)
2019-05-17 00:13:17 INFO  ElectronFactory             - [build] build an electron
2019-05-17 00:13:17 INFO  OrbitWithoutPosition        - [addPhysicalObject] add a object physicalObject.Electron@2b662a77 to the track Track (3.0)
2019-05-17 00:13:17 INFO  ElectronFactory             - [build] build an electron
2019-05-17 00:13:17 INFO  OrbitWithoutPosition        - [addPhysicalObject] add a object physicalObject.Electron@7f0eb4b4 to the track Track (3.0)
2019-05-17 00:13:17 INFO  ElectronFactory             - [build] build an electron
2019-05-17 00:13:17 INFO  OrbitWithoutPosition        - [addPhysicalObject] add a object physicalObject.Electron@5c33f1a9 to the track Track (3.0)
2019-05-17 00:13:17 INFO  ElectronFactory             - [build] build an electron
2019-05-17 00:13:17 INFO  OrbitWithoutPosition        - [addPhysicalObject] add a object physicalObject.Electron@1623b78d to the track Track (3.0)
2019-05-17 00:13:17 INFO  ElectronFactory             - [build] build an electron
2019-05-17 00:13:17 INFO  OrbitWithoutPosition        - [addPhysicalObject] add a object physicalObject.Electron@c8c12ac to the track Track (3.0)
2019-05-17 00:13:17 INFO  ElectronFactory             - [build] build an electron
2019-05-17 00:13:17 INFO  OrbitWithoutPosition        - [addPhysicalObject] add a object physicalObject.Electron@6adbc9d to the track Track (4.0)
2019-05-17 00:13:17 INFO  ElectronFactory             - [build] build an electron
2019-05-17 00:13:17 INFO  OrbitWithoutPosition        - [addPhysicalObject] add a object physicalObject.Electron@4550bb58 to the track Track (4.0)
2019-05-17 00:13:17 INFO  ElectronFactory             - [build] build an electron
2019-05-17 00:13:17 INFO  OrbitWithoutPosition        - [addPhysicalObject] add a object physicalObject.Electron@4ec4f3a0 to the track Track (4.0)
2019-05-17 00:13:17 INFO  ElectronFactory             - [build] build an electron
2019-05-17 00:13:17 INFO  OrbitWithoutPosition        - [addPhysicalObject] add a object physicalObject.Electron@223191a6 to the track Track (4.0)
2019-05-17 00:13:17 INFO  ElectronFactory             - [build] build an electron
2019-05-17 00:13:17 INFO  OrbitWithoutPosition        - [addPhysicalObject] add a object physicalObject.Electron@49139829 to the track Track (4.0)
2019-05-17 00:13:17 INFO  ElectronFactory             - [build] build an electron
2019-05-17 00:13:17 INFO  OrbitWithoutPosition        - [addPhysicalObject] add a object physicalObject.Electron@9597028 to the track Track (4.0)
2019-05-17 00:13:17 INFO  ElectronFactory             - [build] build an electron
2019-05-17 00:13:17 INFO  OrbitWithoutPosition        - [addPhysicalObject] add a object physicalObject.Electron@6069db50 to the track Track (4.0)
2019-05-17 00:13:17 INFO  ElectronFactory             - [build] build an electron
2019-05-17 00:13:17 INFO  OrbitWithoutPosition        - [addPhysicalObject] add a object physicalObject.Electron@4efbca5a to the track Track (4.0)
2019-05-17 00:13:17 INFO  ElectronFactory             - [build] build an electron
2019-05-17 00:13:17 INFO  OrbitWithoutPosition        - [addPhysicalObject] add a object physicalObject.Electron@1b7cc17c to the track Track (5.0)
2019-05-17 00:13:17 INFO  AtomStructure               - [readFromFile] successfully build from configuration
2019-05-17 00:13:17 INFO  ElectronFactory             - [build] build an electron
2019-05-17 00:13:17 INFO  OrbitWithoutPosition        - [addPhysicalObject] add a object physicalObject.Electron@59662a0b to the track Track (5.0)
2019-05-17 00:13:17 INFO  ConcreteCircularOrbit       - [addCentralRelation] add central relation with physicalObject.Electron@59662a0b
2019-05-17 00:13:17 INFO  OrbitWithoutPositionFactory - [buildAtomStructure] build a AtomStructure with file /Users/guoziyang/Desktop/SC_Lab4/Lab4-1170300520/src/applications/configurations/AtomicStructure.txt
2019-05-17 00:13:17 INFO  AtomStructure               - [readFromFile] Start read from configuration file AtomicStructure.txt
2019-05-17 00:13:17 INFO  AtomConfigurationReader     - [parseConfiguration] ElementName: Rb
2019-05-17 00:13:17 INFO  AtomConfigurationReader     - [parseConfiguration] NumberOfTracks: 5
2019-05-17 00:13:17 INFO  AtomConfigurationReader     - [parseConfiguration] NumberOfElectron: 1/2;2/8;3/18;4/8;5/1
2019-05-17 00:13:17 INFO  AtomicNucleusFactory        - [build] build the AtomicNucleus with name Rb
2019-05-17 00:13:17 INFO  ConcreteCircularOrbit       - [addCentralObject] add the central object AtomicNucleus (Rb)
2019-05-17 00:13:17 WARN  ConcreteCircularOrbit       - [getTrack] cannot find track with radius 1.0
2019-05-17 00:13:17 INFO  TrackFactory                - [build] build a track with radius 1.0
2019-05-17 00:13:17 INFO  ConcreteCircularOrbit       - [addTrack] add a track with radius 1.0
2019-05-17 00:13:17 WARN  ConcreteCircularOrbit       - [getTrack] cannot find track with radius 2.0
2019-05-17 00:13:17 INFO  TrackFactory                - [build] build a track with radius 2.0
2019-05-17 00:13:17 INFO  ConcreteCircularOrbit       - [addTrack] add a track with radius 2.0
2019-05-17 00:13:17 WARN  ConcreteCircularOrbit       - [getTrack] cannot find track with radius 3.0
2019-05-17 00:13:17 INFO  TrackFactory                - [build] build a track with radius 3.0
2019-05-17 00:13:17 INFO  ConcreteCircularOrbit       - [addTrack] add a track with radius 3.0
2019-05-17 00:13:17 WARN  ConcreteCircularOrbit       - [getTrack] cannot find track with radius 4.0
2019-05-17 00:13:17 INFO  TrackFactory                - [build] build a track with radius 4.0
2019-05-17 00:13:17 INFO  ConcreteCircularOrbit       - [addTrack] add a track with radius 4.0
2019-05-17 00:13:17 WARN  ConcreteCircularOrbit       - [getTrack] cannot find track with radius 5.0
2019-05-17 00:13:17 INFO  TrackFactory                - [build] build a track with radius 5.0
2019-05-17 00:13:17 INFO  ConcreteCircularOrbit       - [addTrack] add a track with radius 5.0
2019-05-17 00:13:17 INFO  ElectronFactory             - [build] build an electron
2019-05-17 00:13:17 INFO  OrbitWithoutPosition        - [addPhysicalObject] add a object physicalObject.Electron@2f9f7dcf to the track Track (1.0)
2019-05-17 00:13:17 INFO  ElectronFactory             - [build] build an electron
2019-05-17 00:13:17 INFO  OrbitWithoutPosition        - [addPhysicalObject] add a object physicalObject.Electron@747ddf94 to the track Track (1.0)
2019-05-17 00:13:17 INFO  ElectronFactory             - [build] build an electron
2019-05-17 00:13:17 INFO  OrbitWithoutPosition        - [addPhysicalObject] add a object physicalObject.Electron@35e2d654 to the track Track (2.0)
2019-05-17 00:13:17 INFO  ElectronFactory             - [build] build an electron
2019-05-17 00:13:17 INFO  OrbitWithoutPosition        - [addPhysicalObject] add a object physicalObject.Electron@1bd4fdd to the track Track (2.0)
2019-05-17 00:13:17 INFO  ElectronFactory             - [build] build an electron
2019-05-17 00:13:17 INFO  OrbitWithoutPosition        - [addPhysicalObject] add a object physicalObject.Electron@55183b20 to the track Track (2.0)
2019-05-17 00:13:17 INFO  ElectronFactory             - [build] build an electron
2019-05-17 00:13:17 INFO  OrbitWithoutPosition        - [addPhysicalObject] add a object physicalObject.Electron@4f83df68 to the track Track (2.0)
2019-05-17 00:13:17 INFO  ElectronFactory             - [build] build an electron
2019-05-17 00:13:17 INFO  OrbitWithoutPosition        - [addPhysicalObject] add a object physicalObject.Electron@6cf0e0ba to the track Track (2.0)
2019-05-17 00:13:17 INFO  ElectronFactory             - [build] build an electron
2019-05-17 00:13:17 INFO  OrbitWithoutPosition        - [addPhysicalObject] add a object physicalObject.Electron@7d8995e to the track Track (2.0)
2019-05-17 00:13:17 INFO  ElectronFactory             - [build] build an electron
2019-05-17 00:13:17 INFO  OrbitWithoutPosition        - [addPhysicalObject] add a object physicalObject.Electron@130d63be to the track Track (2.0)
2019-05-17 00:13:17 INFO  ElectronFactory             - [build] build an electron
2019-05-17 00:13:17 INFO  OrbitWithoutPosition        - [addPhysicalObject] add a object physicalObject.Electron@42a48628 to the track Track (2.0)
2019-05-17 00:13:17 INFO  ElectronFactory             - [build] build an electron
2019-05-17 00:13:17 INFO  OrbitWithoutPosition        - [addPhysicalObject] add a object physicalObject.Electron@293a5bf6 to the track Track (3.0)
2019-05-17 00:13:17 INFO  ElectronFactory             - [build] build an electron
2019-05-17 00:13:17 INFO  OrbitWithoutPosition        - [addPhysicalObject] add a object physicalObject.Electron@6aeb35e6 to the track Track (3.0)
2019-05-17 00:13:17 INFO  ElectronFactory             - [build] build an electron
2019-05-17 00:13:17 INFO  OrbitWithoutPosition        - [addPhysicalObject] add a object physicalObject.Electron@1283bb96 to the track Track (3.0)
2019-05-17 00:13:17 INFO  ElectronFactory             - [build] build an electron
2019-05-17 00:13:17 INFO  OrbitWithoutPosition        - [addPhysicalObject] add a object physicalObject.Electron@74f0ea28 to the track Track (3.0)
2019-05-17 00:13:17 INFO  ElectronFactory             - [build] build an electron
2019-05-17 00:13:17 INFO  OrbitWithoutPosition        - [addPhysicalObject] add a object physicalObject.Electron@f6efaab to the track Track (3.0)
2019-05-17 00:13:17 INFO  ElectronFactory             - [build] build an electron
2019-05-17 00:13:17 INFO  OrbitWithoutPosition        - [addPhysicalObject] add a object physicalObject.Electron@3c19aaa5 to the track Track (3.0)
2019-05-17 00:13:17 INFO  ElectronFactory             - [build] build an electron
2019-05-17 00:13:17 INFO  OrbitWithoutPosition        - [addPhysicalObject] add a object physicalObject.Electron@3349e9bb to the track Track (3.0)
2019-05-17 00:13:17 INFO  ElectronFactory             - [build] build an electron
2019-05-17 00:13:17 INFO  OrbitWithoutPosition        - [addPhysicalObject] add a object physicalObject.Electron@409bf450 to the track Track (3.0)
2019-05-17 00:13:17 INFO  ElectronFactory             - [build] build an electron
2019-05-17 00:13:17 INFO  OrbitWithoutPosition        - [addPhysicalObject] add a object physicalObject.Electron@38d8f54a to the track Track (3.0)
2019-05-17 00:13:17 INFO  ElectronFactory             - [build] build an electron
2019-05-17 00:13:17 INFO  OrbitWithoutPosition        - [addPhysicalObject] add a object physicalObject.Electron@49e53c76 to the track Track (3.0)
2019-05-17 00:13:17 INFO  ElectronFactory             - [build] build an electron
2019-05-17 00:13:17 INFO  OrbitWithoutPosition        - [addPhysicalObject] add a object physicalObject.Electron@351d00c0 to the track Track (3.0)
2019-05-17 00:13:17 INFO  ElectronFactory             - [build] build an electron
2019-05-17 00:13:17 INFO  OrbitWithoutPosition        - [addPhysicalObject] add a object physicalObject.Electron@2a3b5b47 to the track Track (3.0)
2019-05-17 00:13:17 INFO  ElectronFactory             - [build] build an electron
2019-05-17 00:13:17 INFO  OrbitWithoutPosition        - [addPhysicalObject] add a object physicalObject.Electron@55b699ef to the track Track (3.0)
2019-05-17 00:13:17 INFO  ElectronFactory             - [build] build an electron
2019-05-17 00:13:17 INFO  OrbitWithoutPosition        - [addPhysicalObject] add a object physicalObject.Electron@35d019a3 to the track Track (3.0)
2019-05-17 00:13:17 INFO  ElectronFactory             - [build] build an electron
2019-05-17 00:13:17 INFO  OrbitWithoutPosition        - [addPhysicalObject] add a object physicalObject.Electron@689604d9 to the track Track (3.0)
2019-05-17 00:13:17 INFO  ElectronFactory             - [build] build an electron
2019-05-17 00:13:17 INFO  OrbitWithoutPosition        - [addPhysicalObject] add a object physicalObject.Electron@18078bef to the track Track (3.0)
2019-05-17 00:13:17 INFO  ElectronFactory             - [build] build an electron
2019-05-17 00:13:17 INFO  OrbitWithoutPosition        - [addPhysicalObject] add a object physicalObject.Electron@799f10e1 to the track Track (3.0)
2019-05-17 00:13:17 INFO  ElectronFactory             - [build] build an electron
2019-05-17 00:13:17 INFO  OrbitWithoutPosition        - [addPhysicalObject] add a object physicalObject.Electron@4c371370 to the track Track (3.0)
2019-05-17 00:13:17 INFO  ElectronFactory             - [build] build an electron
2019-05-17 00:13:17 INFO  OrbitWithoutPosition        - [addPhysicalObject] add a object physicalObject.Electron@145f66e3 to the track Track (4.0)
2019-05-17 00:13:17 INFO  ElectronFactory             - [build] build an electron
2019-05-17 00:13:17 INFO  OrbitWithoutPosition        - [addPhysicalObject] add a object physicalObject.Electron@3023df74 to the track Track (4.0)
2019-05-17 00:13:17 INFO  ElectronFactory             - [build] build an electron
2019-05-17 00:13:17 INFO  OrbitWithoutPosition        - [addPhysicalObject] add a object physicalObject.Electron@313ac989 to the track Track (4.0)
2019-05-17 00:13:17 INFO  ElectronFactory             - [build] build an electron
2019-05-17 00:13:17 INFO  OrbitWithoutPosition        - [addPhysicalObject] add a object physicalObject.Electron@4562e04d to the track Track (4.0)
2019-05-17 00:13:17 INFO  ElectronFactory             - [build] build an electron
2019-05-17 00:13:17 INFO  OrbitWithoutPosition        - [addPhysicalObject] add a object physicalObject.Electron@2a65fe7c to the track Track (4.0)
2019-05-17 00:13:17 INFO  ElectronFactory             - [build] build an electron
2019-05-17 00:13:17 INFO  OrbitWithoutPosition        - [addPhysicalObject] add a object physicalObject.Electron@4135c3b to the track Track (4.0)
2019-05-17 00:13:17 INFO  ElectronFactory             - [build] build an electron
2019-05-17 00:13:17 INFO  OrbitWithoutPosition        - [addPhysicalObject] add a object physicalObject.Electron@6302bbb1 to the track Track (4.0)
2019-05-17 00:13:17 INFO  ElectronFactory             - [build] build an electron
2019-05-17 00:13:17 INFO  OrbitWithoutPosition        - [addPhysicalObject] add a object physicalObject.Electron@31304f14 to the track Track (4.0)
2019-05-17 00:13:17 INFO  ElectronFactory             - [build] build an electron
2019-05-17 00:13:17 INFO  OrbitWithoutPosition        - [addPhysicalObject] add a object physicalObject.Electron@34a3d150 to the track Track (5.0)
2019-05-17 00:13:17 INFO  AtomStructure               - [readFromFile] successfully build from configuration
2019-05-17 00:13:17 WARN  ConcreteCircularOrbit       - [getTrack] cannot find track with radius 6.0
2019-05-17 00:13:17 INFO  TrackFactory                - [build] build a track with radius 6.0
2019-05-17 00:13:17 INFO  ConcreteCircularOrbit       - [addTrack] add a track with radius 6.0
2019-05-17 00:13:17 INFO  OrbitWithoutPositionFactory - [buildAtomStructure] build a AtomStructure with file /Users/guoziyang/Desktop/SC_Lab4/Lab4-1170300520/src/applications/configurations/AtomicStructure.txt
2019-05-17 00:13:17 INFO  AtomStructure               - [readFromFile] Start read from configuration file AtomicStructure.txt
2019-05-17 00:13:17 INFO  AtomConfigurationReader     - [parseConfiguration] ElementName: Rb
2019-05-17 00:13:17 INFO  AtomConfigurationReader     - [parseConfiguration] NumberOfTracks: 5
2019-05-17 00:13:17 INFO  AtomConfigurationReader     - [parseConfiguration] NumberOfElectron: 1/2;2/8;3/18;4/8;5/1
2019-05-17 00:13:17 INFO  AtomicNucleusFactory        - [build] build the AtomicNucleus with name Rb
2019-05-17 00:13:17 INFO  ConcreteCircularOrbit       - [addCentralObject] add the central object AtomicNucleus (Rb)
2019-05-17 00:13:17 WARN  ConcreteCircularOrbit       - [getTrack] cannot find track with radius 1.0
2019-05-17 00:13:17 INFO  TrackFactory                - [build] build a track with radius 1.0
2019-05-17 00:13:17 INFO  ConcreteCircularOrbit       - [addTrack] add a track with radius 1.0
2019-05-17 00:13:17 WARN  ConcreteCircularOrbit       - [getTrack] cannot find track with radius 2.0
2019-05-17 00:13:17 INFO  TrackFactory                - [build] build a track with radius 2.0
2019-05-17 00:13:17 INFO  ConcreteCircularOrbit       - [addTrack] add a track with radius 2.0
2019-05-17 00:13:17 WARN  ConcreteCircularOrbit       - [getTrack] cannot find track with radius 3.0
2019-05-17 00:13:17 INFO  TrackFactory                - [build] build a track with radius 3.0
2019-05-17 00:13:17 INFO  ConcreteCircularOrbit       - [addTrack] add a track with radius 3.0
2019-05-17 00:13:17 WARN  ConcreteCircularOrbit       - [getTrack] cannot find track with radius 4.0
2019-05-17 00:13:17 INFO  TrackFactory                - [build] build a track with radius 4.0
2019-05-17 00:13:17 INFO  ConcreteCircularOrbit       - [addTrack] add a track with radius 4.0
2019-05-17 00:13:17 WARN  ConcreteCircularOrbit       - [getTrack] cannot find track with radius 5.0
2019-05-17 00:13:17 INFO  TrackFactory                - [build] build a track with radius 5.0
2019-05-17 00:13:17 INFO  ConcreteCircularOrbit       - [addTrack] add a track with radius 5.0
2019-05-17 00:13:17 INFO  ElectronFactory             - [build] build an electron
2019-05-17 00:13:17 INFO  OrbitWithoutPosition        - [addPhysicalObject] add a object physicalObject.Electron@7c7b252e to the track Track (1.0)
2019-05-17 00:13:17 INFO  ElectronFactory             - [build] build an electron
2019-05-17 00:13:17 INFO  OrbitWithoutPosition        - [addPhysicalObject] add a object physicalObject.Electron@4d5d943d to the track Track (1.0)
2019-05-17 00:13:17 INFO  ElectronFactory             - [build] build an electron
2019-05-17 00:13:17 INFO  OrbitWithoutPosition        - [addPhysicalObject] add a object physicalObject.Electron@368f2016 to the track Track (2.0)
2019-05-17 00:13:17 INFO  ElectronFactory             - [build] build an electron
2019-05-17 00:13:17 INFO  OrbitWithoutPosition        - [addPhysicalObject] add a object physicalObject.Electron@4c583ecf to the track Track (2.0)
2019-05-17 00:13:17 INFO  ElectronFactory             - [build] build an electron
2019-05-17 00:13:17 INFO  OrbitWithoutPosition        - [addPhysicalObject] add a object physicalObject.Electron@692f203f to the track Track (2.0)
2019-05-17 00:13:17 INFO  ElectronFactory             - [build] build an electron
2019-05-17 00:13:17 INFO  OrbitWithoutPosition        - [addPhysicalObject] add a object physicalObject.Electron@48f2bd5b to the track Track (2.0)
2019-05-17 00:13:17 INFO  ElectronFactory             - [build] build an electron
2019-05-17 00:13:17 INFO  OrbitWithoutPosition        - [addPhysicalObject] add a object physicalObject.Electron@7b2bbc3 to the track Track (2.0)
2019-05-17 00:13:17 INFO  ElectronFactory             - [build] build an electron
2019-05-17 00:13:17 INFO  OrbitWithoutPosition        - [addPhysicalObject] add a object physicalObject.Electron@a1153bc to the track Track (2.0)
2019-05-17 00:13:17 INFO  ElectronFactory             - [build] build an electron
2019-05-17 00:13:17 INFO  OrbitWithoutPosition        - [addPhysicalObject] add a object physicalObject.Electron@1aafa419 to the track Track (2.0)
2019-05-17 00:13:17 INFO  ElectronFactory             - [build] build an electron
2019-05-17 00:13:17 INFO  OrbitWithoutPosition        - [addPhysicalObject] add a object physicalObject.Electron@47eaca72 to the track Track (2.0)
2019-05-17 00:13:17 INFO  ElectronFactory             - [build] build an electron
2019-05-17 00:13:17 INFO  OrbitWithoutPosition        - [addPhysicalObject] add a object physicalObject.Electron@55141def to the track Track (3.0)
2019-05-17 00:13:17 INFO  ElectronFactory             - [build] build an electron
2019-05-17 00:13:17 INFO  OrbitWithoutPosition        - [addPhysicalObject] add a object physicalObject.Electron@55182842 to the track Track (3.0)
2019-05-17 00:13:17 INFO  ElectronFactory             - [build] build an electron
2019-05-17 00:13:17 INFO  OrbitWithoutPosition        - [addPhysicalObject] add a object physicalObject.Electron@3270d194 to the track Track (3.0)
2019-05-17 00:13:17 INFO  ElectronFactory             - [build] build an electron
2019-05-17 00:13:17 INFO  OrbitWithoutPosition        - [addPhysicalObject] add a object physicalObject.Electron@235834f2 to the track Track (3.0)
2019-05-17 00:13:17 INFO  ElectronFactory             - [build] build an electron
2019-05-17 00:13:17 INFO  OrbitWithoutPosition        - [addPhysicalObject] add a object physicalObject.Electron@5656be13 to the track Track (3.0)
2019-05-17 00:13:17 INFO  ElectronFactory             - [build] build an electron
2019-05-17 00:13:17 INFO  OrbitWithoutPosition        - [addPhysicalObject] add a object physicalObject.Electron@4218d6a3 to the track Track (3.0)
2019-05-17 00:13:17 INFO  ElectronFactory             - [build] build an electron
2019-05-17 00:13:17 INFO  OrbitWithoutPosition        - [addPhysicalObject] add a object physicalObject.Electron@76505305 to the track Track (3.0)
2019-05-17 00:13:17 INFO  ElectronFactory             - [build] build an electron
2019-05-17 00:13:17 INFO  OrbitWithoutPosition        - [addPhysicalObject] add a object physicalObject.Electron@14cd1699 to the track Track (3.0)
2019-05-17 00:13:17 INFO  ElectronFactory             - [build] build an electron
2019-05-17 00:13:17 INFO  OrbitWithoutPosition        - [addPhysicalObject] add a object physicalObject.Electron@77888435 to the track Track (3.0)
2019-05-17 00:13:17 INFO  ElectronFactory             - [build] build an electron
2019-05-17 00:13:17 INFO  OrbitWithoutPosition        - [addPhysicalObject] add a object physicalObject.Electron@73a1e9a9 to the track Track (3.0)
2019-05-17 00:13:17 INFO  ElectronFactory             - [build] build an electron
2019-05-17 00:13:17 INFO  OrbitWithoutPosition        - [addPhysicalObject] add a object physicalObject.Electron@71d44a3 to the track Track (3.0)
2019-05-17 00:13:17 INFO  ElectronFactory             - [build] build an electron
2019-05-17 00:13:17 INFO  OrbitWithoutPosition        - [addPhysicalObject] add a object physicalObject.Electron@7b98f307 to the track Track (3.0)
2019-05-17 00:13:17 INFO  ElectronFactory             - [build] build an electron
2019-05-17 00:13:17 INFO  OrbitWithoutPosition        - [addPhysicalObject] add a object physicalObject.Electron@4802796d to the track Track (3.0)
2019-05-17 00:13:17 INFO  ElectronFactory             - [build] build an electron
2019-05-17 00:13:17 INFO  OrbitWithoutPosition        - [addPhysicalObject] add a object physicalObject.Electron@34123d65 to the track Track (3.0)
2019-05-17 00:13:17 INFO  ElectronFactory             - [build] build an electron
2019-05-17 00:13:17 INFO  OrbitWithoutPosition        - [addPhysicalObject] add a object physicalObject.Electron@59474f18 to the track Track (3.0)
2019-05-17 00:13:17 INFO  ElectronFactory             - [build] build an electron
2019-05-17 00:13:17 INFO  OrbitWithoutPosition        - [addPhysicalObject] add a object physicalObject.Electron@65fb9ffc to the track Track (3.0)
2019-05-17 00:13:17 INFO  ElectronFactory             - [build] build an electron
2019-05-17 00:13:17 INFO  OrbitWithoutPosition        - [addPhysicalObject] add a object physicalObject.Electron@3e694b3f to the track Track (3.0)
2019-05-17 00:13:17 INFO  ElectronFactory             - [build] build an electron
2019-05-17 00:13:17 INFO  OrbitWithoutPosition        - [addPhysicalObject] add a object physicalObject.Electron@1bb5a082 to the track Track (3.0)
2019-05-17 00:13:17 INFO  ElectronFactory             - [build] build an electron
2019-05-17 00:13:17 INFO  OrbitWithoutPosition        - [addPhysicalObject] add a object physicalObject.Electron@78691363 to the track Track (4.0)
2019-05-17 00:13:17 INFO  ElectronFactory             - [build] build an electron
2019-05-17 00:13:17 INFO  OrbitWithoutPosition        - [addPhysicalObject] add a object physicalObject.Electron@41d477ed to the track Track (4.0)
2019-05-17 00:13:17 INFO  ElectronFactory             - [build] build an electron
2019-05-17 00:13:17 INFO  OrbitWithoutPosition        - [addPhysicalObject] add a object physicalObject.Electron@3590fc5b to the track Track (4.0)
2019-05-17 00:13:17 INFO  ElectronFactory             - [build] build an electron
2019-05-17 00:13:17 INFO  OrbitWithoutPosition        - [addPhysicalObject] add a object physicalObject.Electron@397fbdb to the track Track (4.0)
2019-05-17 00:13:17 INFO  ElectronFactory             - [build] build an electron
2019-05-17 00:13:17 INFO  OrbitWithoutPosition        - [addPhysicalObject] add a object physicalObject.Electron@33d512c1 to the track Track (4.0)
2019-05-17 00:13:17 INFO  ElectronFactory             - [build] build an electron
2019-05-17 00:13:17 INFO  OrbitWithoutPosition        - [addPhysicalObject] add a object physicalObject.Electron@515c6049 to the track Track (4.0)
2019-05-17 00:13:17 INFO  ElectronFactory             - [build] build an electron
2019-05-17 00:13:17 INFO  OrbitWithoutPosition        - [addPhysicalObject] add a object physicalObject.Electron@639c2c1d to the track Track (4.0)
2019-05-17 00:13:17 INFO  ElectronFactory             - [build] build an electron
2019-05-17 00:13:17 INFO  OrbitWithoutPosition        - [addPhysicalObject] add a object physicalObject.Electron@5fe94a96 to the track Track (4.0)
2019-05-17 00:13:17 INFO  ElectronFactory             - [build] build an electron
2019-05-17 00:13:17 INFO  OrbitWithoutPosition        - [addPhysicalObject] add a object physicalObject.Electron@443118b0 to the track Track (5.0)
2019-05-17 00:13:17 INFO  AtomStructure               - [readFromFile] successfully build from configuration
2019-05-17 00:13:17 INFO  ElectronFactory             - [build] build an electron
2019-05-17 00:13:17 INFO  ElectronFactory             - [build] build an electron
2019-05-17 00:13:17 INFO  OrbitWithoutPosition        - [addPhysicalObject] add a object physicalObject.Electron@765d7657 to the track Track (3.0)
2019-05-17 00:13:17 INFO  OrbitWithoutPosition        - [addPhysicalObject] add a object physicalObject.Electron@74235045 to the track Track (5.0)
2019-05-17 00:13:17 INFO  ConcreteCircularOrbit       - [addRelation] add physical relation between physicalObject.Electron@765d7657 and physicalObject.Electron@74235045 with value 6.0
2019-05-17 00:13:17 INFO  OrbitWithPositionFactory    - [buildStellarSystem] Build a stellar system with file /Users/guoziyang/Desktop/SC_Lab4/Lab4-1170300520/src/applications/configurations/StellarSystem.txt
2019-05-17 00:13:17 INFO  StellarConfigurationReader  - [parseConfiguration] Stellar: Sun,6.96392e5,1.9885e30
2019-05-17 00:13:17 INFO  StellarFactory              - [build] Create a stellar with name Sun, radius 696392.0, weight 1.9885E30
2019-05-17 00:13:17 INFO  StellarConfigurationReader  - [parseConfiguration] Planet: Earth,Solid,Blue,6378.137,1.49e8,29.783,CW,0
2019-05-17 00:13:17 INFO  PlanetFactory               - [build] Build a planet with name Earth, state Solid, color Blue, radius 6378.137, trackRadius 1.49E8, speed 1.1452618800255912E-5, clockwise true, startAngle 0.0
2019-05-17 00:13:17 INFO  StellarConfigurationReader  - [parseConfiguration] Planet: Mercury,Solid,Dark,1378.137,1.49e7,69,CW,20.085
2019-05-17 00:13:17 INFO  PlanetFactory               - [build] Build a planet with name Mercury, state Solid, color Dark, radius 1378.137, trackRadius 1.49E7, speed 2.6532944875185774E-4, clockwise true, startAngle 20.085
2019-05-17 00:13:17 INFO  StellarConfigurationReader  - [parseConfiguration] Planet: Saturn,Liquid,Red,2378,1.49e6,2.33e5,CCW,39.21
2019-05-17 00:13:17 INFO  PlanetFactory               - [build] Build a planet with name Saturn, state Liquid, color Red, radius 2378.0, trackRadius 1490000.0, speed 8.95967558828737, clockwise false, startAngle 39.21
2019-05-17 00:13:17 INFO  StellarConfigurationReader  - [parseConfiguration] Planet: Jupiter,Gas,Blue,1637.007,2e8,30,CW,70
2019-05-17 00:13:17 INFO  PlanetFactory               - [build] Build a planet with name Jupiter, state Gas, color Blue, radius 1637.007, trackRadius 2.0E8, speed 8.59436692696235E-6, clockwise true, startAngle 70.0
2019-05-17 00:13:17 INFO  StellarConfigurationReader  - [parseConfiguration] Planet: Mars,Silid,Red,637.137,9.99e10,1000.93,CCW,110
2019-05-17 00:13:17 INFO  PlanetFactory               - [build] Build a planet with name Mars, state Silid, color Red, radius 637.137, trackRadius 9.99E10, speed 5.740647105908857E-7, clockwise false, startAngle 110.0
2019-05-17 00:13:17 INFO  StellarConfigurationReader  - [parseConfiguration] Planet: Neptune,Liquid,Yellow,6627.137,1.49e5,9293.05,CCW,360
2019-05-17 00:13:17 INFO  PlanetFactory               - [build] Build a planet with name Neptune, state Liquid, color Yellow, radius 6627.137, trackRadius 149000.0, speed 3.5735070053963063, clockwise false, startAngle 360.0
2019-05-17 00:13:17 INFO  StellarConfigurationReader  - [parseConfiguration] Planet: Uranus,Gas,Blue,637.137,1.49e11,1e5,CW,359
2019-05-17 00:13:17 INFO  PlanetFactory               - [build] Build a planet with name Uranus, state Gas, color Blue, radius 637.137, trackRadius 1.49E11, speed 3.845354329737069E-5, clockwise true, startAngle 359.0
2019-05-17 00:13:17 INFO  StellarConfigurationReader  - [parseConfiguration] Planet: Venus,Solid,Red,6378.137,1.49e20,203.24,CCW,181.23
2019-05-17 00:13:17 INFO  PlanetFactory               - [build] Build a planet with name Venus, state Solid, color Red, radius 6378.137, trackRadius 1.49E20, speed 7.81529813975762E-17, clockwise false, startAngle 181.23
2019-05-17 00:13:17 INFO  ConcreteCircularOrbit       - [addCentralObject] add the central object Stellar (Sun)
2019-05-17 00:13:17 WARN  ConcreteCircularOrbit       - [getTrack] cannot find track with radius 1490000.0
2019-05-17 00:13:17 WARN  ConcreteCircularOrbit       - [getTrack] cannot find track with radius 1490000.0
2019-05-17 00:13:17 INFO  TrackFactory                - [build] build a track with radius 1490000.0
2019-05-17 00:13:17 INFO  ConcreteCircularOrbit       - [addTrack] add a track with radius 1490000.0
2019-05-17 00:13:17 INFO  OrbitWithPosition           - [addPhysicalObject] add a object Saturn to the track Track (1490000.0)
2019-05-17 00:13:17 WARN  ConcreteCircularOrbit       - [getTrack] cannot find track with radius 2.0E8
2019-05-17 00:13:17 WARN  ConcreteCircularOrbit       - [getTrack] cannot find track with radius 2.0E8
2019-05-17 00:13:17 INFO  TrackFactory                - [build] build a track with radius 2.0E8
2019-05-17 00:13:17 INFO  ConcreteCircularOrbit       - [addTrack] add a track with radius 2.0E8
2019-05-17 00:13:17 INFO  OrbitWithPosition           - [addPhysicalObject] add a object Jupiter to the track Track (2.0E8)
2019-05-17 00:13:17 WARN  ConcreteCircularOrbit       - [getTrack] cannot find track with radius 1.49E8
2019-05-17 00:13:17 WARN  ConcreteCircularOrbit       - [getTrack] cannot find track with radius 1.49E8
2019-05-17 00:13:17 INFO  TrackFactory                - [build] build a track with radius 1.49E8
2019-05-17 00:13:17 INFO  ConcreteCircularOrbit       - [addTrack] add a track with radius 1.49E8
2019-05-17 00:13:17 INFO  OrbitWithPosition           - [addPhysicalObject] add a object Earth to the track Track (1.49E8)
2019-05-17 00:13:17 WARN  ConcreteCircularOrbit       - [getTrack] cannot find track with radius 149000.0
2019-05-17 00:13:17 WARN  ConcreteCircularOrbit       - [getTrack] cannot find track with radius 149000.0
2019-05-17 00:13:17 INFO  TrackFactory                - [build] build a track with radius 149000.0
2019-05-17 00:13:17 INFO  ConcreteCircularOrbit       - [addTrack] add a track with radius 149000.0
2019-05-17 00:13:17 INFO  OrbitWithPosition           - [addPhysicalObject] add a object Neptune to the track Track (149000.0)
2019-05-17 00:13:17 WARN  ConcreteCircularOrbit       - [getTrack] cannot find track with radius 1.49E20
2019-05-17 00:13:17 WARN  ConcreteCircularOrbit       - [getTrack] cannot find track with radius 1.49E20
2019-05-17 00:13:17 INFO  TrackFactory                - [build] build a track with radius 1.49E20
2019-05-17 00:13:17 INFO  ConcreteCircularOrbit       - [addTrack] add a track with radius 1.49E20
2019-05-17 00:13:17 INFO  OrbitWithPosition           - [addPhysicalObject] add a object Venus to the track Track (1.49E20)
2019-05-17 00:13:17 WARN  ConcreteCircularOrbit       - [getTrack] cannot find track with radius 9.99E10
2019-05-17 00:13:17 WARN  ConcreteCircularOrbit       - [getTrack] cannot find track with radius 9.99E10
2019-05-17 00:13:17 INFO  TrackFactory                - [build] build a track with radius 9.99E10
2019-05-17 00:13:17 INFO  ConcreteCircularOrbit       - [addTrack] add a track with radius 9.99E10
2019-05-17 00:13:17 INFO  OrbitWithPosition           - [addPhysicalObject] add a object Mars to the track Track (9.99E10)
2019-05-17 00:13:17 WARN  ConcreteCircularOrbit       - [getTrack] cannot find track with radius 1.49E7
2019-05-17 00:13:17 WARN  ConcreteCircularOrbit       - [getTrack] cannot find track with radius 1.49E7
2019-05-17 00:13:17 INFO  TrackFactory                - [build] build a track with radius 1.49E7
2019-05-17 00:13:17 INFO  ConcreteCircularOrbit       - [addTrack] add a track with radius 1.49E7
2019-05-17 00:13:17 INFO  OrbitWithPosition           - [addPhysicalObject] add a object Mercury to the track Track (1.49E7)
2019-05-17 00:13:17 WARN  ConcreteCircularOrbit       - [getTrack] cannot find track with radius 1.49E11
2019-05-17 00:13:17 WARN  ConcreteCircularOrbit       - [getTrack] cannot find track with radius 1.49E11
2019-05-17 00:13:17 INFO  TrackFactory                - [build] build a track with radius 1.49E11
2019-05-17 00:13:17 INFO  ConcreteCircularOrbit       - [addTrack] add a track with radius 1.49E11
2019-05-17 00:13:17 INFO  OrbitWithPosition           - [addPhysicalObject] add a object Uranus to the track Track (1.49E11)
2019-05-17 00:13:17 INFO  OrbitWithPosition           - [move] move the object Earth on the track Track (1.49E8) to 120.0
2019-05-17 00:13:17 INFO  OrbitWithoutPositionFactory - [buildAtomStructure] build a AtomStructure with name Te
2019-05-17 00:13:17 INFO  AtomicNucleusFactory        - [build] build the AtomicNucleus with name Te
2019-05-17 00:13:17 INFO  ConcreteCircularOrbit       - [addCentralObject] add the central object AtomicNucleus (Te)
2019-05-17 00:13:17 INFO  ElectronFactory             - [build] build an electron
2019-05-17 00:13:17 INFO  ElectronFactory             - [build] build an electron
2019-05-17 00:13:17 WARN  ConcreteCircularOrbit       - [getTrack] cannot find track with radius 1.0
2019-05-17 00:13:17 INFO  TrackFactory                - [build] build a track with radius 1.0
2019-05-17 00:13:17 INFO  ConcreteCircularOrbit       - [addTrack] add a track with radius 1.0
2019-05-17 00:13:17 WARN  ConcreteCircularOrbit       - [getTrack] cannot find track with radius 2.0
2019-05-17 00:13:17 INFO  TrackFactory                - [build] build a track with radius 2.0
2019-05-17 00:13:17 INFO  ConcreteCircularOrbit       - [addTrack] add a track with radius 2.0
2019-05-17 00:13:17 INFO  OrbitWithoutPosition        - [addPhysicalObject] add a object physicalObject.Electron@7c7a06ec to the track Track (1.0)
2019-05-17 00:13:17 INFO  OrbitWithoutPosition        - [addPhysicalObject] add a object physicalObject.Electron@75d4a5c2 to the track Track (2.0)
2019-05-17 00:13:17 INFO  OrbitWithoutPosition        - [transit] transit object physicalObject.Electron@75d4a5c2 from track Track (2.0) to track Track (1.0)
2019-05-17 00:13:17 INFO  AppConfigurationReader      - [parseConfiguration] User: TimWong
2019-05-17 00:13:17 INFO  UserFactory                 - [build] Create a user with name TimWong
2019-05-17 00:13:17 INFO  AppConfigurationReader      - [parseConfiguration] InstallLog: 2019-01-01,13:00:00,Wechat
2019-05-17 00:13:17 INFO  AppConfigurationReader      - [parseConfiguration] InstallLog: 2019-01-01,13:19:28,Eleme
2019-05-17 00:13:17 INFO  AppConfigurationReader      - [parseConfiguration] InstallLog: 2019-01-01,13:29:28,Didi
2019-05-17 00:13:17 INFO  AppConfigurationReader      - [parseConfiguration] InstallLog: 2019-01-02,12:59:28,QQ
2019-05-17 00:13:17 INFO  AppConfigurationReader      - [parseConfiguration] InstallLog: 2019-01-02,13:01:01,Weibo
2019-05-17 00:13:17 INFO  AppConfigurationReader      - [parseConfiguration] InstallLog: 2019-01-02,13:19:30,BaiduMap
2019-05-17 00:13:17 INFO  AppConfigurationReader      - [parseConfiguration] uninstallLog: 2019-01-02,12:00:28,Eleme
2019-05-17 00:13:17 INFO  AppConfigurationReader      - [parseConfiguration] uninstallLog: 2019-01-02,13:00:28,Didi
2019-05-17 00:13:17 INFO  AppConfigurationReader      - [parseConfiguration] UsageLog: 2019-01-01,15:00:00,Wechat,2
2019-05-17 00:13:17 INFO  AppConfigurationReader      - [parseConfiguration] UsageLog: 2019-01-01,16:00:00,Wechat,30
2019-05-17 00:13:17 INFO  AppConfigurationReader      - [parseConfiguration] UsageLog: 2019-01-01,17:00:00,Wechat,18
2019-05-17 00:13:17 INFO  AppConfigurationReader      - [parseConfiguration] UsageLog: 2019-01-01,18:00:00,Wechat,5
2019-05-17 00:13:17 INFO  AppConfigurationReader      - [parseConfiguration] UsageLog: 2019-01-01,15:30:00,Eleme,10
2019-05-17 00:13:17 INFO  AppConfigurationReader      - [parseConfiguration] UsageLog: 2019-01-02,08:30:00,Eleme,8
2019-05-17 00:13:17 INFO  AppConfigurationReader      - [parseConfiguration] UsageLog: 2019-01-01,23:40:59,Eleme,20
2019-05-17 00:13:17 INFO  AppConfigurationReader      - [parseConfiguration] UsageLog: 2019-01-02,15:00:00,QQ,20
2019-05-17 00:13:17 INFO  AppConfigurationReader      - [parseConfiguration] UsageLog: 2019-01-02,16:00:00,QQ,3
2019-05-17 00:13:17 INFO  AppConfigurationReader      - [parseConfiguration] UsageLog: 2019-01-02,15:30:00,Wechat,1
2019-05-17 00:13:17 INFO  AppConfigurationReader      - [parseConfiguration] UsageLog: 2019-01-03,11:00:00,Weibo,10
2019-05-17 00:13:17 INFO  AppConfigurationReader      - [parseConfiguration] UsageLog: 2019-01-03,09:00:00,BaiduMap,400
2019-05-17 00:13:17 INFO  AppConfigurationReader      - [parseConfiguration] App: Wechat,Tencent,13.2,"The most popular social networking App in China","Social network"
2019-05-17 00:13:17 INFO  AppFactory                  - [build] build an app with name Wechat
2019-05-17 00:13:17 INFO  AppConfigurationReader      - [parseConfiguration] App: QQ,Tencent,29.2,"The second popular social networking App in China","Social network"
2019-05-17 00:13:17 INFO  AppFactory                  - [build] build an app with name QQ
2019-05-17 00:13:17 INFO  AppConfigurationReader      - [parseConfiguration] App: Weibo,Sina,v0.2.3.4,"The third popular social networking App in China","Social network"
2019-05-17 00:13:17 INFO  AppFactory                  - [build] build an app with name Weibo
2019-05-17 00:13:17 INFO  AppConfigurationReader      - [parseConfiguration] App: Didi,Didi,ver03.32,"The most popular car sharing App in China","Travel"
2019-05-17 00:13:17 INFO  AppFactory                  - [build] build an app with name Didi
2019-05-17 00:13:17 INFO  AppConfigurationReader      - [parseConfiguration] App: Eleme,Eleme,20V0.03,"The most popular online food ordering App in China","Food"
2019-05-17 00:13:17 INFO  AppFactory                  - [build] build an app with name Eleme
2019-05-17 00:13:17 INFO  AppConfigurationReader      - [parseConfiguration] App: BaiduMap,Baidu,2.9000000.20v03,"The most popular map App in China","Travel"
2019-05-17 00:13:17 INFO  AppFactory                  - [build] build an app with name BaiduMap
2019-05-17 00:13:17 INFO  AppConfigurationReader      - [parseConfiguration] Period: Day
2019-05-17 00:13:17 INFO  AppConfigurationReader      - [parseConfiguration] Relation: Wechat,QQ
2019-05-17 00:13:17 INFO  AppConfigurationReader      - [parseConfiguration] Relation: Wechat,Eleme
2019-05-17 00:13:17 INFO  AppConfigurationReader      - [parseConfiguration] Relation: Didi,BaiduMap
2019-05-17 00:13:17 INFO  AppConfigurationReader      - [parseConfiguration] Relation: QQ,Weibo
2019-05-17 00:13:17 INFO  AtomConfigurationReader     - [parseConfiguration] ElementName: Rb
2019-05-17 00:13:17 INFO  AtomConfigurationReader     - [parseConfiguration] NumberOfTracks: 5
2019-05-17 00:13:17 INFO  AtomConfigurationReader     - [parseConfiguration] NumberOfElectron: 1/2;2/8;3/18;4/8;5/1
2019-05-17 00:13:17 INFO  AtomConfigurationReader     - [parseConfiguration] ElementName: Rb
2019-05-17 00:13:17 INFO  AtomConfigurationReader     - [parseConfiguration] NumberOfTracks: 5
2019-05-17 00:13:17 INFO  AtomConfigurationReader     - [parseConfiguration] NumberOfElectron: 1/2;2/8;3/18;4/8;5/1
2019-05-17 00:13:17 ERROR AtomConfigurationReader     - [parseConfiguration] Invalid label 'Something'
configuration.Exception.ConfigurationSyntaxException: 
Configuration Syntax error: Invalid label 'Something' at line 4
File: AtomicStructure_UnknownLabel.txt
	at configuration.AtomConfigurationReader.parseConfiguration(AtomConfigurationReader.java:102) [Lab4-1170300520/:?]
	at configuration.ConfigurationReader.readFile(ConfigurationReader.java:47) [Lab4-1170300520/:?]
	at configuration.AtomConfigurationReader.readFile(AtomConfigurationReader.java:41) [Lab4-1170300520/:?]
	at configuration.AtomicStructureException.unknownLabel(AtomicStructureException.java:47) [Lab4-1170300520/:?]
	at sun.reflect.NativeMethodAccessorImpl.invoke0(Native Method) ~[?:1.8.0_211]
	at sun.reflect.NativeMethodAccessorImpl.invoke(NativeMethodAccessorImpl.java:62) ~[?:1.8.0_211]
	at sun.reflect.DelegatingMethodAccessorImpl.invoke(DelegatingMethodAccessorImpl.java:43) ~[?:1.8.0_211]
	at java.lang.reflect.Method.invoke(Method.java:498) ~[?:1.8.0_211]
	at org.junit.runners.model.FrameworkMethod$1.runReflectiveCall(FrameworkMethod.java:50) [junit.jar:4.12]
	at org.junit.internal.runners.model.ReflectiveCallable.run(ReflectiveCallable.java:12) [junit.jar:4.12]
	at org.junit.runners.model.FrameworkMethod.invokeExplosively(FrameworkMethod.java:47) [junit.jar:4.12]
	at org.junit.internal.runners.statements.InvokeMethod.evaluate(InvokeMethod.java:17) [junit.jar:4.12]
	at org.junit.internal.runners.statements.ExpectException.evaluate(ExpectException.java:19) [junit.jar:4.12]
	at org.junit.runners.ParentRunner.runLeaf(ParentRunner.java:325) [junit.jar:4.12]
	at org.junit.runners.BlockJUnit4ClassRunner.runChild(BlockJUnit4ClassRunner.java:78) [junit.jar:4.12]
	at org.junit.runners.BlockJUnit4ClassRunner.runChild(BlockJUnit4ClassRunner.java:57) [junit.jar:4.12]
	at org.junit.runners.ParentRunner$3.run(ParentRunner.java:290) [junit.jar:4.12]
	at org.junit.runners.ParentRunner$1.schedule(ParentRunner.java:71) [junit.jar:4.12]
	at org.junit.runners.ParentRunner.runChildren(ParentRunner.java:288) [junit.jar:4.12]
	at org.junit.runners.ParentRunner.access$000(ParentRunner.java:58) [junit.jar:4.12]
	at org.junit.runners.ParentRunner$2.evaluate(ParentRunner.java:268) [junit.jar:4.12]
	at org.junit.runners.ParentRunner.run(ParentRunner.java:363) [junit.jar:4.12]
	at org.junit.runners.Suite.runChild(Suite.java:128) [junit.jar:4.12]
	at org.junit.runners.Suite.runChild(Suite.java:27) [junit.jar:4.12]
	at org.junit.runners.ParentRunner$3.run(ParentRunner.java:290) [junit.jar:4.12]
	at org.junit.runners.ParentRunner$1.schedule(ParentRunner.java:71) [junit.jar:4.12]
	at org.junit.runners.ParentRunner.runChildren(ParentRunner.java:288) [junit.jar:4.12]
	at org.junit.runners.ParentRunner.access$000(ParentRunner.java:58) [junit.jar:4.12]
	at org.junit.runners.ParentRunner$2.evaluate(ParentRunner.java:268) [junit.jar:4.12]
	at org.junit.runners.ParentRunner.run(ParentRunner.java:363) [junit.jar:4.12]
	at org.junit.runner.JUnitCore.run(JUnitCore.java:137) [junit.jar:4.12]
	at com.intellij.junit4.JUnit4IdeaTestRunner.startRunnerWithArgs(JUnit4IdeaTestRunner.java:68) [junit-rt.jar:?]
	at com.intellij.rt.execution.junit.IdeaTestRunner$Repeater.startRunnerWithArgs(IdeaTestRunner.java:47) [junit-rt.jar:?]
	at com.intellij.rt.execution.junit.JUnitStarter.prepareStreamsAndStart(JUnitStarter.java:242) [junit-rt.jar:?]
	at com.intellij.rt.execution.junit.JUnitStarter.main(JUnitStarter.java:70) [junit-rt.jar:?]
2019-05-17 00:13:17 INFO  AtomConfigurationReader     - [parseConfiguration] ElementName: Rb
2019-05-17 00:13:17 ERROR AtomConfigurationReader     - [parseConfiguration] Duplicate element name label
configuration.Exception.ConfigurationLabelException: 
Conflict Label Found: Duplicate element name label at line 2
File: AtomicStructure_DuplicateName.txt
	at configuration.AtomConfigurationReader.parseConfiguration(AtomConfigurationReader.java:57) [Lab4-1170300520/:?]
	at configuration.ConfigurationReader.readFile(ConfigurationReader.java:47) [Lab4-1170300520/:?]
	at configuration.AtomConfigurationReader.readFile(AtomConfigurationReader.java:41) [Lab4-1170300520/:?]
	at configuration.AtomicStructureException.duplicateName(AtomicStructureException.java:23) [Lab4-1170300520/:?]
	at sun.reflect.NativeMethodAccessorImpl.invoke0(Native Method) ~[?:1.8.0_211]
	at sun.reflect.NativeMethodAccessorImpl.invoke(NativeMethodAccessorImpl.java:62) ~[?:1.8.0_211]
	at sun.reflect.DelegatingMethodAccessorImpl.invoke(DelegatingMethodAccessorImpl.java:43) ~[?:1.8.0_211]
	at java.lang.reflect.Method.invoke(Method.java:498) ~[?:1.8.0_211]
	at org.junit.runners.model.FrameworkMethod$1.runReflectiveCall(FrameworkMethod.java:50) [junit.jar:4.12]
	at org.junit.internal.runners.model.ReflectiveCallable.run(ReflectiveCallable.java:12) [junit.jar:4.12]
	at org.junit.runners.model.FrameworkMethod.invokeExplosively(FrameworkMethod.java:47) [junit.jar:4.12]
	at org.junit.internal.runners.statements.InvokeMethod.evaluate(InvokeMethod.java:17) [junit.jar:4.12]
	at org.junit.internal.runners.statements.ExpectException.evaluate(ExpectException.java:19) [junit.jar:4.12]
	at org.junit.runners.ParentRunner.runLeaf(ParentRunner.java:325) [junit.jar:4.12]
	at org.junit.runners.BlockJUnit4ClassRunner.runChild(BlockJUnit4ClassRunner.java:78) [junit.jar:4.12]
	at org.junit.runners.BlockJUnit4ClassRunner.runChild(BlockJUnit4ClassRunner.java:57) [junit.jar:4.12]
	at org.junit.runners.ParentRunner$3.run(ParentRunner.java:290) [junit.jar:4.12]
	at org.junit.runners.ParentRunner$1.schedule(ParentRunner.java:71) [junit.jar:4.12]
	at org.junit.runners.ParentRunner.runChildren(ParentRunner.java:288) [junit.jar:4.12]
	at org.junit.runners.ParentRunner.access$000(ParentRunner.java:58) [junit.jar:4.12]
	at org.junit.runners.ParentRunner$2.evaluate(ParentRunner.java:268) [junit.jar:4.12]
	at org.junit.runners.ParentRunner.run(ParentRunner.java:363) [junit.jar:4.12]
	at org.junit.runners.Suite.runChild(Suite.java:128) [junit.jar:4.12]
	at org.junit.runners.Suite.runChild(Suite.java:27) [junit.jar:4.12]
	at org.junit.runners.ParentRunner$3.run(ParentRunner.java:290) [junit.jar:4.12]
	at org.junit.runners.ParentRunner$1.schedule(ParentRunner.java:71) [junit.jar:4.12]
	at org.junit.runners.ParentRunner.runChildren(ParentRunner.java:288) [junit.jar:4.12]
	at org.junit.runners.ParentRunner.access$000(ParentRunner.java:58) [junit.jar:4.12]
	at org.junit.runners.ParentRunner$2.evaluate(ParentRunner.java:268) [junit.jar:4.12]
	at org.junit.runners.ParentRunner.run(ParentRunner.java:363) [junit.jar:4.12]
	at org.junit.runner.JUnitCore.run(JUnitCore.java:137) [junit.jar:4.12]
	at com.intellij.junit4.JUnit4IdeaTestRunner.startRunnerWithArgs(JUnit4IdeaTestRunner.java:68) [junit-rt.jar:?]
	at com.intellij.rt.execution.junit.IdeaTestRunner$Repeater.startRunnerWithArgs(IdeaTestRunner.java:47) [junit-rt.jar:?]
	at com.intellij.rt.execution.junit.JUnitStarter.prepareStreamsAndStart(JUnitStarter.java:242) [junit-rt.jar:?]
	at com.intellij.rt.execution.junit.JUnitStarter.main(JUnitStarter.java:70) [junit-rt.jar:?]
2019-05-17 00:13:17 ERROR AtomConfigurationReader     - [parseConfiguration] Wrong format of element name
configuration.Exception.ConfigurationSyntaxException: 
Configuration Syntax error: Wrong format of element name at line 1
File: AtomicStructure_NameFormat.txt
	at configuration.AtomConfigurationReader.parseConfiguration(AtomConfigurationReader.java:68) [Lab4-1170300520/:?]
	at configuration.ConfigurationReader.readFile(ConfigurationReader.java:47) [Lab4-1170300520/:?]
	at configuration.AtomConfigurationReader.readFile(AtomConfigurationReader.java:41) [Lab4-1170300520/:?]
	at configuration.AtomicStructureException.nameFormat(AtomicStructureException.java:29) [Lab4-1170300520/:?]
	at sun.reflect.NativeMethodAccessorImpl.invoke0(Native Method) ~[?:1.8.0_211]
	at sun.reflect.NativeMethodAccessorImpl.invoke(NativeMethodAccessorImpl.java:62) ~[?:1.8.0_211]
	at sun.reflect.DelegatingMethodAccessorImpl.invoke(DelegatingMethodAccessorImpl.java:43) ~[?:1.8.0_211]
	at java.lang.reflect.Method.invoke(Method.java:498) ~[?:1.8.0_211]
	at org.junit.runners.model.FrameworkMethod$1.runReflectiveCall(FrameworkMethod.java:50) [junit.jar:4.12]
	at org.junit.internal.runners.model.ReflectiveCallable.run(ReflectiveCallable.java:12) [junit.jar:4.12]
	at org.junit.runners.model.FrameworkMethod.invokeExplosively(FrameworkMethod.java:47) [junit.jar:4.12]
	at org.junit.internal.runners.statements.InvokeMethod.evaluate(InvokeMethod.java:17) [junit.jar:4.12]
	at org.junit.internal.runners.statements.ExpectException.evaluate(ExpectException.java:19) [junit.jar:4.12]
	at org.junit.runners.ParentRunner.runLeaf(ParentRunner.java:325) [junit.jar:4.12]
	at org.junit.runners.BlockJUnit4ClassRunner.runChild(BlockJUnit4ClassRunner.java:78) [junit.jar:4.12]
	at org.junit.runners.BlockJUnit4ClassRunner.runChild(BlockJUnit4ClassRunner.java:57) [junit.jar:4.12]
	at org.junit.runners.ParentRunner$3.run(ParentRunner.java:290) [junit.jar:4.12]
	at org.junit.runners.ParentRunner$1.schedule(ParentRunner.java:71) [junit.jar:4.12]
	at org.junit.runners.ParentRunner.runChildren(ParentRunner.java:288) [junit.jar:4.12]
	at org.junit.runners.ParentRunner.access$000(ParentRunner.java:58) [junit.jar:4.12]
	at org.junit.runners.ParentRunner$2.evaluate(ParentRunner.java:268) [junit.jar:4.12]
	at org.junit.runners.ParentRunner.run(ParentRunner.java:363) [junit.jar:4.12]
	at org.junit.runners.Suite.runChild(Suite.java:128) [junit.jar:4.12]
	at org.junit.runners.Suite.runChild(Suite.java:27) [junit.jar:4.12]
	at org.junit.runners.ParentRunner$3.run(ParentRunner.java:290) [junit.jar:4.12]
	at org.junit.runners.ParentRunner$1.schedule(ParentRunner.java:71) [junit.jar:4.12]
	at org.junit.runners.ParentRunner.runChildren(ParentRunner.java:288) [junit.jar:4.12]
	at org.junit.runners.ParentRunner.access$000(ParentRunner.java:58) [junit.jar:4.12]
	at org.junit.runners.ParentRunner$2.evaluate(ParentRunner.java:268) [junit.jar:4.12]
	at org.junit.runners.ParentRunner.run(ParentRunner.java:363) [junit.jar:4.12]
	at org.junit.runner.JUnitCore.run(JUnitCore.java:137) [junit.jar:4.12]
	at com.intellij.junit4.JUnit4IdeaTestRunner.startRunnerWithArgs(JUnit4IdeaTestRunner.java:68) [junit-rt.jar:?]
	at com.intellij.rt.execution.junit.IdeaTestRunner$Repeater.startRunnerWithArgs(IdeaTestRunner.java:47) [junit-rt.jar:?]
	at com.intellij.rt.execution.junit.JUnitStarter.prepareStreamsAndStart(JUnitStarter.java:242) [junit-rt.jar:?]
	at com.intellij.rt.execution.junit.JUnitStarter.main(JUnitStarter.java:70) [junit-rt.jar:?]
2019-05-17 00:13:17 INFO  AtomConfigurationReader     - [parseConfiguration] ElementName: Rb
2019-05-17 00:13:17 ERROR AtomConfigurationReader     - [parseConfiguration] Wrong format of tracks number
configuration.Exception.ConfigurationSyntaxException: 
Configuration Syntax error: Wrong format of tracks number at line 2
File: AtomicStructure_NumberFormat.txt
	at configuration.AtomConfigurationReader.parseConfiguration(AtomConfigurationReader.java:80) [Lab4-1170300520/:?]
	at configuration.ConfigurationReader.readFile(ConfigurationReader.java:47) [Lab4-1170300520/:?]
	at configuration.AtomConfigurationReader.readFile(AtomConfigurationReader.java:41) [Lab4-1170300520/:?]
	at configuration.AtomicStructureException.numberFormat(AtomicStructureException.java:35) [Lab4-1170300520/:?]
	at sun.reflect.NativeMethodAccessorImpl.invoke0(Native Method) ~[?:1.8.0_211]
	at sun.reflect.NativeMethodAccessorImpl.invoke(NativeMethodAccessorImpl.java:62) ~[?:1.8.0_211]
	at sun.reflect.DelegatingMethodAccessorImpl.invoke(DelegatingMethodAccessorImpl.java:43) ~[?:1.8.0_211]
	at java.lang.reflect.Method.invoke(Method.java:498) ~[?:1.8.0_211]
	at org.junit.runners.model.FrameworkMethod$1.runReflectiveCall(FrameworkMethod.java:50) [junit.jar:4.12]
	at org.junit.internal.runners.model.ReflectiveCallable.run(ReflectiveCallable.java:12) [junit.jar:4.12]
	at org.junit.runners.model.FrameworkMethod.invokeExplosively(FrameworkMethod.java:47) [junit.jar:4.12]
	at org.junit.internal.runners.statements.InvokeMethod.evaluate(InvokeMethod.java:17) [junit.jar:4.12]
	at org.junit.internal.runners.statements.ExpectException.evaluate(ExpectException.java:19) [junit.jar:4.12]
	at org.junit.runners.ParentRunner.runLeaf(ParentRunner.java:325) [junit.jar:4.12]
	at org.junit.runners.BlockJUnit4ClassRunner.runChild(BlockJUnit4ClassRunner.java:78) [junit.jar:4.12]
	at org.junit.runners.BlockJUnit4ClassRunner.runChild(BlockJUnit4ClassRunner.java:57) [junit.jar:4.12]
	at org.junit.runners.ParentRunner$3.run(ParentRunner.java:290) [junit.jar:4.12]
	at org.junit.runners.ParentRunner$1.schedule(ParentRunner.java:71) [junit.jar:4.12]
	at org.junit.runners.ParentRunner.runChildren(ParentRunner.java:288) [junit.jar:4.12]
	at org.junit.runners.ParentRunner.access$000(ParentRunner.java:58) [junit.jar:4.12]
	at org.junit.runners.ParentRunner$2.evaluate(ParentRunner.java:268) [junit.jar:4.12]
	at org.junit.runners.ParentRunner.run(ParentRunner.java:363) [junit.jar:4.12]
	at org.junit.runners.Suite.runChild(Suite.java:128) [junit.jar:4.12]
	at org.junit.runners.Suite.runChild(Suite.java:27) [junit.jar:4.12]
	at org.junit.runners.ParentRunner$3.run(ParentRunner.java:290) [junit.jar:4.12]
	at org.junit.runners.ParentRunner$1.schedule(ParentRunner.java:71) [junit.jar:4.12]
	at org.junit.runners.ParentRunner.runChildren(ParentRunner.java:288) [junit.jar:4.12]
	at org.junit.runners.ParentRunner.access$000(ParentRunner.java:58) [junit.jar:4.12]
	at org.junit.runners.ParentRunner$2.evaluate(ParentRunner.java:268) [junit.jar:4.12]
	at org.junit.runners.ParentRunner.run(ParentRunner.java:363) [junit.jar:4.12]
	at org.junit.runner.JUnitCore.run(JUnitCore.java:137) [junit.jar:4.12]
	at com.intellij.junit4.JUnit4IdeaTestRunner.startRunnerWithArgs(JUnit4IdeaTestRunner.java:68) [junit-rt.jar:?]
	at com.intellij.rt.execution.junit.IdeaTestRunner$Repeater.startRunnerWithArgs(IdeaTestRunner.java:47) [junit-rt.jar:?]
	at com.intellij.rt.execution.junit.JUnitStarter.prepareStreamsAndStart(JUnitStarter.java:242) [junit-rt.jar:?]
	at com.intellij.rt.execution.junit.JUnitStarter.main(JUnitStarter.java:70) [junit-rt.jar:?]
2019-05-17 00:13:17 INFO  AtomConfigurationReader     - [parseConfiguration] ElementName: Rb
2019-05-17 00:13:17 INFO  AtomConfigurationReader     - [parseConfiguration] NumberOfTracks: 6
2019-05-17 00:13:17 INFO  AtomConfigurationReader     - [parseConfiguration] NumberOfElectron: 1/2;2/8;3/18;4/8;5/1
2019-05-17 00:13:17 ERROR AtomConfigurationReader     - [readFile] Tracks number error
configuration.Exception.ConfigurationDependencyException: 
Dependency Error: Tracks number error at line 3
File: AtomicStructure_TrackNumber.txt
	at configuration.AtomConfigurationReader.readFile(AtomConfigurationReader.java:44) [Lab4-1170300520/:?]
	at configuration.AtomicStructureException.trackNumber(AtomicStructureException.java:17) [Lab4-1170300520/:?]
	at sun.reflect.NativeMethodAccessorImpl.invoke0(Native Method) ~[?:1.8.0_211]
	at sun.reflect.NativeMethodAccessorImpl.invoke(NativeMethodAccessorImpl.java:62) ~[?:1.8.0_211]
	at sun.reflect.DelegatingMethodAccessorImpl.invoke(DelegatingMethodAccessorImpl.java:43) ~[?:1.8.0_211]
	at java.lang.reflect.Method.invoke(Method.java:498) ~[?:1.8.0_211]
	at org.junit.runners.model.FrameworkMethod$1.runReflectiveCall(FrameworkMethod.java:50) [junit.jar:4.12]
	at org.junit.internal.runners.model.ReflectiveCallable.run(ReflectiveCallable.java:12) [junit.jar:4.12]
	at org.junit.runners.model.FrameworkMethod.invokeExplosively(FrameworkMethod.java:47) [junit.jar:4.12]
	at org.junit.internal.runners.statements.InvokeMethod.evaluate(InvokeMethod.java:17) [junit.jar:4.12]
	at org.junit.internal.runners.statements.ExpectException.evaluate(ExpectException.java:19) [junit.jar:4.12]
	at org.junit.runners.ParentRunner.runLeaf(ParentRunner.java:325) [junit.jar:4.12]
	at org.junit.runners.BlockJUnit4ClassRunner.runChild(BlockJUnit4ClassRunner.java:78) [junit.jar:4.12]
	at org.junit.runners.BlockJUnit4ClassRunner.runChild(BlockJUnit4ClassRunner.java:57) [junit.jar:4.12]
	at org.junit.runners.ParentRunner$3.run(ParentRunner.java:290) [junit.jar:4.12]
	at org.junit.runners.ParentRunner$1.schedule(ParentRunner.java:71) [junit.jar:4.12]
	at org.junit.runners.ParentRunner.runChildren(ParentRunner.java:288) [junit.jar:4.12]
	at org.junit.runners.ParentRunner.access$000(ParentRunner.java:58) [junit.jar:4.12]
	at org.junit.runners.ParentRunner$2.evaluate(ParentRunner.java:268) [junit.jar:4.12]
	at org.junit.runners.ParentRunner.run(ParentRunner.java:363) [junit.jar:4.12]
	at org.junit.runners.Suite.runChild(Suite.java:128) [junit.jar:4.12]
	at org.junit.runners.Suite.runChild(Suite.java:27) [junit.jar:4.12]
	at org.junit.runners.ParentRunner$3.run(ParentRunner.java:290) [junit.jar:4.12]
	at org.junit.runners.ParentRunner$1.schedule(ParentRunner.java:71) [junit.jar:4.12]
	at org.junit.runners.ParentRunner.runChildren(ParentRunner.java:288) [junit.jar:4.12]
	at org.junit.runners.ParentRunner.access$000(ParentRunner.java:58) [junit.jar:4.12]
	at org.junit.runners.ParentRunner$2.evaluate(ParentRunner.java:268) [junit.jar:4.12]
	at org.junit.runners.ParentRunner.run(ParentRunner.java:363) [junit.jar:4.12]
	at org.junit.runner.JUnitCore.run(JUnitCore.java:137) [junit.jar:4.12]
	at com.intellij.junit4.JUnit4IdeaTestRunner.startRunnerWithArgs(JUnit4IdeaTestRunner.java:68) [junit-rt.jar:?]
	at com.intellij.rt.execution.junit.IdeaTestRunner$Repeater.startRunnerWithArgs(IdeaTestRunner.java:47) [junit-rt.jar:?]
	at com.intellij.rt.execution.junit.JUnitStarter.prepareStreamsAndStart(JUnitStarter.java:242) [junit-rt.jar:?]
	at com.intellij.rt.execution.junit.JUnitStarter.main(JUnitStarter.java:70) [junit-rt.jar:?]
2019-05-17 00:13:17 INFO  AtomConfigurationReader     - [parseConfiguration] ElementName: Rb
2019-05-17 00:13:17 INFO  AtomConfigurationReader     - [parseConfiguration] NumberOfTracks: 5
2019-05-17 00:13:17 ERROR AtomConfigurationReader     - [parseConfiguration] Wrong format of electon number
configuration.Exception.ConfigurationSyntaxException: 
Configuration Syntax error: Wrong format of electon number at line 3
File: AtomicStructure_ElectronFormat.txt
	at configuration.AtomConfigurationReader.parseConfiguration(AtomConfigurationReader.java:96) [Lab4-1170300520/:?]
	at configuration.ConfigurationReader.readFile(ConfigurationReader.java:47) [Lab4-1170300520/:?]
	at configuration.AtomConfigurationReader.readFile(AtomConfigurationReader.java:41) [Lab4-1170300520/:?]
	at configuration.AtomicStructureException.electronFormat(AtomicStructureException.java:41) [Lab4-1170300520/:?]
	at sun.reflect.NativeMethodAccessorImpl.invoke0(Native Method) ~[?:1.8.0_211]
	at sun.reflect.NativeMethodAccessorImpl.invoke(NativeMethodAccessorImpl.java:62) ~[?:1.8.0_211]
	at sun.reflect.DelegatingMethodAccessorImpl.invoke(DelegatingMethodAccessorImpl.java:43) ~[?:1.8.0_211]
	at java.lang.reflect.Method.invoke(Method.java:498) ~[?:1.8.0_211]
	at org.junit.runners.model.FrameworkMethod$1.runReflectiveCall(FrameworkMethod.java:50) [junit.jar:4.12]
	at org.junit.internal.runners.model.ReflectiveCallable.run(ReflectiveCallable.java:12) [junit.jar:4.12]
	at org.junit.runners.model.FrameworkMethod.invokeExplosively(FrameworkMethod.java:47) [junit.jar:4.12]
	at org.junit.internal.runners.statements.InvokeMethod.evaluate(InvokeMethod.java:17) [junit.jar:4.12]
	at org.junit.internal.runners.statements.ExpectException.evaluate(ExpectException.java:19) [junit.jar:4.12]
	at org.junit.runners.ParentRunner.runLeaf(ParentRunner.java:325) [junit.jar:4.12]
	at org.junit.runners.BlockJUnit4ClassRunner.runChild(BlockJUnit4ClassRunner.java:78) [junit.jar:4.12]
	at org.junit.runners.BlockJUnit4ClassRunner.runChild(BlockJUnit4ClassRunner.java:57) [junit.jar:4.12]
	at org.junit.runners.ParentRunner$3.run(ParentRunner.java:290) [junit.jar:4.12]
	at org.junit.runners.ParentRunner$1.schedule(ParentRunner.java:71) [junit.jar:4.12]
	at org.junit.runners.ParentRunner.runChildren(ParentRunner.java:288) [junit.jar:4.12]
	at org.junit.runners.ParentRunner.access$000(ParentRunner.java:58) [junit.jar:4.12]
	at org.junit.runners.ParentRunner$2.evaluate(ParentRunner.java:268) [junit.jar:4.12]
	at org.junit.runners.ParentRunner.run(ParentRunner.java:363) [junit.jar:4.12]
	at org.junit.runners.Suite.runChild(Suite.java:128) [junit.jar:4.12]
	at org.junit.runners.Suite.runChild(Suite.java:27) [junit.jar:4.12]
	at org.junit.runners.ParentRunner$3.run(ParentRunner.java:290) [junit.jar:4.12]
	at org.junit.runners.ParentRunner$1.schedule(ParentRunner.java:71) [junit.jar:4.12]
	at org.junit.runners.ParentRunner.runChildren(ParentRunner.java:288) [junit.jar:4.12]
	at org.junit.runners.ParentRunner.access$000(ParentRunner.java:58) [junit.jar:4.12]
	at org.junit.runners.ParentRunner$2.evaluate(ParentRunner.java:268) [junit.jar:4.12]
	at org.junit.runners.ParentRunner.run(ParentRunner.java:363) [junit.jar:4.12]
	at org.junit.runner.JUnitCore.run(JUnitCore.java:137) [junit.jar:4.12]
	at com.intellij.junit4.JUnit4IdeaTestRunner.startRunnerWithArgs(JUnit4IdeaTestRunner.java:68) [junit-rt.jar:?]
	at com.intellij.rt.execution.junit.IdeaTestRunner$Repeater.startRunnerWithArgs(IdeaTestRunner.java:47) [junit-rt.jar:?]
	at com.intellij.rt.execution.junit.JUnitStarter.prepareStreamsAndStart(JUnitStarter.java:242) [junit-rt.jar:?]
	at com.intellij.rt.execution.junit.JUnitStarter.main(JUnitStarter.java:70) [junit-rt.jar:?]
2019-05-17 00:13:17 INFO  AppConfigurationReader      - [parseConfiguration] User: TimWong
2019-05-17 00:13:17 INFO  UserFactory                 - [build] Create a user with name TimWong
2019-05-17 00:13:17 INFO  AppConfigurationReader      - [parseConfiguration] InstallLog: 2019-01-01,13:00:00,Wechat
2019-05-17 00:13:17 INFO  AppConfigurationReader      - [parseConfiguration] InstallLog: 2019-01-01,13:19:28,Eleme
2019-05-17 00:13:17 INFO  AppConfigurationReader      - [parseConfiguration] InstallLog: 2019-01-01,13:29:28,Didi
2019-05-17 00:13:17 INFO  AppConfigurationReader      - [parseConfiguration] InstallLog: 2019-01-02,12:59:28,QQ
2019-05-17 00:13:17 INFO  AppConfigurationReader      - [parseConfiguration] InstallLog: 2019-01-02,13:01:01,Weibo
2019-05-17 00:13:17 INFO  AppConfigurationReader      - [parseConfiguration] InstallLog: 2019-01-02,13:19:30,BaiduMap
2019-05-17 00:13:17 INFO  AppConfigurationReader      - [parseConfiguration] uninstallLog: 2019-01-02,12:00:28,Eleme
2019-05-17 00:13:17 INFO  AppConfigurationReader      - [parseConfiguration] uninstallLog: 2019-01-02,13:00:28,Didi
2019-05-17 00:13:17 INFO  AppConfigurationReader      - [parseConfiguration] UsageLog: 2019-01-01,15:00:00,Wechat,2
2019-05-17 00:13:17 INFO  AppConfigurationReader      - [parseConfiguration] UsageLog: 2019-01-01,16:00:00,Wechat,30
2019-05-17 00:13:17 INFO  AppConfigurationReader      - [parseConfiguration] UsageLog: 2019-01-01,17:00:00,Wechat,18
2019-05-17 00:13:17 INFO  AppConfigurationReader      - [parseConfiguration] UsageLog: 2019-01-01,18:00:00,Wechat,5
2019-05-17 00:13:17 INFO  AppConfigurationReader      - [parseConfiguration] UsageLog: 2019-01-01,15:30:00,Eleme,10
2019-05-17 00:13:17 INFO  AppConfigurationReader      - [parseConfiguration] UsageLog: 2019-01-02,08:30:00,Eleme,8
2019-05-17 00:13:17 INFO  AppConfigurationReader      - [parseConfiguration] UsageLog: 2019-01-01,23:40:59,Eleme,20
2019-05-17 00:13:17 INFO  AppConfigurationReader      - [parseConfiguration] UsageLog: 2019-01-02,15:00:00,QQ,20
2019-05-17 00:13:17 INFO  AppConfigurationReader      - [parseConfiguration] UsageLog: 2019-01-02,16:00:00,QQ,3
2019-05-17 00:13:17 INFO  AppConfigurationReader      - [parseConfiguration] UsageLog: 2019-01-02,15:30:00,Wechat,1
2019-05-17 00:13:17 INFO  AppConfigurationReader      - [parseConfiguration] UsageLog: 2019-01-03,11:00:00,Weibo,10
2019-05-17 00:13:17 INFO  AppConfigurationReader      - [parseConfiguration] UsageLog: 2019-01-03,09:00:00,BaiduMap,400
2019-05-17 00:13:17 INFO  AppConfigurationReader      - [parseConfiguration] App: Wechat,Tencent,13.2,"The most popular social networking App in China","Social network"
2019-05-17 00:13:17 INFO  AppFactory                  - [build] build an app with name Wechat
2019-05-17 00:13:17 INFO  AppConfigurationReader      - [parseConfiguration] App: QQ,Tencent,29.2,"The second popular social networking App in China","Social network"
2019-05-17 00:13:17 INFO  AppFactory                  - [build] build an app with name QQ
2019-05-17 00:13:17 INFO  AppConfigurationReader      - [parseConfiguration] App: Weibo,Sina,v0.2.3.4,"The third popular social networking App in China","Social network"
2019-05-17 00:13:17 INFO  AppFactory                  - [build] build an app with name Weibo
2019-05-17 00:13:17 INFO  AppConfigurationReader      - [parseConfiguration] App: Didi,Didi,ver03.32,"The most popular car sharing App in China","Travel"
2019-05-17 00:13:17 INFO  AppFactory                  - [build] build an app with name Didi
2019-05-17 00:13:17 INFO  AppConfigurationReader      - [parseConfiguration] App: Eleme,Eleme,20V0.03,"The most popular online food ordering App in China","Food"
2019-05-17 00:13:17 INFO  AppFactory                  - [build] build an app with name Eleme
2019-05-17 00:13:17 ERROR AppConfigurationReader      - [parseConfiguration] Wrong format of app
configuration.Exception.ConfigurationSyntaxException: 
Configuration Syntax error: Wrong format of app at line 32
File: PersonalAppEcosystem_AppFormat.txt
	at configuration.AppConfigurationReader.parseConfiguration(AppConfigurationReader.java:89) [Lab4-1170300520/:?]
	at configuration.ConfigurationReader.readFile(ConfigurationReader.java:47) [Lab4-1170300520/:?]
	at configuration.PersonalAppEcosystemException.appAppFormat(PersonalAppEcosystemException.java:28) [Lab4-1170300520/:?]
	at sun.reflect.NativeMethodAccessorImpl.invoke0(Native Method) ~[?:1.8.0_211]
	at sun.reflect.NativeMethodAccessorImpl.invoke(NativeMethodAccessorImpl.java:62) ~[?:1.8.0_211]
	at sun.reflect.DelegatingMethodAccessorImpl.invoke(DelegatingMethodAccessorImpl.java:43) ~[?:1.8.0_211]
	at java.lang.reflect.Method.invoke(Method.java:498) ~[?:1.8.0_211]
	at org.junit.runners.model.FrameworkMethod$1.runReflectiveCall(FrameworkMethod.java:50) [junit.jar:4.12]
	at org.junit.internal.runners.model.ReflectiveCallable.run(ReflectiveCallable.java:12) [junit.jar:4.12]
	at org.junit.runners.model.FrameworkMethod.invokeExplosively(FrameworkMethod.java:47) [junit.jar:4.12]
	at org.junit.internal.runners.statements.InvokeMethod.evaluate(InvokeMethod.java:17) [junit.jar:4.12]
	at org.junit.internal.runners.statements.ExpectException.evaluate(ExpectException.java:19) [junit.jar:4.12]
	at org.junit.runners.ParentRunner.runLeaf(ParentRunner.java:325) [junit.jar:4.12]
	at org.junit.runners.BlockJUnit4ClassRunner.runChild(BlockJUnit4ClassRunner.java:78) [junit.jar:4.12]
	at org.junit.runners.BlockJUnit4ClassRunner.runChild(BlockJUnit4ClassRunner.java:57) [junit.jar:4.12]
	at org.junit.runners.ParentRunner$3.run(ParentRunner.java:290) [junit.jar:4.12]
	at org.junit.runners.ParentRunner$1.schedule(ParentRunner.java:71) [junit.jar:4.12]
	at org.junit.runners.ParentRunner.runChildren(ParentRunner.java:288) [junit.jar:4.12]
	at org.junit.runners.ParentRunner.access$000(ParentRunner.java:58) [junit.jar:4.12]
	at org.junit.runners.ParentRunner$2.evaluate(ParentRunner.java:268) [junit.jar:4.12]
	at org.junit.runners.ParentRunner.run(ParentRunner.java:363) [junit.jar:4.12]
	at org.junit.runners.Suite.runChild(Suite.java:128) [junit.jar:4.12]
	at org.junit.runners.Suite.runChild(Suite.java:27) [junit.jar:4.12]
	at org.junit.runners.ParentRunner$3.run(ParentRunner.java:290) [junit.jar:4.12]
	at org.junit.runners.ParentRunner$1.schedule(ParentRunner.java:71) [junit.jar:4.12]
	at org.junit.runners.ParentRunner.runChildren(ParentRunner.java:288) [junit.jar:4.12]
	at org.junit.runners.ParentRunner.access$000(ParentRunner.java:58) [junit.jar:4.12]
	at org.junit.runners.ParentRunner$2.evaluate(ParentRunner.java:268) [junit.jar:4.12]
	at org.junit.runners.ParentRunner.run(ParentRunner.java:363) [junit.jar:4.12]
	at org.junit.runner.JUnitCore.run(JUnitCore.java:137) [junit.jar:4.12]
	at com.intellij.junit4.JUnit4IdeaTestRunner.startRunnerWithArgs(JUnit4IdeaTestRunner.java:68) [junit-rt.jar:?]
	at com.intellij.rt.execution.junit.IdeaTestRunner$Repeater.startRunnerWithArgs(IdeaTestRunner.java:47) [junit-rt.jar:?]
	at com.intellij.rt.execution.junit.JUnitStarter.prepareStreamsAndStart(JUnitStarter.java:242) [junit-rt.jar:?]
	at com.intellij.rt.execution.junit.JUnitStarter.main(JUnitStarter.java:70) [junit-rt.jar:?]
2019-05-17 00:13:17 INFO  AppConfigurationReader      - [parseConfiguration] User: TimWong
2019-05-17 00:13:17 INFO  UserFactory                 - [build] Create a user with name TimWong
2019-05-17 00:13:17 INFO  AppConfigurationReader      - [parseConfiguration] InstallLog: 2019-01-01,13:00:00,Wechat
2019-05-17 00:13:17 INFO  AppConfigurationReader      - [parseConfiguration] InstallLog: 2019-01-01,13:19:28,Eleme
2019-05-17 00:13:17 INFO  AppConfigurationReader      - [parseConfiguration] InstallLog: 2019-01-01,13:29:28,Didi
2019-05-17 00:13:17 INFO  AppConfigurationReader      - [parseConfiguration] InstallLog: 2019-01-02,12:59:28,QQ
2019-05-17 00:13:17 INFO  AppConfigurationReader      - [parseConfiguration] InstallLog: 2019-01-02,13:01:01,Weibo
2019-05-17 00:13:17 INFO  AppConfigurationReader      - [parseConfiguration] InstallLog: 2019-01-02,13:19:30,BaiduMap
2019-05-17 00:13:17 INFO  AppConfigurationReader      - [parseConfiguration] uninstallLog: 2019-01-02,12:00:28,Eleme
2019-05-17 00:13:17 INFO  AppConfigurationReader      - [parseConfiguration] uninstallLog: 2019-01-02,13:00:28,Didi
2019-05-17 00:13:17 INFO  AppConfigurationReader      - [parseConfiguration] UsageLog: 2019-01-01,15:00:00,Wechat,2
2019-05-17 00:13:17 INFO  AppConfigurationReader      - [parseConfiguration] UsageLog: 2019-01-01,16:00:00,Wechat,30
2019-05-17 00:13:17 INFO  AppConfigurationReader      - [parseConfiguration] UsageLog: 2019-01-01,17:00:00,Wechat,18
2019-05-17 00:13:17 INFO  AppConfigurationReader      - [parseConfiguration] UsageLog: 2019-01-01,18:00:00,Wechat,5
2019-05-17 00:13:17 INFO  AppConfigurationReader      - [parseConfiguration] UsageLog: 2019-01-01,15:30:00,Eleme,10
2019-05-17 00:13:17 INFO  AppConfigurationReader      - [parseConfiguration] UsageLog: 2019-01-02,08:30:00,Eleme,8
2019-05-17 00:13:17 INFO  AppConfigurationReader      - [parseConfiguration] UsageLog: 2019-01-01,23:40:59,Eleme,20
2019-05-17 00:13:17 INFO  AppConfigurationReader      - [parseConfiguration] UsageLog: 2019-01-02,15:00:00,QQ,20
2019-05-17 00:13:17 INFO  AppConfigurationReader      - [parseConfiguration] UsageLog: 2019-01-02,16:00:00,QQ,3
2019-05-17 00:13:17 INFO  AppConfigurationReader      - [parseConfiguration] UsageLog: 2019-01-02,15:30:00,Wechat,1
2019-05-17 00:13:17 INFO  AppConfigurationReader      - [parseConfiguration] UsageLog: 2019-01-03,11:00:00,Weibo,10
2019-05-17 00:13:17 INFO  AppConfigurationReader      - [parseConfiguration] UsageLog: 2019-01-03,09:00:00,BaiduMap,400
2019-05-17 00:13:17 INFO  AppConfigurationReader      - [parseConfiguration] App: Wechat,Tencent,13.2,"The most popular social networking App in China","Social network"
2019-05-17 00:13:17 INFO  AppFactory                  - [build] build an app with name Wechat
2019-05-17 00:13:17 INFO  AppConfigurationReader      - [parseConfiguration] App: QQ,Tencent,29.2,"The second popular social networking App in China","Social network"
2019-05-17 00:13:17 INFO  AppFactory                  - [build] build an app with name QQ
2019-05-17 00:13:17 INFO  AppConfigurationReader      - [parseConfiguration] App: Weibo,Sina,v0.2.3.4,"The third popular social networking App in China","Social network"
2019-05-17 00:13:17 INFO  AppFactory                  - [build] build an app with name Weibo
2019-05-17 00:13:17 INFO  AppConfigurationReader      - [parseConfiguration] App: Didi,Didi,ver03.32,"The most popular car sharing App in China","Travel"
2019-05-17 00:13:17 INFO  AppFactory                  - [build] build an app with name Didi
2019-05-17 00:13:17 INFO  AppConfigurationReader      - [parseConfiguration] App: Eleme,Eleme,20V0.03,"The most popular online food ordering App in China","Food"
2019-05-17 00:13:17 INFO  AppFactory                  - [build] build an app with name Eleme
2019-05-17 00:13:17 INFO  AppConfigurationReader      - [parseConfiguration] App: BaiduMap,Baidu,2.9000000.20v03,"The most popular map App in China","Travel"
2019-05-17 00:13:17 INFO  AppFactory                  - [build] build an app with name BaiduMap
2019-05-17 00:13:17 INFO  AppConfigurationReader      - [parseConfiguration] Period: Day
2019-05-17 00:13:17 INFO  AppConfigurationReader      - [parseConfiguration] Relation: Wechat,QQ
2019-05-17 00:13:17 INFO  AppConfigurationReader      - [parseConfiguration] Relation: Wechat,Eleme
2019-05-17 00:13:17 INFO  AppConfigurationReader      - [parseConfiguration] Relation: Didi,BaiduMap
2019-05-17 00:13:17 INFO  AppConfigurationReader      - [parseConfiguration] Relation: QQ,Weibo
2019-05-17 00:13:17 ERROR AppConfigurationReader      - [parseConfiguration] Invalid label 'Something'
configuration.Exception.ConfigurationSyntaxException: 
Configuration Syntax error: Invalid label 'Something' at line 42
File: PersonalAppEcosystem_UnknownLabel.txt
	at configuration.AppConfigurationReader.parseConfiguration(AppConfigurationReader.java:200) [Lab4-1170300520/:?]
	at configuration.ConfigurationReader.readFile(ConfigurationReader.java:47) [Lab4-1170300520/:?]
	at configuration.PersonalAppEcosystemException.unknownLabel(PersonalAppEcosystemException.java:76) [Lab4-1170300520/:?]
	at sun.reflect.NativeMethodAccessorImpl.invoke0(Native Method) ~[?:1.8.0_211]
	at sun.reflect.NativeMethodAccessorImpl.invoke(NativeMethodAccessorImpl.java:62) ~[?:1.8.0_211]
	at sun.reflect.DelegatingMethodAccessorImpl.invoke(DelegatingMethodAccessorImpl.java:43) ~[?:1.8.0_211]
	at java.lang.reflect.Method.invoke(Method.java:498) ~[?:1.8.0_211]
	at org.junit.runners.model.FrameworkMethod$1.runReflectiveCall(FrameworkMethod.java:50) [junit.jar:4.12]
	at org.junit.internal.runners.model.ReflectiveCallable.run(ReflectiveCallable.java:12) [junit.jar:4.12]
	at org.junit.runners.model.FrameworkMethod.invokeExplosively(FrameworkMethod.java:47) [junit.jar:4.12]
	at org.junit.internal.runners.statements.InvokeMethod.evaluate(InvokeMethod.java:17) [junit.jar:4.12]
	at org.junit.internal.runners.statements.ExpectException.evaluate(ExpectException.java:19) [junit.jar:4.12]
	at org.junit.runners.ParentRunner.runLeaf(ParentRunner.java:325) [junit.jar:4.12]
	at org.junit.runners.BlockJUnit4ClassRunner.runChild(BlockJUnit4ClassRunner.java:78) [junit.jar:4.12]
	at org.junit.runners.BlockJUnit4ClassRunner.runChild(BlockJUnit4ClassRunner.java:57) [junit.jar:4.12]
	at org.junit.runners.ParentRunner$3.run(ParentRunner.java:290) [junit.jar:4.12]
	at org.junit.runners.ParentRunner$1.schedule(ParentRunner.java:71) [junit.jar:4.12]
	at org.junit.runners.ParentRunner.runChildren(ParentRunner.java:288) [junit.jar:4.12]
	at org.junit.runners.ParentRunner.access$000(ParentRunner.java:58) [junit.jar:4.12]
	at org.junit.runners.ParentRunner$2.evaluate(ParentRunner.java:268) [junit.jar:4.12]
	at org.junit.runners.ParentRunner.run(ParentRunner.java:363) [junit.jar:4.12]
	at org.junit.runners.Suite.runChild(Suite.java:128) [junit.jar:4.12]
	at org.junit.runners.Suite.runChild(Suite.java:27) [junit.jar:4.12]
	at org.junit.runners.ParentRunner$3.run(ParentRunner.java:290) [junit.jar:4.12]
	at org.junit.runners.ParentRunner$1.schedule(ParentRunner.java:71) [junit.jar:4.12]
	at org.junit.runners.ParentRunner.runChildren(ParentRunner.java:288) [junit.jar:4.12]
	at org.junit.runners.ParentRunner.access$000(ParentRunner.java:58) [junit.jar:4.12]
	at org.junit.runners.ParentRunner$2.evaluate(ParentRunner.java:268) [junit.jar:4.12]
	at org.junit.runners.ParentRunner.run(ParentRunner.java:363) [junit.jar:4.12]
	at org.junit.runner.JUnitCore.run(JUnitCore.java:137) [junit.jar:4.12]
	at com.intellij.junit4.JUnit4IdeaTestRunner.startRunnerWithArgs(JUnit4IdeaTestRunner.java:68) [junit-rt.jar:?]
	at com.intellij.rt.execution.junit.IdeaTestRunner$Repeater.startRunnerWithArgs(IdeaTestRunner.java:47) [junit-rt.jar:?]
	at com.intellij.rt.execution.junit.JUnitStarter.prepareStreamsAndStart(JUnitStarter.java:242) [junit-rt.jar:?]
	at com.intellij.rt.execution.junit.JUnitStarter.main(JUnitStarter.java:70) [junit-rt.jar:?]
2019-05-17 00:13:17 INFO  AppConfigurationReader      - [parseConfiguration] User: TimWong
2019-05-17 00:13:17 INFO  UserFactory                 - [build] Create a user with name TimWong
2019-05-17 00:13:17 INFO  AppConfigurationReader      - [parseConfiguration] InstallLog: 2019-01-01,13:00:00,Wechat
2019-05-17 00:13:17 INFO  AppConfigurationReader      - [parseConfiguration] InstallLog: 2019-01-01,13:19:28,Eleme
2019-05-17 00:13:17 INFO  AppConfigurationReader      - [parseConfiguration] InstallLog: 2019-01-01,13:29:28,Didi
2019-05-17 00:13:17 INFO  AppConfigurationReader      - [parseConfiguration] InstallLog: 2019-01-02,12:59:28,QQ
2019-05-17 00:13:17 INFO  AppConfigurationReader      - [parseConfiguration] InstallLog: 2019-01-02,13:01:01,Weibo
2019-05-17 00:13:17 INFO  AppConfigurationReader      - [parseConfiguration] InstallLog: 2019-01-02,13:19:30,BaiduMap
2019-05-17 00:13:17 INFO  AppConfigurationReader      - [parseConfiguration] uninstallLog: 2019-01-02,12:00:28,Eleme
2019-05-17 00:13:17 INFO  AppConfigurationReader      - [parseConfiguration] uninstallLog: 2019-01-02,13:00:28,Didi
2019-05-17 00:13:17 INFO  AppConfigurationReader      - [parseConfiguration] UsageLog: 2019-01-01,15:00:00,Wechat,2
2019-05-17 00:13:17 INFO  AppConfigurationReader      - [parseConfiguration] UsageLog: 2019-01-01,16:00:00,Wechat,30
2019-05-17 00:13:17 INFO  AppConfigurationReader      - [parseConfiguration] UsageLog: 2019-01-01,17:00:00,Wechat,18
2019-05-17 00:13:17 INFO  AppConfigurationReader      - [parseConfiguration] UsageLog: 2019-01-01,18:00:00,Wechat,5
2019-05-17 00:13:17 INFO  AppConfigurationReader      - [parseConfiguration] UsageLog: 2019-01-01,15:30:00,Eleme,10
2019-05-17 00:13:17 INFO  AppConfigurationReader      - [parseConfiguration] UsageLog: 2019-01-02,08:30:00,Eleme,8
2019-05-17 00:13:17 INFO  AppConfigurationReader      - [parseConfiguration] UsageLog: 2019-01-01,23:40:59,Eleme,20
2019-05-17 00:13:17 INFO  AppConfigurationReader      - [parseConfiguration] UsageLog: 2019-01-02,15:00:00,QQ,20
2019-05-17 00:13:17 INFO  AppConfigurationReader      - [parseConfiguration] UsageLog: 2019-01-02,16:00:00,QQ,3
2019-05-17 00:13:17 INFO  AppConfigurationReader      - [parseConfiguration] UsageLog: 2019-01-02,15:30:00,Wechat,1
2019-05-17 00:13:17 INFO  AppConfigurationReader      - [parseConfiguration] UsageLog: 2019-01-03,11:00:00,Weibo,10
2019-05-17 00:13:17 INFO  AppConfigurationReader      - [parseConfiguration] UsageLog: 2019-01-03,09:00:00,BaiduMap,400
2019-05-17 00:13:17 INFO  AppConfigurationReader      - [parseConfiguration] App: Wechat,Tencent,13.2,"The most popular social networking App in China","Social network"
2019-05-17 00:13:17 INFO  AppFactory                  - [build] build an app with name Wechat
2019-05-17 00:13:17 INFO  AppConfigurationReader      - [parseConfiguration] App: QQ,Tencent,29.2,"The second popular social networking App in China","Social network"
2019-05-17 00:13:17 INFO  AppFactory                  - [build] build an app with name QQ
2019-05-17 00:13:17 INFO  AppConfigurationReader      - [parseConfiguration] App: Weibo,Sina,v0.2.3.4,"The third popular social networking App in China","Social network"
2019-05-17 00:13:17 INFO  AppFactory                  - [build] build an app with name Weibo
2019-05-17 00:13:17 INFO  AppConfigurationReader      - [parseConfiguration] App: Didi,Didi,ver03.32,"The most popular car sharing App in China","Travel"
2019-05-17 00:13:17 INFO  AppFactory                  - [build] build an app with name Didi
2019-05-17 00:13:17 INFO  AppConfigurationReader      - [parseConfiguration] App: Eleme,Eleme,20V0.03,"The most popular online food ordering App in China","Food"
2019-05-17 00:13:17 INFO  AppFactory                  - [build] build an app with name Eleme
2019-05-17 00:13:17 INFO  AppConfigurationReader      - [parseConfiguration] App: BaiduMap,Baidu,2.9000000.20v03,"The most popular map App in China","Travel"
2019-05-17 00:13:17 INFO  AppFactory                  - [build] build an app with name BaiduMap
2019-05-17 00:13:17 INFO  AppConfigurationReader      - [parseConfiguration] App: BaiduMap,Baidu,2.9000000.20v03,"The most popular map App in China","Travel"
2019-05-17 00:13:17 ERROR AppConfigurationReader      - [parseConfiguration] Duplicate app with same name
configuration.Exception.ConfigurationLabelException: 
Conflict Label Found: Duplicate app with same name at line 33
File: PersonalAppEcosystem_SameApp.txt
	at configuration.AppConfigurationReader.parseConfiguration(AppConfigurationReader.java:78) [Lab4-1170300520/:?]
	at configuration.ConfigurationReader.readFile(ConfigurationReader.java:47) [Lab4-1170300520/:?]
	at configuration.PersonalAppEcosystemException.appSameApp(PersonalAppEcosystemException.java:22) [Lab4-1170300520/:?]
	at sun.reflect.NativeMethodAccessorImpl.invoke0(Native Method) ~[?:1.8.0_211]
	at sun.reflect.NativeMethodAccessorImpl.invoke(NativeMethodAccessorImpl.java:62) ~[?:1.8.0_211]
	at sun.reflect.DelegatingMethodAccessorImpl.invoke(DelegatingMethodAccessorImpl.java:43) ~[?:1.8.0_211]
	at java.lang.reflect.Method.invoke(Method.java:498) ~[?:1.8.0_211]
	at org.junit.runners.model.FrameworkMethod$1.runReflectiveCall(FrameworkMethod.java:50) [junit.jar:4.12]
	at org.junit.internal.runners.model.ReflectiveCallable.run(ReflectiveCallable.java:12) [junit.jar:4.12]
	at org.junit.runners.model.FrameworkMethod.invokeExplosively(FrameworkMethod.java:47) [junit.jar:4.12]
	at org.junit.internal.runners.statements.InvokeMethod.evaluate(InvokeMethod.java:17) [junit.jar:4.12]
	at org.junit.internal.runners.statements.ExpectException.evaluate(ExpectException.java:19) [junit.jar:4.12]
	at org.junit.runners.ParentRunner.runLeaf(ParentRunner.java:325) [junit.jar:4.12]
	at org.junit.runners.BlockJUnit4ClassRunner.runChild(BlockJUnit4ClassRunner.java:78) [junit.jar:4.12]
	at org.junit.runners.BlockJUnit4ClassRunner.runChild(BlockJUnit4ClassRunner.java:57) [junit.jar:4.12]
	at org.junit.runners.ParentRunner$3.run(ParentRunner.java:290) [junit.jar:4.12]
	at org.junit.runners.ParentRunner$1.schedule(ParentRunner.java:71) [junit.jar:4.12]
	at org.junit.runners.ParentRunner.runChildren(ParentRunner.java:288) [junit.jar:4.12]
	at org.junit.runners.ParentRunner.access$000(ParentRunner.java:58) [junit.jar:4.12]
	at org.junit.runners.ParentRunner$2.evaluate(ParentRunner.java:268) [junit.jar:4.12]
	at org.junit.runners.ParentRunner.run(ParentRunner.java:363) [junit.jar:4.12]
	at org.junit.runners.Suite.runChild(Suite.java:128) [junit.jar:4.12]
	at org.junit.runners.Suite.runChild(Suite.java:27) [junit.jar:4.12]
	at org.junit.runners.ParentRunner$3.run(ParentRunner.java:290) [junit.jar:4.12]
	at org.junit.runners.ParentRunner$1.schedule(ParentRunner.java:71) [junit.jar:4.12]
	at org.junit.runners.ParentRunner.runChildren(ParentRunner.java:288) [junit.jar:4.12]
	at org.junit.runners.ParentRunner.access$000(ParentRunner.java:58) [junit.jar:4.12]
	at org.junit.runners.ParentRunner$2.evaluate(ParentRunner.java:268) [junit.jar:4.12]
	at org.junit.runners.ParentRunner.run(ParentRunner.java:363) [junit.jar:4.12]
	at org.junit.runner.JUnitCore.run(JUnitCore.java:137) [junit.jar:4.12]
	at com.intellij.junit4.JUnit4IdeaTestRunner.startRunnerWithArgs(JUnit4IdeaTestRunner.java:68) [junit-rt.jar:?]
	at com.intellij.rt.execution.junit.IdeaTestRunner$Repeater.startRunnerWithArgs(IdeaTestRunner.java:47) [junit-rt.jar:?]
	at com.intellij.rt.execution.junit.JUnitStarter.prepareStreamsAndStart(JUnitStarter.java:242) [junit-rt.jar:?]
	at com.intellij.rt.execution.junit.JUnitStarter.main(JUnitStarter.java:70) [junit-rt.jar:?]
2019-05-17 00:13:17 INFO  AppConfigurationReader      - [parseConfiguration] User: TimWong
2019-05-17 00:13:17 INFO  UserFactory                 - [build] Create a user with name TimWong
2019-05-17 00:13:17 INFO  AppConfigurationReader      - [parseConfiguration] InstallLog: 2019-01-01,13:00:00,Wechat
2019-05-17 00:13:17 INFO  AppConfigurationReader      - [parseConfiguration] InstallLog: 2019-01-01,13:19:28,Eleme
2019-05-17 00:13:17 INFO  AppConfigurationReader      - [parseConfiguration] InstallLog: 2019-01-01,13:29:28,Didi
2019-05-17 00:13:17 INFO  AppConfigurationReader      - [parseConfiguration] InstallLog: 2019-01-02,12:59:28,QQ
2019-05-17 00:13:17 INFO  AppConfigurationReader      - [parseConfiguration] InstallLog: 2019-01-02,13:01:01,Weibo
2019-05-17 00:13:17 INFO  AppConfigurationReader      - [parseConfiguration] InstallLog: 2019-01-02,13:19:30,BaiduMap
2019-05-17 00:13:17 INFO  AppConfigurationReader      - [parseConfiguration] uninstallLog: 2019-01-02,12:00:28,Eleme
2019-05-17 00:13:17 INFO  AppConfigurationReader      - [parseConfiguration] uninstallLog: 2019-01-02,13:00:28,Didi
2019-05-17 00:13:17 INFO  AppConfigurationReader      - [parseConfiguration] UsageLog: 2019-01-01,15:00:00,Wechat,2
2019-05-17 00:13:17 INFO  AppConfigurationReader      - [parseConfiguration] UsageLog: 2019-01-01,16:00:00,Wechat,30
2019-05-17 00:13:17 INFO  AppConfigurationReader      - [parseConfiguration] UsageLog: 2019-01-01,17:00:00,Wechat,18
2019-05-17 00:13:17 INFO  AppConfigurationReader      - [parseConfiguration] UsageLog: 2019-01-01,18:00:00,Wechat,5
2019-05-17 00:13:17 INFO  AppConfigurationReader      - [parseConfiguration] UsageLog: 2019-01-01,15:30:00,Eleme,10
2019-05-17 00:13:17 INFO  AppConfigurationReader      - [parseConfiguration] UsageLog: 2019-01-02,08:30:00,Eleme,8
2019-05-17 00:13:17 INFO  AppConfigurationReader      - [parseConfiguration] UsageLog: 2019-01-01,23:40:59,Eleme,20
2019-05-17 00:13:17 INFO  AppConfigurationReader      - [parseConfiguration] UsageLog: 2019-01-02,15:00:00,QQ,20
2019-05-17 00:13:17 INFO  AppConfigurationReader      - [parseConfiguration] UsageLog: 2019-01-02,16:00:00,QQ,3
2019-05-17 00:13:17 INFO  AppConfigurationReader      - [parseConfiguration] UsageLog: 2019-01-02,15:30:00,Wechat,1
2019-05-17 00:13:17 INFO  AppConfigurationReader      - [parseConfiguration] UsageLog: 2019-01-03,11:00:00,Weibo,10
2019-05-17 00:13:17 ERROR AppConfigurationReader      - [parseConfiguration] Wrong format of usage log
configuration.Exception.ConfigurationSyntaxException: 
Configuration Syntax error: Wrong format of usage log at line 24
File: PersonalAppEcosystem_UsageLogFormat.txt
	at configuration.AppConfigurationReader.parseConfiguration(AppConfigurationReader.java:130) [Lab4-1170300520/:?]
	at configuration.ConfigurationReader.readFile(ConfigurationReader.java:47) [Lab4-1170300520/:?]
	at configuration.PersonalAppEcosystemException.appUsageLogFormat(PersonalAppEcosystemException.java:46) [Lab4-1170300520/:?]
	at sun.reflect.NativeMethodAccessorImpl.invoke0(Native Method) ~[?:1.8.0_211]
	at sun.reflect.NativeMethodAccessorImpl.invoke(NativeMethodAccessorImpl.java:62) ~[?:1.8.0_211]
	at sun.reflect.DelegatingMethodAccessorImpl.invoke(DelegatingMethodAccessorImpl.java:43) ~[?:1.8.0_211]
	at java.lang.reflect.Method.invoke(Method.java:498) ~[?:1.8.0_211]
	at org.junit.runners.model.FrameworkMethod$1.runReflectiveCall(FrameworkMethod.java:50) [junit.jar:4.12]
	at org.junit.internal.runners.model.ReflectiveCallable.run(ReflectiveCallable.java:12) [junit.jar:4.12]
	at org.junit.runners.model.FrameworkMethod.invokeExplosively(FrameworkMethod.java:47) [junit.jar:4.12]
	at org.junit.internal.runners.statements.InvokeMethod.evaluate(InvokeMethod.java:17) [junit.jar:4.12]
	at org.junit.internal.runners.statements.ExpectException.evaluate(ExpectException.java:19) [junit.jar:4.12]
	at org.junit.runners.ParentRunner.runLeaf(ParentRunner.java:325) [junit.jar:4.12]
	at org.junit.runners.BlockJUnit4ClassRunner.runChild(BlockJUnit4ClassRunner.java:78) [junit.jar:4.12]
	at org.junit.runners.BlockJUnit4ClassRunner.runChild(BlockJUnit4ClassRunner.java:57) [junit.jar:4.12]
	at org.junit.runners.ParentRunner$3.run(ParentRunner.java:290) [junit.jar:4.12]
	at org.junit.runners.ParentRunner$1.schedule(ParentRunner.java:71) [junit.jar:4.12]
	at org.junit.runners.ParentRunner.runChildren(ParentRunner.java:288) [junit.jar:4.12]
	at org.junit.runners.ParentRunner.access$000(ParentRunner.java:58) [junit.jar:4.12]
	at org.junit.runners.ParentRunner$2.evaluate(ParentRunner.java:268) [junit.jar:4.12]
	at org.junit.runners.ParentRunner.run(ParentRunner.java:363) [junit.jar:4.12]
	at org.junit.runners.Suite.runChild(Suite.java:128) [junit.jar:4.12]
	at org.junit.runners.Suite.runChild(Suite.java:27) [junit.jar:4.12]
	at org.junit.runners.ParentRunner$3.run(ParentRunner.java:290) [junit.jar:4.12]
	at org.junit.runners.ParentRunner$1.schedule(ParentRunner.java:71) [junit.jar:4.12]
	at org.junit.runners.ParentRunner.runChildren(ParentRunner.java:288) [junit.jar:4.12]
	at org.junit.runners.ParentRunner.access$000(ParentRunner.java:58) [junit.jar:4.12]
	at org.junit.runners.ParentRunner$2.evaluate(ParentRunner.java:268) [junit.jar:4.12]
	at org.junit.runners.ParentRunner.run(ParentRunner.java:363) [junit.jar:4.12]
	at org.junit.runner.JUnitCore.run(JUnitCore.java:137) [junit.jar:4.12]
	at com.intellij.junit4.JUnit4IdeaTestRunner.startRunnerWithArgs(JUnit4IdeaTestRunner.java:68) [junit-rt.jar:?]
	at com.intellij.rt.execution.junit.IdeaTestRunner$Repeater.startRunnerWithArgs(IdeaTestRunner.java:47) [junit-rt.jar:?]
	at com.intellij.rt.execution.junit.JUnitStarter.prepareStreamsAndStart(JUnitStarter.java:242) [junit-rt.jar:?]
	at com.intellij.rt.execution.junit.JUnitStarter.main(JUnitStarter.java:70) [junit-rt.jar:?]
2019-05-17 00:13:17 INFO  AppConfigurationReader      - [parseConfiguration] User: TimWong
2019-05-17 00:13:17 INFO  UserFactory                 - [build] Create a user with name TimWong
2019-05-17 00:13:17 INFO  AppConfigurationReader      - [parseConfiguration] InstallLog: 2019-01-01,13:00:00,Wechat
2019-05-17 00:13:17 INFO  AppConfigurationReader      - [parseConfiguration] InstallLog: 2019-01-01,13:19:28,Eleme
2019-05-17 00:13:17 INFO  AppConfigurationReader      - [parseConfiguration] InstallLog: 2019-01-01,13:29:28,Didi
2019-05-17 00:13:17 INFO  AppConfigurationReader      - [parseConfiguration] InstallLog: 2019-01-02,12:59:28,QQ
2019-05-17 00:13:17 INFO  AppConfigurationReader      - [parseConfiguration] InstallLog: 2019-01-02,13:01:01,Weibo
2019-05-17 00:13:17 INFO  AppConfigurationReader      - [parseConfiguration] InstallLog: 2019-01-02,13:19:30,BaiduMap
2019-05-17 00:13:17 INFO  AppConfigurationReader      - [parseConfiguration] uninstallLog: 2019-01-02,12:00:28,Eleme
2019-05-17 00:13:17 INFO  AppConfigurationReader      - [parseConfiguration] uninstallLog: 2019-01-02,13:00:28,Didi
2019-05-17 00:13:17 INFO  AppConfigurationReader      - [parseConfiguration] UsageLog: 2019-01-01,15:00:00,Wechat,2
2019-05-17 00:13:17 ERROR AppConfigurationReader      - [parseConfiguration] Wrong format of usage log
configuration.Exception.ConfigurationSyntaxException: 
Configuration Syntax error: Wrong format of usage log at line 14
File: PersonalAppEcosystem_DurationFormat.txt
	at configuration.AppConfigurationReader.parseConfiguration(AppConfigurationReader.java:130) [Lab4-1170300520/:?]
	at configuration.ConfigurationReader.readFile(ConfigurationReader.java:47) [Lab4-1170300520/:?]
	at configuration.PersonalAppEcosystemException.durationFormat(PersonalAppEcosystemException.java:52) [Lab4-1170300520/:?]
	at sun.reflect.NativeMethodAccessorImpl.invoke0(Native Method) ~[?:1.8.0_211]
	at sun.reflect.NativeMethodAccessorImpl.invoke(NativeMethodAccessorImpl.java:62) ~[?:1.8.0_211]
	at sun.reflect.DelegatingMethodAccessorImpl.invoke(DelegatingMethodAccessorImpl.java:43) ~[?:1.8.0_211]
	at java.lang.reflect.Method.invoke(Method.java:498) ~[?:1.8.0_211]
	at org.junit.runners.model.FrameworkMethod$1.runReflectiveCall(FrameworkMethod.java:50) [junit.jar:4.12]
	at org.junit.internal.runners.model.ReflectiveCallable.run(ReflectiveCallable.java:12) [junit.jar:4.12]
	at org.junit.runners.model.FrameworkMethod.invokeExplosively(FrameworkMethod.java:47) [junit.jar:4.12]
	at org.junit.internal.runners.statements.InvokeMethod.evaluate(InvokeMethod.java:17) [junit.jar:4.12]
	at org.junit.internal.runners.statements.ExpectException.evaluate(ExpectException.java:19) [junit.jar:4.12]
	at org.junit.runners.ParentRunner.runLeaf(ParentRunner.java:325) [junit.jar:4.12]
	at org.junit.runners.BlockJUnit4ClassRunner.runChild(BlockJUnit4ClassRunner.java:78) [junit.jar:4.12]
	at org.junit.runners.BlockJUnit4ClassRunner.runChild(BlockJUnit4ClassRunner.java:57) [junit.jar:4.12]
	at org.junit.runners.ParentRunner$3.run(ParentRunner.java:290) [junit.jar:4.12]
	at org.junit.runners.ParentRunner$1.schedule(ParentRunner.java:71) [junit.jar:4.12]
	at org.junit.runners.ParentRunner.runChildren(ParentRunner.java:288) [junit.jar:4.12]
	at org.junit.runners.ParentRunner.access$000(ParentRunner.java:58) [junit.jar:4.12]
	at org.junit.runners.ParentRunner$2.evaluate(ParentRunner.java:268) [junit.jar:4.12]
	at org.junit.runners.ParentRunner.run(ParentRunner.java:363) [junit.jar:4.12]
	at org.junit.runners.Suite.runChild(Suite.java:128) [junit.jar:4.12]
	at org.junit.runners.Suite.runChild(Suite.java:27) [junit.jar:4.12]
	at org.junit.runners.ParentRunner$3.run(ParentRunner.java:290) [junit.jar:4.12]
	at org.junit.runners.ParentRunner$1.schedule(ParentRunner.java:71) [junit.jar:4.12]
	at org.junit.runners.ParentRunner.runChildren(ParentRunner.java:288) [junit.jar:4.12]
	at org.junit.runners.ParentRunner.access$000(ParentRunner.java:58) [junit.jar:4.12]
	at org.junit.runners.ParentRunner$2.evaluate(ParentRunner.java:268) [junit.jar:4.12]
	at org.junit.runners.ParentRunner.run(ParentRunner.java:363) [junit.jar:4.12]
	at org.junit.runner.JUnitCore.run(JUnitCore.java:137) [junit.jar:4.12]
	at com.intellij.junit4.JUnit4IdeaTestRunner.startRunnerWithArgs(JUnit4IdeaTestRunner.java:68) [junit-rt.jar:?]
	at com.intellij.rt.execution.junit.IdeaTestRunner$Repeater.startRunnerWithArgs(IdeaTestRunner.java:47) [junit-rt.jar:?]
	at com.intellij.rt.execution.junit.JUnitStarter.prepareStreamsAndStart(JUnitStarter.java:242) [junit-rt.jar:?]
	at com.intellij.rt.execution.junit.JUnitStarter.main(JUnitStarter.java:70) [junit-rt.jar:?]
2019-05-17 00:13:17 INFO  AppConfigurationReader      - [parseConfiguration] User: TimWong
2019-05-17 00:13:17 INFO  UserFactory                 - [build] Create a user with name TimWong
2019-05-17 00:13:17 INFO  AppConfigurationReader      - [parseConfiguration] InstallLog: 2019-01-01,13:00:00,Wechat
2019-05-17 00:13:17 INFO  AppConfigurationReader      - [parseConfiguration] InstallLog: 2019-01-01,13:19:28,Eleme
2019-05-17 00:13:17 INFO  AppConfigurationReader      - [parseConfiguration] InstallLog: 2019-01-01,13:29:28,Didi
2019-05-17 00:13:17 INFO  AppConfigurationReader      - [parseConfiguration] InstallLog: 2019-01-02,12:59:28,QQ
2019-05-17 00:13:17 INFO  AppConfigurationReader      - [parseConfiguration] InstallLog: 2019-01-02,13:01:01,Weibo
2019-05-17 00:13:17 INFO  AppConfigurationReader      - [parseConfiguration] InstallLog: 2019-01-02,13:19:30,BaiduMap
2019-05-17 00:13:17 INFO  AppConfigurationReader      - [parseConfiguration] uninstallLog: 2019-01-02,12:00:28,Eleme
2019-05-17 00:13:17 INFO  AppConfigurationReader      - [parseConfiguration] uninstallLog: 2019-01-02,13:00:28,Didi
2019-05-17 00:13:17 INFO  AppConfigurationReader      - [parseConfiguration] UsageLog: 2019-01-01,15:00:00,Wechat,2
2019-05-17 00:13:17 INFO  AppConfigurationReader      - [parseConfiguration] UsageLog: 2019-01-01,16:00:00,Wechat,30
2019-05-17 00:13:17 INFO  AppConfigurationReader      - [parseConfiguration] UsageLog: 2019-01-01,17:00:00,Wechat,18
2019-05-17 00:13:17 INFO  AppConfigurationReader      - [parseConfiguration] UsageLog: 2019-01-01,18:00:00,Wechat,5
2019-05-17 00:13:17 INFO  AppConfigurationReader      - [parseConfiguration] UsageLog: 2019-01-01,15:30:00,Eleme,10
2019-05-17 00:13:17 INFO  AppConfigurationReader      - [parseConfiguration] UsageLog: 2019-01-02,08:30:00,Eleme,8
2019-05-17 00:13:17 INFO  AppConfigurationReader      - [parseConfiguration] UsageLog: 2019-01-01,23:40:59,Eleme,20
2019-05-17 00:13:17 INFO  AppConfigurationReader      - [parseConfiguration] UsageLog: 2019-01-02,15:00:00,QQ,20
2019-05-17 00:13:17 INFO  AppConfigurationReader      - [parseConfiguration] UsageLog: 2019-01-02,16:00:00,QQ,3
2019-05-17 00:13:17 INFO  AppConfigurationReader      - [parseConfiguration] UsageLog: 2019-01-02,15:30:00,Wechat,1
2019-05-17 00:13:17 INFO  AppConfigurationReader      - [parseConfiguration] UsageLog: 2019-01-03,11:00:00,Weibo,10
2019-05-17 00:13:17 INFO  AppConfigurationReader      - [parseConfiguration] UsageLog: 2019-01-03,09:00:00,BaiduMap,400
2019-05-17 00:13:17 INFO  AppConfigurationReader      - [parseConfiguration] App: Wechat,Tencent,13.2,"The most popular social networking App in China","Social network"
2019-05-17 00:13:17 INFO  AppFactory                  - [build] build an app with name Wechat
2019-05-17 00:13:17 INFO  AppConfigurationReader      - [parseConfiguration] App: QQ,Tencent,29.2,"The second popular social networking App in China","Social network"
2019-05-17 00:13:17 INFO  AppFactory                  - [build] build an app with name QQ
2019-05-17 00:13:17 INFO  AppConfigurationReader      - [parseConfiguration] App: Weibo,Sina,v0.2.3.4,"The third popular social networking App in China","Social network"
2019-05-17 00:13:17 INFO  AppFactory                  - [build] build an app with name Weibo
2019-05-17 00:13:17 INFO  AppConfigurationReader      - [parseConfiguration] App: Didi,Didi,ver03.32,"The most popular car sharing App in China","Travel"
2019-05-17 00:13:17 INFO  AppFactory                  - [build] build an app with name Didi
2019-05-17 00:13:17 INFO  AppConfigurationReader      - [parseConfiguration] App: Eleme,Eleme,20V0.03,"The most popular online food ordering App in China","Food"
2019-05-17 00:13:17 INFO  AppFactory                  - [build] build an app with name Eleme
2019-05-17 00:13:17 INFO  AppConfigurationReader      - [parseConfiguration] App: BaiduMap,Baidu,2.9000000.20v03,"The most popular map App in China","Travel"
2019-05-17 00:13:17 INFO  AppFactory                  - [build] build an app with name BaiduMap
2019-05-17 00:13:17 ERROR AppConfigurationReader      - [parseConfiguration] Wrong format of period
configuration.Exception.ConfigurationSyntaxException: 
Configuration Syntax error: Wrong format of period at line 34
File: PersonalAppEcosystem_PeriodFormat.txt
	at configuration.AppConfigurationReader.parseConfiguration(AppConfigurationReader.java:194) [Lab4-1170300520/:?]
	at configuration.ConfigurationReader.readFile(ConfigurationReader.java:47) [Lab4-1170300520/:?]
	at configuration.PersonalAppEcosystemException.periodFormat(PersonalAppEcosystemException.java:70) [Lab4-1170300520/:?]
	at sun.reflect.NativeMethodAccessorImpl.invoke0(Native Method) ~[?:1.8.0_211]
	at sun.reflect.NativeMethodAccessorImpl.invoke(NativeMethodAccessorImpl.java:62) ~[?:1.8.0_211]
	at sun.reflect.DelegatingMethodAccessorImpl.invoke(DelegatingMethodAccessorImpl.java:43) ~[?:1.8.0_211]
	at java.lang.reflect.Method.invoke(Method.java:498) ~[?:1.8.0_211]
	at org.junit.runners.model.FrameworkMethod$1.runReflectiveCall(FrameworkMethod.java:50) [junit.jar:4.12]
	at org.junit.internal.runners.model.ReflectiveCallable.run(ReflectiveCallable.java:12) [junit.jar:4.12]
	at org.junit.runners.model.FrameworkMethod.invokeExplosively(FrameworkMethod.java:47) [junit.jar:4.12]
	at org.junit.internal.runners.statements.InvokeMethod.evaluate(InvokeMethod.java:17) [junit.jar:4.12]
	at org.junit.internal.runners.statements.ExpectException.evaluate(ExpectException.java:19) [junit.jar:4.12]
	at org.junit.runners.ParentRunner.runLeaf(ParentRunner.java:325) [junit.jar:4.12]
	at org.junit.runners.BlockJUnit4ClassRunner.runChild(BlockJUnit4ClassRunner.java:78) [junit.jar:4.12]
	at org.junit.runners.BlockJUnit4ClassRunner.runChild(BlockJUnit4ClassRunner.java:57) [junit.jar:4.12]
	at org.junit.runners.ParentRunner$3.run(ParentRunner.java:290) [junit.jar:4.12]
	at org.junit.runners.ParentRunner$1.schedule(ParentRunner.java:71) [junit.jar:4.12]
	at org.junit.runners.ParentRunner.runChildren(ParentRunner.java:288) [junit.jar:4.12]
	at org.junit.runners.ParentRunner.access$000(ParentRunner.java:58) [junit.jar:4.12]
	at org.junit.runners.ParentRunner$2.evaluate(ParentRunner.java:268) [junit.jar:4.12]
	at org.junit.runners.ParentRunner.run(ParentRunner.java:363) [junit.jar:4.12]
	at org.junit.runners.Suite.runChild(Suite.java:128) [junit.jar:4.12]
	at org.junit.runners.Suite.runChild(Suite.java:27) [junit.jar:4.12]
	at org.junit.runners.ParentRunner$3.run(ParentRunner.java:290) [junit.jar:4.12]
	at org.junit.runners.ParentRunner$1.schedule(ParentRunner.java:71) [junit.jar:4.12]
	at org.junit.runners.ParentRunner.runChildren(ParentRunner.java:288) [junit.jar:4.12]
	at org.junit.runners.ParentRunner.access$000(ParentRunner.java:58) [junit.jar:4.12]
	at org.junit.runners.ParentRunner$2.evaluate(ParentRunner.java:268) [junit.jar:4.12]
	at org.junit.runners.ParentRunner.run(ParentRunner.java:363) [junit.jar:4.12]
	at org.junit.runner.JUnitCore.run(JUnitCore.java:137) [junit.jar:4.12]
	at com.intellij.junit4.JUnit4IdeaTestRunner.startRunnerWithArgs(JUnit4IdeaTestRunner.java:68) [junit-rt.jar:?]
	at com.intellij.rt.execution.junit.IdeaTestRunner$Repeater.startRunnerWithArgs(IdeaTestRunner.java:47) [junit-rt.jar:?]
	at com.intellij.rt.execution.junit.JUnitStarter.prepareStreamsAndStart(JUnitStarter.java:242) [junit-rt.jar:?]
	at com.intellij.rt.execution.junit.JUnitStarter.main(JUnitStarter.java:70) [junit-rt.jar:?]
2019-05-17 00:13:17 INFO  AppConfigurationReader      - [parseConfiguration] User: TimWong
2019-05-17 00:13:17 INFO  UserFactory                 - [build] Create a user with name TimWong
2019-05-17 00:13:17 INFO  AppConfigurationReader      - [parseConfiguration] InstallLog: 2019-01-01,13:00:00,Wechat
2019-05-17 00:13:17 INFO  AppConfigurationReader      - [parseConfiguration] InstallLog: 2019-01-01,13:19:28,Eleme
2019-05-17 00:13:17 ERROR AppConfigurationReader      - [parseConfiguration] Wrong format of install log
configuration.Exception.ConfigurationSyntaxException: 
Configuration Syntax error: Wrong format of install log at line 5
File: PersonalAppEcosystem_Calendar.txt
	at configuration.AppConfigurationReader.parseConfiguration(AppConfigurationReader.java:105) [Lab4-1170300520/:?]
	at configuration.ConfigurationReader.readFile(ConfigurationReader.java:47) [Lab4-1170300520/:?]
	at configuration.PersonalAppEcosystemException.calendar(PersonalAppEcosystemException.java:82) [Lab4-1170300520/:?]
	at sun.reflect.NativeMethodAccessorImpl.invoke0(Native Method) ~[?:1.8.0_211]
	at sun.reflect.NativeMethodAccessorImpl.invoke(NativeMethodAccessorImpl.java:62) ~[?:1.8.0_211]
	at sun.reflect.DelegatingMethodAccessorImpl.invoke(DelegatingMethodAccessorImpl.java:43) ~[?:1.8.0_211]
	at java.lang.reflect.Method.invoke(Method.java:498) ~[?:1.8.0_211]
	at org.junit.runners.model.FrameworkMethod$1.runReflectiveCall(FrameworkMethod.java:50) [junit.jar:4.12]
	at org.junit.internal.runners.model.ReflectiveCallable.run(ReflectiveCallable.java:12) [junit.jar:4.12]
	at org.junit.runners.model.FrameworkMethod.invokeExplosively(FrameworkMethod.java:47) [junit.jar:4.12]
	at org.junit.internal.runners.statements.InvokeMethod.evaluate(InvokeMethod.java:17) [junit.jar:4.12]
	at org.junit.internal.runners.statements.ExpectException.evaluate(ExpectException.java:19) [junit.jar:4.12]
	at org.junit.runners.ParentRunner.runLeaf(ParentRunner.java:325) [junit.jar:4.12]
	at org.junit.runners.BlockJUnit4ClassRunner.runChild(BlockJUnit4ClassRunner.java:78) [junit.jar:4.12]
	at org.junit.runners.BlockJUnit4ClassRunner.runChild(BlockJUnit4ClassRunner.java:57) [junit.jar:4.12]
	at org.junit.runners.ParentRunner$3.run(ParentRunner.java:290) [junit.jar:4.12]
	at org.junit.runners.ParentRunner$1.schedule(ParentRunner.java:71) [junit.jar:4.12]
	at org.junit.runners.ParentRunner.runChildren(ParentRunner.java:288) [junit.jar:4.12]
	at org.junit.runners.ParentRunner.access$000(ParentRunner.java:58) [junit.jar:4.12]
	at org.junit.runners.ParentRunner$2.evaluate(ParentRunner.java:268) [junit.jar:4.12]
	at org.junit.runners.ParentRunner.run(ParentRunner.java:363) [junit.jar:4.12]
	at org.junit.runners.Suite.runChild(Suite.java:128) [junit.jar:4.12]
	at org.junit.runners.Suite.runChild(Suite.java:27) [junit.jar:4.12]
	at org.junit.runners.ParentRunner$3.run(ParentRunner.java:290) [junit.jar:4.12]
	at org.junit.runners.ParentRunner$1.schedule(ParentRunner.java:71) [junit.jar:4.12]
	at org.junit.runners.ParentRunner.runChildren(ParentRunner.java:288) [junit.jar:4.12]
	at org.junit.runners.ParentRunner.access$000(ParentRunner.java:58) [junit.jar:4.12]
	at org.junit.runners.ParentRunner$2.evaluate(ParentRunner.java:268) [junit.jar:4.12]
	at org.junit.runners.ParentRunner.run(ParentRunner.java:363) [junit.jar:4.12]
	at org.junit.runner.JUnitCore.run(JUnitCore.java:137) [junit.jar:4.12]
	at com.intellij.junit4.JUnit4IdeaTestRunner.startRunnerWithArgs(JUnit4IdeaTestRunner.java:68) [junit-rt.jar:?]
	at com.intellij.rt.execution.junit.IdeaTestRunner$Repeater.startRunnerWithArgs(IdeaTestRunner.java:47) [junit-rt.jar:?]
	at com.intellij.rt.execution.junit.JUnitStarter.prepareStreamsAndStart(JUnitStarter.java:242) [junit-rt.jar:?]
	at com.intellij.rt.execution.junit.JUnitStarter.main(JUnitStarter.java:70) [junit-rt.jar:?]
2019-05-17 00:13:17 INFO  AppConfigurationReader      - [parseConfiguration] User: TimWong
2019-05-17 00:13:17 INFO  UserFactory                 - [build] Create a user with name TimWong
2019-05-17 00:13:17 INFO  AppConfigurationReader      - [parseConfiguration] InstallLog: 2019-01-01,13:00:00,Wechat
2019-05-17 00:13:17 INFO  AppConfigurationReader      - [parseConfiguration] InstallLog: 2019-01-01,13:19:28,Eleme
2019-05-17 00:13:17 INFO  AppConfigurationReader      - [parseConfiguration] InstallLog: 2019-01-01,13:29:28,Didi
2019-05-17 00:13:17 INFO  AppConfigurationReader      - [parseConfiguration] InstallLog: 2019-01-02,12:59:28,QQ
2019-05-17 00:13:17 INFO  AppConfigurationReader      - [parseConfiguration] InstallLog: 2019-01-02,13:01:01,Weibo
2019-05-17 00:13:17 INFO  AppConfigurationReader      - [parseConfiguration] InstallLog: 2019-01-02,13:19:30,BaiduMap
2019-05-17 00:13:17 INFO  AppConfigurationReader      - [parseConfiguration] uninstallLog: 2019-01-02,12:00:28,Eleme
2019-05-17 00:13:17 INFO  AppConfigurationReader      - [parseConfiguration] uninstallLog: 2019-01-02,13:00:28,Didi
2019-05-17 00:13:17 INFO  AppConfigurationReader      - [parseConfiguration] UsageLog: 2019-01-01,15:00:00,Wechat,2
2019-05-17 00:13:17 INFO  AppConfigurationReader      - [parseConfiguration] UsageLog: 2019-01-01,16:00:00,Wechat,30
2019-05-17 00:13:17 INFO  AppConfigurationReader      - [parseConfiguration] UsageLog: 2019-01-01,17:00:00,Wechat,18
2019-05-17 00:13:17 INFO  AppConfigurationReader      - [parseConfiguration] UsageLog: 2019-01-01,18:00:00,Wechat,5
2019-05-17 00:13:17 INFO  AppConfigurationReader      - [parseConfiguration] UsageLog: 2019-01-01,15:30:00,Eleme,10
2019-05-17 00:13:17 INFO  AppConfigurationReader      - [parseConfiguration] UsageLog: 2019-01-02,08:30:00,Eleme,8
2019-05-17 00:13:17 INFO  AppConfigurationReader      - [parseConfiguration] UsageLog: 2019-01-01,23:40:59,Eleme,20
2019-05-17 00:13:17 INFO  AppConfigurationReader      - [parseConfiguration] UsageLog: 2019-01-02,15:00:00,QQ,20
2019-05-17 00:13:17 INFO  AppConfigurationReader      - [parseConfiguration] UsageLog: 2019-01-02,16:00:00,QQ,3
2019-05-17 00:13:17 INFO  AppConfigurationReader      - [parseConfiguration] UsageLog: 2019-01-02,15:30:00,Wechat,1
2019-05-17 00:13:17 INFO  AppConfigurationReader      - [parseConfiguration] UsageLog: 2019-01-03,11:00:00,Weibo,10
2019-05-17 00:13:17 INFO  AppConfigurationReader      - [parseConfiguration] UsageLog: 2019-01-03,09:00:00,BaiduMap,400
2019-05-17 00:13:17 INFO  AppConfigurationReader      - [parseConfiguration] App: Wechat,Tencent,13.2,"The most popular social networking App in China","Social network"
2019-05-17 00:13:17 INFO  AppFactory                  - [build] build an app with name Wechat
2019-05-17 00:13:17 INFO  AppConfigurationReader      - [parseConfiguration] App: QQ,Tencent,29.2,"The second popular social networking App in China","Social network"
2019-05-17 00:13:17 INFO  AppFactory                  - [build] build an app with name QQ
2019-05-17 00:13:17 INFO  AppConfigurationReader      - [parseConfiguration] App: Weibo,Sina,v0.2.3.4,"The third popular social networking App in China","Social network"
2019-05-17 00:13:17 INFO  AppFactory                  - [build] build an app with name Weibo
2019-05-17 00:13:17 INFO  AppConfigurationReader      - [parseConfiguration] App: Didi,Didi,ver03.32,"The most popular car sharing App in China","Travel"
2019-05-17 00:13:17 INFO  AppFactory                  - [build] build an app with name Didi
2019-05-17 00:13:17 INFO  AppConfigurationReader      - [parseConfiguration] App: Eleme,Eleme,20V0.03,"The most popular online food ordering App in China","Food"
2019-05-17 00:13:17 INFO  AppFactory                  - [build] build an app with name Eleme
2019-05-17 00:13:17 INFO  AppConfigurationReader      - [parseConfiguration] App: BaiduMap,Baidu,2.9000000.20v03,"The most popular map App in China","Travel"
2019-05-17 00:13:17 INFO  AppFactory                  - [build] build an app with name BaiduMap
2019-05-17 00:13:17 INFO  AppConfigurationReader      - [parseConfiguration] Period: Day
2019-05-17 00:13:17 INFO  AppConfigurationReader      - [parseConfiguration] Relation: Wechat,Eleme
2019-05-17 00:13:17 INFO  AppConfigurationReader      - [parseConfiguration] Relation: Wechat,Wechat
2019-05-17 00:13:17 ERROR AppConfigurationReader      - [parseConfiguration] Invalid relation with duplicate app name
configuration.Exception.ConfigurationLabelException: 
Conflict Label Found: Invalid relation with duplicate app name at line 38
File: PersonalAppEcosystem_RelationLabel.txt
	at configuration.AppConfigurationReader.parseConfiguration(AppConfigurationReader.java:159) [Lab4-1170300520/:?]
	at configuration.ConfigurationReader.readFile(ConfigurationReader.java:47) [Lab4-1170300520/:?]
	at configuration.PersonalAppEcosystemException.relationLabel(PersonalAppEcosystemException.java:64) [Lab4-1170300520/:?]
	at sun.reflect.NativeMethodAccessorImpl.invoke0(Native Method) ~[?:1.8.0_211]
	at sun.reflect.NativeMethodAccessorImpl.invoke(NativeMethodAccessorImpl.java:62) ~[?:1.8.0_211]
	at sun.reflect.DelegatingMethodAccessorImpl.invoke(DelegatingMethodAccessorImpl.java:43) ~[?:1.8.0_211]
	at java.lang.reflect.Method.invoke(Method.java:498) ~[?:1.8.0_211]
	at org.junit.runners.model.FrameworkMethod$1.runReflectiveCall(FrameworkMethod.java:50) [junit.jar:4.12]
	at org.junit.internal.runners.model.ReflectiveCallable.run(ReflectiveCallable.java:12) [junit.jar:4.12]
	at org.junit.runners.model.FrameworkMethod.invokeExplosively(FrameworkMethod.java:47) [junit.jar:4.12]
	at org.junit.internal.runners.statements.InvokeMethod.evaluate(InvokeMethod.java:17) [junit.jar:4.12]
	at org.junit.internal.runners.statements.ExpectException.evaluate(ExpectException.java:19) [junit.jar:4.12]
	at org.junit.runners.ParentRunner.runLeaf(ParentRunner.java:325) [junit.jar:4.12]
	at org.junit.runners.BlockJUnit4ClassRunner.runChild(BlockJUnit4ClassRunner.java:78) [junit.jar:4.12]
	at org.junit.runners.BlockJUnit4ClassRunner.runChild(BlockJUnit4ClassRunner.java:57) [junit.jar:4.12]
	at org.junit.runners.ParentRunner$3.run(ParentRunner.java:290) [junit.jar:4.12]
	at org.junit.runners.ParentRunner$1.schedule(ParentRunner.java:71) [junit.jar:4.12]
	at org.junit.runners.ParentRunner.runChildren(ParentRunner.java:288) [junit.jar:4.12]
	at org.junit.runners.ParentRunner.access$000(ParentRunner.java:58) [junit.jar:4.12]
	at org.junit.runners.ParentRunner$2.evaluate(ParentRunner.java:268) [junit.jar:4.12]
	at org.junit.runners.ParentRunner.run(ParentRunner.java:363) [junit.jar:4.12]
	at org.junit.runners.Suite.runChild(Suite.java:128) [junit.jar:4.12]
	at org.junit.runners.Suite.runChild(Suite.java:27) [junit.jar:4.12]
	at org.junit.runners.ParentRunner$3.run(ParentRunner.java:290) [junit.jar:4.12]
	at org.junit.runners.ParentRunner$1.schedule(ParentRunner.java:71) [junit.jar:4.12]
	at org.junit.runners.ParentRunner.runChildren(ParentRunner.java:288) [junit.jar:4.12]
	at org.junit.runners.ParentRunner.access$000(ParentRunner.java:58) [junit.jar:4.12]
	at org.junit.runners.ParentRunner$2.evaluate(ParentRunner.java:268) [junit.jar:4.12]
	at org.junit.runners.ParentRunner.run(ParentRunner.java:363) [junit.jar:4.12]
	at org.junit.runner.JUnitCore.run(JUnitCore.java:137) [junit.jar:4.12]
	at com.intellij.junit4.JUnit4IdeaTestRunner.startRunnerWithArgs(JUnit4IdeaTestRunner.java:68) [junit-rt.jar:?]
	at com.intellij.rt.execution.junit.IdeaTestRunner$Repeater.startRunnerWithArgs(IdeaTestRunner.java:47) [junit-rt.jar:?]
	at com.intellij.rt.execution.junit.JUnitStarter.prepareStreamsAndStart(JUnitStarter.java:242) [junit-rt.jar:?]
	at com.intellij.rt.execution.junit.JUnitStarter.main(JUnitStarter.java:70) [junit-rt.jar:?]
2019-05-17 00:13:17 INFO  AppConfigurationReader      - [parseConfiguration] User: TimWong
2019-05-17 00:13:17 INFO  UserFactory                 - [build] Create a user with name TimWong
2019-05-17 00:13:17 INFO  AppConfigurationReader      - [parseConfiguration] InstallLog: 2019-01-01,13:00:00,Wechat
2019-05-17 00:13:17 INFO  AppConfigurationReader      - [parseConfiguration] InstallLog: 2019-01-01,13:19:28,Eleme
2019-05-17 00:13:17 INFO  AppConfigurationReader      - [parseConfiguration] InstallLog: 2019-01-01,13:29:28,Didi
2019-05-17 00:13:17 INFO  AppConfigurationReader      - [parseConfiguration] InstallLog: 2019-01-02,12:59:28,QQ
2019-05-17 00:13:17 INFO  AppConfigurationReader      - [parseConfiguration] InstallLog: 2019-01-02,13:01:01,Weibo
2019-05-17 00:13:17 INFO  AppConfigurationReader      - [parseConfiguration] InstallLog: 2019-01-02,13:19:30,BaiduMap
2019-05-17 00:13:17 INFO  AppConfigurationReader      - [parseConfiguration] uninstallLog: 2019-01-02,12:00:28,Eleme
2019-05-17 00:13:17 INFO  AppConfigurationReader      - [parseConfiguration] uninstallLog: 2019-01-02,13:00:28,Didi
2019-05-17 00:13:17 INFO  AppConfigurationReader      - [parseConfiguration] UsageLog: 2019-01-01,15:00:00,Wechat,2
2019-05-17 00:13:17 INFO  AppConfigurationReader      - [parseConfiguration] UsageLog: 2019-01-01,16:00:00,Wechat,30
2019-05-17 00:13:17 INFO  AppConfigurationReader      - [parseConfiguration] UsageLog: 2019-01-01,17:00:00,Wechat,18
2019-05-17 00:13:17 INFO  AppConfigurationReader      - [parseConfiguration] UsageLog: 2019-01-01,18:00:00,Wechat,5
2019-05-17 00:13:17 INFO  AppConfigurationReader      - [parseConfiguration] UsageLog: 2019-01-01,15:30:00,Eleme,10
2019-05-17 00:13:17 INFO  AppConfigurationReader      - [parseConfiguration] UsageLog: 2019-01-02,08:30:00,Eleme,8
2019-05-17 00:13:17 INFO  AppConfigurationReader      - [parseConfiguration] UsageLog: 2019-01-01,23:40:59,Eleme,20
2019-05-17 00:13:17 INFO  AppConfigurationReader      - [parseConfiguration] UsageLog: 2019-01-02,15:00:00,QQ,20
2019-05-17 00:13:17 INFO  AppConfigurationReader      - [parseConfiguration] UsageLog: 2019-01-02,16:00:00,QQ,3
2019-05-17 00:13:17 INFO  AppConfigurationReader      - [parseConfiguration] UsageLog: 2019-01-02,15:30:00,Wechat,1
2019-05-17 00:13:17 INFO  AppConfigurationReader      - [parseConfiguration] UsageLog: 2019-01-03,11:00:00,Weibo,10
2019-05-17 00:13:17 INFO  AppConfigurationReader      - [parseConfiguration] UsageLog: 2019-01-03,09:00:00,BaiduMap,400
2019-05-17 00:13:17 INFO  AppConfigurationReader      - [parseConfiguration] App: Wechat,Tencent,13.2,"The most popular social networking App in China","Social network"
2019-05-17 00:13:17 INFO  AppFactory                  - [build] build an app with name Wechat
2019-05-17 00:13:17 INFO  AppConfigurationReader      - [parseConfiguration] App: QQ,Tencent,29.2,"The second popular social networking App in China","Social network"
2019-05-17 00:13:17 INFO  AppFactory                  - [build] build an app with name QQ
2019-05-17 00:13:17 INFO  AppConfigurationReader      - [parseConfiguration] App: Weibo,Sina,v0.2.3.4,"The third popular social networking App in China","Social network"
2019-05-17 00:13:17 INFO  AppFactory                  - [build] build an app with name Weibo
2019-05-17 00:13:17 INFO  AppConfigurationReader      - [parseConfiguration] App: Didi,Didi,ver03.32,"The most popular car sharing App in China","Travel"
2019-05-17 00:13:17 INFO  AppFactory                  - [build] build an app with name Didi
2019-05-17 00:13:17 INFO  AppConfigurationReader      - [parseConfiguration] App: Eleme,Eleme,20V0.03,"The most popular online food ordering App in China","Food"
2019-05-17 00:13:17 INFO  AppFactory                  - [build] build an app with name Eleme
2019-05-17 00:13:17 INFO  AppConfigurationReader      - [parseConfiguration] App: BaiduMap,Baidu,2.9000000.20v03,"The most popular map App in China","Travel"
2019-05-17 00:13:17 INFO  AppFactory                  - [build] build an app with name BaiduMap
2019-05-17 00:13:17 INFO  AppConfigurationReader      - [parseConfiguration] Period: Day
2019-05-17 00:13:17 ERROR AppConfigurationReader      - [parseConfiguration] Wrong format of uninstall log
configuration.Exception.ConfigurationSyntaxException: 
Configuration Syntax error: Wrong format of uninstall log at line 37
File: PersonalAppEcosystem_RelationFormat.txt
	at configuration.AppConfigurationReader.parseConfiguration(AppConfigurationReader.java:166) [Lab4-1170300520/:?]
	at configuration.ConfigurationReader.readFile(ConfigurationReader.java:47) [Lab4-1170300520/:?]
	at configuration.PersonalAppEcosystemException.relationFormat(PersonalAppEcosystemException.java:58) [Lab4-1170300520/:?]
	at sun.reflect.NativeMethodAccessorImpl.invoke0(Native Method) ~[?:1.8.0_211]
	at sun.reflect.NativeMethodAccessorImpl.invoke(NativeMethodAccessorImpl.java:62) ~[?:1.8.0_211]
	at sun.reflect.DelegatingMethodAccessorImpl.invoke(DelegatingMethodAccessorImpl.java:43) ~[?:1.8.0_211]
	at java.lang.reflect.Method.invoke(Method.java:498) ~[?:1.8.0_211]
	at org.junit.runners.model.FrameworkMethod$1.runReflectiveCall(FrameworkMethod.java:50) [junit.jar:4.12]
	at org.junit.internal.runners.model.ReflectiveCallable.run(ReflectiveCallable.java:12) [junit.jar:4.12]
	at org.junit.runners.model.FrameworkMethod.invokeExplosively(FrameworkMethod.java:47) [junit.jar:4.12]
	at org.junit.internal.runners.statements.InvokeMethod.evaluate(InvokeMethod.java:17) [junit.jar:4.12]
	at org.junit.internal.runners.statements.ExpectException.evaluate(ExpectException.java:19) [junit.jar:4.12]
	at org.junit.runners.ParentRunner.runLeaf(ParentRunner.java:325) [junit.jar:4.12]
	at org.junit.runners.BlockJUnit4ClassRunner.runChild(BlockJUnit4ClassRunner.java:78) [junit.jar:4.12]
	at org.junit.runners.BlockJUnit4ClassRunner.runChild(BlockJUnit4ClassRunner.java:57) [junit.jar:4.12]
	at org.junit.runners.ParentRunner$3.run(ParentRunner.java:290) [junit.jar:4.12]
	at org.junit.runners.ParentRunner$1.schedule(ParentRunner.java:71) [junit.jar:4.12]
	at org.junit.runners.ParentRunner.runChildren(ParentRunner.java:288) [junit.jar:4.12]
	at org.junit.runners.ParentRunner.access$000(ParentRunner.java:58) [junit.jar:4.12]
	at org.junit.runners.ParentRunner$2.evaluate(ParentRunner.java:268) [junit.jar:4.12]
	at org.junit.runners.ParentRunner.run(ParentRunner.java:363) [junit.jar:4.12]
	at org.junit.runners.Suite.runChild(Suite.java:128) [junit.jar:4.12]
	at org.junit.runners.Suite.runChild(Suite.java:27) [junit.jar:4.12]
	at org.junit.runners.ParentRunner$3.run(ParentRunner.java:290) [junit.jar:4.12]
	at org.junit.runners.ParentRunner$1.schedule(ParentRunner.java:71) [junit.jar:4.12]
	at org.junit.runners.ParentRunner.runChildren(ParentRunner.java:288) [junit.jar:4.12]
	at org.junit.runners.ParentRunner.access$000(ParentRunner.java:58) [junit.jar:4.12]
	at org.junit.runners.ParentRunner$2.evaluate(ParentRunner.java:268) [junit.jar:4.12]
	at org.junit.runners.ParentRunner.run(ParentRunner.java:363) [junit.jar:4.12]
	at org.junit.runner.JUnitCore.run(JUnitCore.java:137) [junit.jar:4.12]
	at com.intellij.junit4.JUnit4IdeaTestRunner.startRunnerWithArgs(JUnit4IdeaTestRunner.java:68) [junit-rt.jar:?]
	at com.intellij.rt.execution.junit.IdeaTestRunner$Repeater.startRunnerWithArgs(IdeaTestRunner.java:47) [junit-rt.jar:?]
	at com.intellij.rt.execution.junit.JUnitStarter.prepareStreamsAndStart(JUnitStarter.java:242) [junit-rt.jar:?]
	at com.intellij.rt.execution.junit.JUnitStarter.main(JUnitStarter.java:70) [junit-rt.jar:?]
2019-05-17 00:13:17 ERROR AppConfigurationReader      - [parseConfiguration] Wrong format of user name
configuration.Exception.ConfigurationSyntaxException: 
Configuration Syntax error: Wrong format of user name at line 1
File: PersonalAppEcosystem_Name.txt
	at configuration.AppConfigurationReader.parseConfiguration(AppConfigurationReader.java:63) [Lab4-1170300520/:?]
	at configuration.ConfigurationReader.readFile(ConfigurationReader.java:47) [Lab4-1170300520/:?]
	at configuration.PersonalAppEcosystemException.appUserNameFormat(PersonalAppEcosystemException.java:16) [Lab4-1170300520/:?]
	at sun.reflect.NativeMethodAccessorImpl.invoke0(Native Method) ~[?:1.8.0_211]
	at sun.reflect.NativeMethodAccessorImpl.invoke(NativeMethodAccessorImpl.java:62) ~[?:1.8.0_211]
	at sun.reflect.DelegatingMethodAccessorImpl.invoke(DelegatingMethodAccessorImpl.java:43) ~[?:1.8.0_211]
	at java.lang.reflect.Method.invoke(Method.java:498) ~[?:1.8.0_211]
	at org.junit.runners.model.FrameworkMethod$1.runReflectiveCall(FrameworkMethod.java:50) [junit.jar:4.12]
	at org.junit.internal.runners.model.ReflectiveCallable.run(ReflectiveCallable.java:12) [junit.jar:4.12]
	at org.junit.runners.model.FrameworkMethod.invokeExplosively(FrameworkMethod.java:47) [junit.jar:4.12]
	at org.junit.internal.runners.statements.InvokeMethod.evaluate(InvokeMethod.java:17) [junit.jar:4.12]
	at org.junit.internal.runners.statements.ExpectException.evaluate(ExpectException.java:19) [junit.jar:4.12]
	at org.junit.runners.ParentRunner.runLeaf(ParentRunner.java:325) [junit.jar:4.12]
	at org.junit.runners.BlockJUnit4ClassRunner.runChild(BlockJUnit4ClassRunner.java:78) [junit.jar:4.12]
	at org.junit.runners.BlockJUnit4ClassRunner.runChild(BlockJUnit4ClassRunner.java:57) [junit.jar:4.12]
	at org.junit.runners.ParentRunner$3.run(ParentRunner.java:290) [junit.jar:4.12]
	at org.junit.runners.ParentRunner$1.schedule(ParentRunner.java:71) [junit.jar:4.12]
	at org.junit.runners.ParentRunner.runChildren(ParentRunner.java:288) [junit.jar:4.12]
	at org.junit.runners.ParentRunner.access$000(ParentRunner.java:58) [junit.jar:4.12]
	at org.junit.runners.ParentRunner$2.evaluate(ParentRunner.java:268) [junit.jar:4.12]
	at org.junit.runners.ParentRunner.run(ParentRunner.java:363) [junit.jar:4.12]
	at org.junit.runners.Suite.runChild(Suite.java:128) [junit.jar:4.12]
	at org.junit.runners.Suite.runChild(Suite.java:27) [junit.jar:4.12]
	at org.junit.runners.ParentRunner$3.run(ParentRunner.java:290) [junit.jar:4.12]
	at org.junit.runners.ParentRunner$1.schedule(ParentRunner.java:71) [junit.jar:4.12]
	at org.junit.runners.ParentRunner.runChildren(ParentRunner.java:288) [junit.jar:4.12]
	at org.junit.runners.ParentRunner.access$000(ParentRunner.java:58) [junit.jar:4.12]
	at org.junit.runners.ParentRunner$2.evaluate(ParentRunner.java:268) [junit.jar:4.12]
	at org.junit.runners.ParentRunner.run(ParentRunner.java:363) [junit.jar:4.12]
	at org.junit.runner.JUnitCore.run(JUnitCore.java:137) [junit.jar:4.12]
	at com.intellij.junit4.JUnit4IdeaTestRunner.startRunnerWithArgs(JUnit4IdeaTestRunner.java:68) [junit-rt.jar:?]
	at com.intellij.rt.execution.junit.IdeaTestRunner$Repeater.startRunnerWithArgs(IdeaTestRunner.java:47) [junit-rt.jar:?]
	at com.intellij.rt.execution.junit.JUnitStarter.prepareStreamsAndStart(JUnitStarter.java:242) [junit-rt.jar:?]
	at com.intellij.rt.execution.junit.JUnitStarter.main(JUnitStarter.java:70) [junit-rt.jar:?]
2019-05-17 00:13:17 INFO  AppConfigurationReader      - [parseConfiguration] User: TimWong
2019-05-17 00:13:17 INFO  UserFactory                 - [build] Create a user with name TimWong
2019-05-17 00:13:17 INFO  AppConfigurationReader      - [parseConfiguration] InstallLog: 2019-01-01,13:00:00,Wechat
2019-05-17 00:13:17 INFO  AppConfigurationReader      - [parseConfiguration] InstallLog: 2019-01-01,13:19:28,Eleme
2019-05-17 00:13:17 INFO  AppConfigurationReader      - [parseConfiguration] InstallLog: 2019-01-01,13:29:28,Didi
2019-05-17 00:13:17 INFO  AppConfigurationReader      - [parseConfiguration] InstallLog: 2019-01-02,12:59:28,QQ
2019-05-17 00:13:17 INFO  AppConfigurationReader      - [parseConfiguration] InstallLog: 2019-01-02,13:01:01,Weibo
2019-05-17 00:13:17 INFO  AppConfigurationReader      - [parseConfiguration] InstallLog: 2019-01-02,13:19:30,BaiduMap
2019-05-17 00:13:17 INFO  AppConfigurationReader      - [parseConfiguration] uninstallLog: 2019-01-02,12:00:28,Eleme
2019-05-17 00:13:17 ERROR AppConfigurationReader      - [parseConfiguration] Wrong format of uninstall log
configuration.Exception.ConfigurationSyntaxException: 
Configuration Syntax error: Wrong format of uninstall log at line 11
File: PersonalAppEcosystem_UninstallLogFormat.txt
	at configuration.AppConfigurationReader.parseConfiguration(AppConfigurationReader.java:146) [Lab4-1170300520/:?]
	at configuration.ConfigurationReader.readFile(ConfigurationReader.java:47) [Lab4-1170300520/:?]
	at configuration.PersonalAppEcosystemException.appUninstallLogFormat(PersonalAppEcosystemException.java:40) [Lab4-1170300520/:?]
	at sun.reflect.NativeMethodAccessorImpl.invoke0(Native Method) ~[?:1.8.0_211]
	at sun.reflect.NativeMethodAccessorImpl.invoke(NativeMethodAccessorImpl.java:62) ~[?:1.8.0_211]
	at sun.reflect.DelegatingMethodAccessorImpl.invoke(DelegatingMethodAccessorImpl.java:43) ~[?:1.8.0_211]
	at java.lang.reflect.Method.invoke(Method.java:498) ~[?:1.8.0_211]
	at org.junit.runners.model.FrameworkMethod$1.runReflectiveCall(FrameworkMethod.java:50) [junit.jar:4.12]
	at org.junit.internal.runners.model.ReflectiveCallable.run(ReflectiveCallable.java:12) [junit.jar:4.12]
	at org.junit.runners.model.FrameworkMethod.invokeExplosively(FrameworkMethod.java:47) [junit.jar:4.12]
	at org.junit.internal.runners.statements.InvokeMethod.evaluate(InvokeMethod.java:17) [junit.jar:4.12]
	at org.junit.internal.runners.statements.ExpectException.evaluate(ExpectException.java:19) [junit.jar:4.12]
	at org.junit.runners.ParentRunner.runLeaf(ParentRunner.java:325) [junit.jar:4.12]
	at org.junit.runners.BlockJUnit4ClassRunner.runChild(BlockJUnit4ClassRunner.java:78) [junit.jar:4.12]
	at org.junit.runners.BlockJUnit4ClassRunner.runChild(BlockJUnit4ClassRunner.java:57) [junit.jar:4.12]
	at org.junit.runners.ParentRunner$3.run(ParentRunner.java:290) [junit.jar:4.12]
	at org.junit.runners.ParentRunner$1.schedule(ParentRunner.java:71) [junit.jar:4.12]
	at org.junit.runners.ParentRunner.runChildren(ParentRunner.java:288) [junit.jar:4.12]
	at org.junit.runners.ParentRunner.access$000(ParentRunner.java:58) [junit.jar:4.12]
	at org.junit.runners.ParentRunner$2.evaluate(ParentRunner.java:268) [junit.jar:4.12]
	at org.junit.runners.ParentRunner.run(ParentRunner.java:363) [junit.jar:4.12]
	at org.junit.runners.Suite.runChild(Suite.java:128) [junit.jar:4.12]
	at org.junit.runners.Suite.runChild(Suite.java:27) [junit.jar:4.12]
	at org.junit.runners.ParentRunner$3.run(ParentRunner.java:290) [junit.jar:4.12]
	at org.junit.runners.ParentRunner$1.schedule(ParentRunner.java:71) [junit.jar:4.12]
	at org.junit.runners.ParentRunner.runChildren(ParentRunner.java:288) [junit.jar:4.12]
	at org.junit.runners.ParentRunner.access$000(ParentRunner.java:58) [junit.jar:4.12]
	at org.junit.runners.ParentRunner$2.evaluate(ParentRunner.java:268) [junit.jar:4.12]
	at org.junit.runners.ParentRunner.run(ParentRunner.java:363) [junit.jar:4.12]
	at org.junit.runner.JUnitCore.run(JUnitCore.java:137) [junit.jar:4.12]
	at com.intellij.junit4.JUnit4IdeaTestRunner.startRunnerWithArgs(JUnit4IdeaTestRunner.java:68) [junit-rt.jar:?]
	at com.intellij.rt.execution.junit.IdeaTestRunner$Repeater.startRunnerWithArgs(IdeaTestRunner.java:47) [junit-rt.jar:?]
	at com.intellij.rt.execution.junit.JUnitStarter.prepareStreamsAndStart(JUnitStarter.java:242) [junit-rt.jar:?]
	at com.intellij.rt.execution.junit.JUnitStarter.main(JUnitStarter.java:70) [junit-rt.jar:?]
2019-05-17 00:13:17 INFO  AppConfigurationReader      - [parseConfiguration] User: TimWong
2019-05-17 00:13:17 INFO  UserFactory                 - [build] Create a user with name TimWong
2019-05-17 00:13:17 INFO  AppConfigurationReader      - [parseConfiguration] InstallLog: 2019-01-01,13:00:00,Wechat
2019-05-17 00:13:17 INFO  AppConfigurationReader      - [parseConfiguration] InstallLog: 2019-01-01,13:19:28,Eleme
2019-05-17 00:13:17 INFO  AppConfigurationReader      - [parseConfiguration] InstallLog: 2019-01-01,13:29:28,Didi
2019-05-17 00:13:17 INFO  AppConfigurationReader      - [parseConfiguration] InstallLog: 2019-01-02,12:59:28,QQ
2019-05-17 00:13:17 INFO  AppConfigurationReader      - [parseConfiguration] InstallLog: 2019-01-02,13:01:01,Weibo
2019-05-17 00:13:17 ERROR AppConfigurationReader      - [parseConfiguration] Wrong format of install log
configuration.Exception.ConfigurationSyntaxException: 
Configuration Syntax error: Wrong format of install log at line 8
File: PersonalAppEcosystem_InstallLogFormat.txt
	at configuration.AppConfigurationReader.parseConfiguration(AppConfigurationReader.java:105) [Lab4-1170300520/:?]
	at configuration.ConfigurationReader.readFile(ConfigurationReader.java:47) [Lab4-1170300520/:?]
	at configuration.PersonalAppEcosystemException.appInstallLogFormat(PersonalAppEcosystemException.java:34) [Lab4-1170300520/:?]
	at sun.reflect.NativeMethodAccessorImpl.invoke0(Native Method) ~[?:1.8.0_211]
	at sun.reflect.NativeMethodAccessorImpl.invoke(NativeMethodAccessorImpl.java:62) ~[?:1.8.0_211]
	at sun.reflect.DelegatingMethodAccessorImpl.invoke(DelegatingMethodAccessorImpl.java:43) ~[?:1.8.0_211]
	at java.lang.reflect.Method.invoke(Method.java:498) ~[?:1.8.0_211]
	at org.junit.runners.model.FrameworkMethod$1.runReflectiveCall(FrameworkMethod.java:50) [junit.jar:4.12]
	at org.junit.internal.runners.model.ReflectiveCallable.run(ReflectiveCallable.java:12) [junit.jar:4.12]
	at org.junit.runners.model.FrameworkMethod.invokeExplosively(FrameworkMethod.java:47) [junit.jar:4.12]
	at org.junit.internal.runners.statements.InvokeMethod.evaluate(InvokeMethod.java:17) [junit.jar:4.12]
	at org.junit.internal.runners.statements.ExpectException.evaluate(ExpectException.java:19) [junit.jar:4.12]
	at org.junit.runners.ParentRunner.runLeaf(ParentRunner.java:325) [junit.jar:4.12]
	at org.junit.runners.BlockJUnit4ClassRunner.runChild(BlockJUnit4ClassRunner.java:78) [junit.jar:4.12]
	at org.junit.runners.BlockJUnit4ClassRunner.runChild(BlockJUnit4ClassRunner.java:57) [junit.jar:4.12]
	at org.junit.runners.ParentRunner$3.run(ParentRunner.java:290) [junit.jar:4.12]
	at org.junit.runners.ParentRunner$1.schedule(ParentRunner.java:71) [junit.jar:4.12]
	at org.junit.runners.ParentRunner.runChildren(ParentRunner.java:288) [junit.jar:4.12]
	at org.junit.runners.ParentRunner.access$000(ParentRunner.java:58) [junit.jar:4.12]
	at org.junit.runners.ParentRunner$2.evaluate(ParentRunner.java:268) [junit.jar:4.12]
	at org.junit.runners.ParentRunner.run(ParentRunner.java:363) [junit.jar:4.12]
	at org.junit.runners.Suite.runChild(Suite.java:128) [junit.jar:4.12]
	at org.junit.runners.Suite.runChild(Suite.java:27) [junit.jar:4.12]
	at org.junit.runners.ParentRunner$3.run(ParentRunner.java:290) [junit.jar:4.12]
	at org.junit.runners.ParentRunner$1.schedule(ParentRunner.java:71) [junit.jar:4.12]
	at org.junit.runners.ParentRunner.runChildren(ParentRunner.java:288) [junit.jar:4.12]
	at org.junit.runners.ParentRunner.access$000(ParentRunner.java:58) [junit.jar:4.12]
	at org.junit.runners.ParentRunner$2.evaluate(ParentRunner.java:268) [junit.jar:4.12]
	at org.junit.runners.ParentRunner.run(ParentRunner.java:363) [junit.jar:4.12]
	at org.junit.runner.JUnitCore.run(JUnitCore.java:137) [junit.jar:4.12]
	at com.intellij.junit4.JUnit4IdeaTestRunner.startRunnerWithArgs(JUnit4IdeaTestRunner.java:68) [junit-rt.jar:?]
	at com.intellij.rt.execution.junit.IdeaTestRunner$Repeater.startRunnerWithArgs(IdeaTestRunner.java:47) [junit-rt.jar:?]
	at com.intellij.rt.execution.junit.JUnitStarter.prepareStreamsAndStart(JUnitStarter.java:242) [junit-rt.jar:?]
	at com.intellij.rt.execution.junit.JUnitStarter.main(JUnitStarter.java:70) [junit-rt.jar:?]
2019-05-17 00:13:17 INFO  StellarConfigurationReader  - [parseConfiguration] Stellar: Sun,6.96392e5,1.9885e30
2019-05-17 00:13:17 INFO  StellarFactory              - [build] Create a stellar with name Sun, radius 696392.0, weight 1.9885E30
2019-05-17 00:13:17 INFO  StellarConfigurationReader  - [parseConfiguration] Planet: Earth,Solid,Blue,6378.137,1.49e8,29.783,CW,0
2019-05-17 00:13:17 INFO  PlanetFactory               - [build] Build a planet with name Earth, state Solid, color Blue, radius 6378.137, trackRadius 1.49E8, speed 1.1452618800255912E-5, clockwise true, startAngle 0.0
2019-05-17 00:13:17 INFO  StellarConfigurationReader  - [parseConfiguration] Planet: Mercury,Solid,Dark,1378.137,1.49e7,69,CW,20.085
2019-05-17 00:13:17 INFO  PlanetFactory               - [build] Build a planet with name Mercury, state Solid, color Dark, radius 1378.137, trackRadius 1.49E7, speed 2.6532944875185774E-4, clockwise true, startAngle 20.085
2019-05-17 00:13:17 INFO  StellarConfigurationReader  - [parseConfiguration] Planet: Saturn,Liquid,Red,2378,1.49e6,2.33e5,CCW,39.21
2019-05-17 00:13:17 INFO  PlanetFactory               - [build] Build a planet with name Saturn, state Liquid, color Red, radius 2378.0, trackRadius 1490000.0, speed 8.95967558828737, clockwise false, startAngle 39.21
2019-05-17 00:13:17 INFO  StellarConfigurationReader  - [parseConfiguration] Planet: Jupiter,Gas,Blue,1637.007,2e8,30,CW,70
2019-05-17 00:13:17 INFO  PlanetFactory               - [build] Build a planet with name Jupiter, state Gas, color Blue, radius 1637.007, trackRadius 2.0E8, speed 8.59436692696235E-6, clockwise true, startAngle 70.0
2019-05-17 00:13:17 INFO  StellarConfigurationReader  - [parseConfiguration] Planet: Mars,Silid,Red,637.137,9.99e10,1000.93,CCW,110
2019-05-17 00:13:17 INFO  PlanetFactory               - [build] Build a planet with name Mars, state Silid, color Red, radius 637.137, trackRadius 9.99E10, speed 5.740647105908857E-7, clockwise false, startAngle 110.0
2019-05-17 00:13:17 INFO  StellarConfigurationReader  - [parseConfiguration] Planet: Neptune,Liquid,Yellow,6627.137,1.49e5,9293.05,CCW,360
2019-05-17 00:13:17 INFO  PlanetFactory               - [build] Build a planet with name Neptune, state Liquid, color Yellow, radius 6627.137, trackRadius 149000.0, speed 3.5735070053963063, clockwise false, startAngle 360.0
2019-05-17 00:13:17 INFO  StellarConfigurationReader  - [parseConfiguration] Planet: Uranus,Gas,Blue,637.137,1.49e11,1e5,CW,359
2019-05-17 00:13:17 INFO  PlanetFactory               - [build] Build a planet with name Uranus, state Gas, color Blue, radius 637.137, trackRadius 1.49E11, speed 3.845354329737069E-5, clockwise true, startAngle 359.0
2019-05-17 00:13:17 INFO  StellarConfigurationReader  - [parseConfiguration] Planet: Venus,Solid,Red,6378.137,1.49e20,203.24,CCW,181.23
2019-05-17 00:13:17 INFO  PlanetFactory               - [build] Build a planet with name Venus, state Solid, color Red, radius 6378.137, trackRadius 1.49E20, speed 7.81529813975762E-17, clockwise false, startAngle 181.23
2019-05-17 00:13:17 INFO  StellarConfigurationReader  - [parseConfiguration] Stellar: Sun,60000,1.9885e30
2019-05-17 00:13:17 INFO  StellarConfigurationReader  - [parseConfiguration] Stellar: Sun,6.96392e5,1.9885e30
2019-05-17 00:13:17 INFO  StellarFactory              - [build] Create a stellar with name Sun, radius 696392.0, weight 1.9885E30
2019-05-17 00:13:17 INFO  StellarConfigurationReader  - [parseConfiguration] Planet: Earth,Solid,Blue,6378.137,1.49e8,29.783,CW,0
2019-05-17 00:13:17 INFO  PlanetFactory               - [build] Build a planet with name Earth, state Solid, color Blue, radius 6378.137, trackRadius 1.49E8, speed 1.1452618800255912E-5, clockwise true, startAngle 0.0
2019-05-17 00:13:17 INFO  StellarConfigurationReader  - [parseConfiguration] Planet: Mercury,Solid,Dark,1378.137,1.49e7,69,CW,20.085
2019-05-17 00:13:17 INFO  PlanetFactory               - [build] Build a planet with name Mercury, state Solid, color Dark, radius 1378.137, trackRadius 1.49E7, speed 2.6532944875185774E-4, clockwise true, startAngle 20.085
2019-05-17 00:13:17 INFO  StellarConfigurationReader  - [parseConfiguration] Planet: Saturn,Liquid,Red,2378,1.49e6,2.33e5,CCW,39.21
2019-05-17 00:13:17 INFO  PlanetFactory               - [build] Build a planet with name Saturn, state Liquid, color Red, radius 2378.0, trackRadius 1490000.0, speed 8.95967558828737, clockwise false, startAngle 39.21
2019-05-17 00:13:17 INFO  StellarConfigurationReader  - [parseConfiguration] Planet: Jupiter,Gas,Blue,1637.007,2e8,30,CW,70
2019-05-17 00:13:17 INFO  PlanetFactory               - [build] Build a planet with name Jupiter, state Gas, color Blue, radius 1637.007, trackRadius 2.0E8, speed 8.59436692696235E-6, clockwise true, startAngle 70.0
2019-05-17 00:13:17 INFO  StellarConfigurationReader  - [parseConfiguration] Planet: Mars,Silid,Red,637.137,9.99e10,1000.93,CCW,110
2019-05-17 00:13:17 INFO  PlanetFactory               - [build] Build a planet with name Mars, state Silid, color Red, radius 637.137, trackRadius 9.99E10, speed 5.740647105908857E-7, clockwise false, startAngle 110.0
2019-05-17 00:13:17 INFO  StellarConfigurationReader  - [parseConfiguration] Planet: Neptune,Liquid,Yellow,6627.137,1.49e5,9293.05,CCW,360
2019-05-17 00:13:17 INFO  PlanetFactory               - [build] Build a planet with name Neptune, state Liquid, color Yellow, radius 6627.137, trackRadius 149000.0, speed 3.5735070053963063, clockwise false, startAngle 360.0
2019-05-17 00:13:17 INFO  StellarConfigurationReader  - [parseConfiguration] Planet: Uranus,Gas,Blue,637.137,1.49e11,1e5,CW,359
2019-05-17 00:13:17 INFO  PlanetFactory               - [build] Build a planet with name Uranus, state Gas, color Blue, radius 637.137, trackRadius 1.49E11, speed 3.845354329737069E-5, clockwise true, startAngle 359.0
2019-05-17 00:13:17 INFO  StellarConfigurationReader  - [parseConfiguration] Planet: Venus,Solid,Red,6378.137,1.49e20,203.24,CCW,181.23
2019-05-17 00:13:17 INFO  PlanetFactory               - [build] Build a planet with name Venus, state Solid, color Red, radius 6378.137, trackRadius 1.49E20, speed 7.81529813975762E-17, clockwise false, startAngle 181.23
2019-05-17 00:13:17 ERROR StellarConfigurationReader  - [parseConfiguration] Invalid label 'Something'
configuration.Exception.ConfigurationSyntaxException: 
Configuration Syntax error: Invalid label 'Something' at line 10
File: StellarSystem_UnknownLabel.txt
	at configuration.StellarConfigurationReader.parseConfiguration(StellarConfigurationReader.java:120) [Lab4-1170300520/:?]
	at configuration.ConfigurationReader.readFile(ConfigurationReader.java:47) [Lab4-1170300520/:?]
	at configuration.StellarSystemException.unknownLabel(StellarSystemException.java:52) [Lab4-1170300520/:?]
	at sun.reflect.NativeMethodAccessorImpl.invoke0(Native Method) ~[?:1.8.0_211]
	at sun.reflect.NativeMethodAccessorImpl.invoke(NativeMethodAccessorImpl.java:62) ~[?:1.8.0_211]
	at sun.reflect.DelegatingMethodAccessorImpl.invoke(DelegatingMethodAccessorImpl.java:43) ~[?:1.8.0_211]
	at java.lang.reflect.Method.invoke(Method.java:498) ~[?:1.8.0_211]
	at org.junit.runners.model.FrameworkMethod$1.runReflectiveCall(FrameworkMethod.java:50) [junit.jar:4.12]
	at org.junit.internal.runners.model.ReflectiveCallable.run(ReflectiveCallable.java:12) [junit.jar:4.12]
	at org.junit.runners.model.FrameworkMethod.invokeExplosively(FrameworkMethod.java:47) [junit.jar:4.12]
	at org.junit.internal.runners.statements.InvokeMethod.evaluate(InvokeMethod.java:17) [junit.jar:4.12]
	at org.junit.internal.runners.statements.ExpectException.evaluate(ExpectException.java:19) [junit.jar:4.12]
	at org.junit.runners.ParentRunner.runLeaf(ParentRunner.java:325) [junit.jar:4.12]
	at org.junit.runners.BlockJUnit4ClassRunner.runChild(BlockJUnit4ClassRunner.java:78) [junit.jar:4.12]
	at org.junit.runners.BlockJUnit4ClassRunner.runChild(BlockJUnit4ClassRunner.java:57) [junit.jar:4.12]
	at org.junit.runners.ParentRunner$3.run(ParentRunner.java:290) [junit.jar:4.12]
	at org.junit.runners.ParentRunner$1.schedule(ParentRunner.java:71) [junit.jar:4.12]
	at org.junit.runners.ParentRunner.runChildren(ParentRunner.java:288) [junit.jar:4.12]
	at org.junit.runners.ParentRunner.access$000(ParentRunner.java:58) [junit.jar:4.12]
	at org.junit.runners.ParentRunner$2.evaluate(ParentRunner.java:268) [junit.jar:4.12]
	at org.junit.runners.ParentRunner.run(ParentRunner.java:363) [junit.jar:4.12]
	at org.junit.runners.Suite.runChild(Suite.java:128) [junit.jar:4.12]
	at org.junit.runners.Suite.runChild(Suite.java:27) [junit.jar:4.12]
	at org.junit.runners.ParentRunner$3.run(ParentRunner.java:290) [junit.jar:4.12]
	at org.junit.runners.ParentRunner$1.schedule(ParentRunner.java:71) [junit.jar:4.12]
	at org.junit.runners.ParentRunner.runChildren(ParentRunner.java:288) [junit.jar:4.12]
	at org.junit.runners.ParentRunner.access$000(ParentRunner.java:58) [junit.jar:4.12]
	at org.junit.runners.ParentRunner$2.evaluate(ParentRunner.java:268) [junit.jar:4.12]
	at org.junit.runners.ParentRunner.run(ParentRunner.java:363) [junit.jar:4.12]
	at org.junit.runner.JUnitCore.run(JUnitCore.java:137) [junit.jar:4.12]
	at com.intellij.junit4.JUnit4IdeaTestRunner.startRunnerWithArgs(JUnit4IdeaTestRunner.java:68) [junit-rt.jar:?]
	at com.intellij.rt.execution.junit.IdeaTestRunner$Repeater.startRunnerWithArgs(IdeaTestRunner.java:47) [junit-rt.jar:?]
	at com.intellij.rt.execution.junit.JUnitStarter.prepareStreamsAndStart(JUnitStarter.java:242) [junit-rt.jar:?]
	at com.intellij.rt.execution.junit.JUnitStarter.main(JUnitStarter.java:70) [junit-rt.jar:?]
2019-05-17 00:13:17 INFO  StellarConfigurationReader  - [parseConfiguration] Stellar: Sun,6.96392e2,1.9885e30
2019-05-17 00:13:17 ERROR StellarConfigurationReader  - [validateNumber] Improper use of Scientific notation
configuration.Exception.ConfigurationSyntaxException: 
Configuration Syntax error: Improper use of Scientific notation at line 1
File: StellarSystem_WrongPower2.txt
	at configuration.StellarConfigurationReader.validateNumber(StellarConfigurationReader.java:163) [Lab4-1170300520/:?]
	at configuration.StellarConfigurationReader.parseConfiguration(StellarConfigurationReader.java:64) [Lab4-1170300520/:?]
	at configuration.ConfigurationReader.readFile(ConfigurationReader.java:47) [Lab4-1170300520/:?]
	at configuration.StellarSystemException.wrongPower2(StellarSystemException.java:76) [Lab4-1170300520/:?]
	at sun.reflect.NativeMethodAccessorImpl.invoke0(Native Method) ~[?:1.8.0_211]
	at sun.reflect.NativeMethodAccessorImpl.invoke(NativeMethodAccessorImpl.java:62) ~[?:1.8.0_211]
	at sun.reflect.DelegatingMethodAccessorImpl.invoke(DelegatingMethodAccessorImpl.java:43) ~[?:1.8.0_211]
	at java.lang.reflect.Method.invoke(Method.java:498) ~[?:1.8.0_211]
	at org.junit.runners.model.FrameworkMethod$1.runReflectiveCall(FrameworkMethod.java:50) [junit.jar:4.12]
	at org.junit.internal.runners.model.ReflectiveCallable.run(ReflectiveCallable.java:12) [junit.jar:4.12]
	at org.junit.runners.model.FrameworkMethod.invokeExplosively(FrameworkMethod.java:47) [junit.jar:4.12]
	at org.junit.internal.runners.statements.InvokeMethod.evaluate(InvokeMethod.java:17) [junit.jar:4.12]
	at org.junit.internal.runners.statements.ExpectException.evaluate(ExpectException.java:19) [junit.jar:4.12]
	at org.junit.runners.ParentRunner.runLeaf(ParentRunner.java:325) [junit.jar:4.12]
	at org.junit.runners.BlockJUnit4ClassRunner.runChild(BlockJUnit4ClassRunner.java:78) [junit.jar:4.12]
	at org.junit.runners.BlockJUnit4ClassRunner.runChild(BlockJUnit4ClassRunner.java:57) [junit.jar:4.12]
	at org.junit.runners.ParentRunner$3.run(ParentRunner.java:290) [junit.jar:4.12]
	at org.junit.runners.ParentRunner$1.schedule(ParentRunner.java:71) [junit.jar:4.12]
	at org.junit.runners.ParentRunner.runChildren(ParentRunner.java:288) [junit.jar:4.12]
	at org.junit.runners.ParentRunner.access$000(ParentRunner.java:58) [junit.jar:4.12]
	at org.junit.runners.ParentRunner$2.evaluate(ParentRunner.java:268) [junit.jar:4.12]
	at org.junit.runners.ParentRunner.run(ParentRunner.java:363) [junit.jar:4.12]
	at org.junit.runners.Suite.runChild(Suite.java:128) [junit.jar:4.12]
	at org.junit.runners.Suite.runChild(Suite.java:27) [junit.jar:4.12]
	at org.junit.runners.ParentRunner$3.run(ParentRunner.java:290) [junit.jar:4.12]
	at org.junit.runners.ParentRunner$1.schedule(ParentRunner.java:71) [junit.jar:4.12]
	at org.junit.runners.ParentRunner.runChildren(ParentRunner.java:288) [junit.jar:4.12]
	at org.junit.runners.ParentRunner.access$000(ParentRunner.java:58) [junit.jar:4.12]
	at org.junit.runners.ParentRunner$2.evaluate(ParentRunner.java:268) [junit.jar:4.12]
	at org.junit.runners.ParentRunner.run(ParentRunner.java:363) [junit.jar:4.12]
	at org.junit.runner.JUnitCore.run(JUnitCore.java:137) [junit.jar:4.12]
	at com.intellij.junit4.JUnit4IdeaTestRunner.startRunnerWithArgs(JUnit4IdeaTestRunner.java:68) [junit-rt.jar:?]
	at com.intellij.rt.execution.junit.IdeaTestRunner$Repeater.startRunnerWithArgs(IdeaTestRunner.java:47) [junit-rt.jar:?]
	at com.intellij.rt.execution.junit.JUnitStarter.prepareStreamsAndStart(JUnitStarter.java:242) [junit-rt.jar:?]
	at com.intellij.rt.execution.junit.JUnitStarter.main(JUnitStarter.java:70) [junit-rt.jar:?]
2019-05-17 00:13:17 INFO  StellarConfigurationReader  - [parseConfiguration] Stellar: Sun,1e3,1.9885e30
2019-05-17 00:13:17 ERROR StellarConfigurationReader  - [validateNumber] Improper use of Scientific notation
configuration.Exception.ConfigurationSyntaxException: 
Configuration Syntax error: Improper use of Scientific notation at line 1
File: StellarSystem_ImproperScience.txt
	at configuration.StellarConfigurationReader.validateNumber(StellarConfigurationReader.java:163) [Lab4-1170300520/:?]
	at configuration.StellarConfigurationReader.parseConfiguration(StellarConfigurationReader.java:64) [Lab4-1170300520/:?]
	at configuration.ConfigurationReader.readFile(ConfigurationReader.java:47) [Lab4-1170300520/:?]
	at configuration.StellarSystemException.improperScience(StellarSystemException.java:82) [Lab4-1170300520/:?]
	at sun.reflect.NativeMethodAccessorImpl.invoke0(Native Method) ~[?:1.8.0_211]
	at sun.reflect.NativeMethodAccessorImpl.invoke(NativeMethodAccessorImpl.java:62) ~[?:1.8.0_211]
	at sun.reflect.DelegatingMethodAccessorImpl.invoke(DelegatingMethodAccessorImpl.java:43) ~[?:1.8.0_211]
	at java.lang.reflect.Method.invoke(Method.java:498) ~[?:1.8.0_211]
	at org.junit.runners.model.FrameworkMethod$1.runReflectiveCall(FrameworkMethod.java:50) [junit.jar:4.12]
	at org.junit.internal.runners.model.ReflectiveCallable.run(ReflectiveCallable.java:12) [junit.jar:4.12]
	at org.junit.runners.model.FrameworkMethod.invokeExplosively(FrameworkMethod.java:47) [junit.jar:4.12]
	at org.junit.internal.runners.statements.InvokeMethod.evaluate(InvokeMethod.java:17) [junit.jar:4.12]
	at org.junit.internal.runners.statements.ExpectException.evaluate(ExpectException.java:19) [junit.jar:4.12]
	at org.junit.runners.ParentRunner.runLeaf(ParentRunner.java:325) [junit.jar:4.12]
	at org.junit.runners.BlockJUnit4ClassRunner.runChild(BlockJUnit4ClassRunner.java:78) [junit.jar:4.12]
	at org.junit.runners.BlockJUnit4ClassRunner.runChild(BlockJUnit4ClassRunner.java:57) [junit.jar:4.12]
	at org.junit.runners.ParentRunner$3.run(ParentRunner.java:290) [junit.jar:4.12]
	at org.junit.runners.ParentRunner$1.schedule(ParentRunner.java:71) [junit.jar:4.12]
	at org.junit.runners.ParentRunner.runChildren(ParentRunner.java:288) [junit.jar:4.12]
	at org.junit.runners.ParentRunner.access$000(ParentRunner.java:58) [junit.jar:4.12]
	at org.junit.runners.ParentRunner$2.evaluate(ParentRunner.java:268) [junit.jar:4.12]
	at org.junit.runners.ParentRunner.run(ParentRunner.java:363) [junit.jar:4.12]
	at org.junit.runners.Suite.runChild(Suite.java:128) [junit.jar:4.12]
	at org.junit.runners.Suite.runChild(Suite.java:27) [junit.jar:4.12]
	at org.junit.runners.ParentRunner$3.run(ParentRunner.java:290) [junit.jar:4.12]
	at org.junit.runners.ParentRunner$1.schedule(ParentRunner.java:71) [junit.jar:4.12]
	at org.junit.runners.ParentRunner.runChildren(ParentRunner.java:288) [junit.jar:4.12]
	at org.junit.runners.ParentRunner.access$000(ParentRunner.java:58) [junit.jar:4.12]
	at org.junit.runners.ParentRunner$2.evaluate(ParentRunner.java:268) [junit.jar:4.12]
	at org.junit.runners.ParentRunner.run(ParentRunner.java:363) [junit.jar:4.12]
	at org.junit.runner.JUnitCore.run(JUnitCore.java:137) [junit.jar:4.12]
	at com.intellij.junit4.JUnit4IdeaTestRunner.startRunnerWithArgs(JUnit4IdeaTestRunner.java:68) [junit-rt.jar:?]
	at com.intellij.rt.execution.junit.IdeaTestRunner$Repeater.startRunnerWithArgs(IdeaTestRunner.java:47) [junit-rt.jar:?]
	at com.intellij.rt.execution.junit.JUnitStarter.prepareStreamsAndStart(JUnitStarter.java:242) [junit-rt.jar:?]
	at com.intellij.rt.execution.junit.JUnitStarter.main(JUnitStarter.java:70) [junit-rt.jar:?]
2019-05-17 00:13:17 INFO  StellarConfigurationReader  - [parseConfiguration] Stellar: Sun,6.96392e5,1.9885e30
2019-05-17 00:13:17 INFO  StellarFactory              - [build] Create a stellar with name Sun, radius 696392.0, weight 1.9885E30
2019-05-17 00:13:18 INFO  StellarConfigurationReader  - [parseConfiguration] Planet: Earth,Solid,Blue,6378.137,1.49e8,29.783,CW,0
2019-05-17 00:13:18 INFO  PlanetFactory               - [build] Build a planet with name Earth, state Solid, color Blue, radius 6378.137, trackRadius 1.49E8, speed 1.1452618800255912E-5, clockwise true, startAngle 0.0
2019-05-17 00:13:18 INFO  StellarConfigurationReader  - [parseConfiguration] Planet: Mercury,Solid,Dark,1378.137,1.49e7,69,CW,20.085
2019-05-17 00:13:18 INFO  PlanetFactory               - [build] Build a planet with name Mercury, state Solid, color Dark, radius 1378.137, trackRadius 1.49E7, speed 2.6532944875185774E-4, clockwise true, startAngle 20.085
2019-05-17 00:13:18 INFO  StellarConfigurationReader  - [parseConfiguration] Planet: Saturn,Liquid,Red,2378,1.49e6,2.33e5,CCW,39.21
2019-05-17 00:13:18 INFO  PlanetFactory               - [build] Build a planet with name Saturn, state Liquid, color Red, radius 2378.0, trackRadius 1490000.0, speed 8.95967558828737, clockwise false, startAngle 39.21
2019-05-17 00:13:18 INFO  StellarConfigurationReader  - [parseConfiguration] Planet: Jupiter,Gas,Blue,1637.007,2e8,30,CW,70
2019-05-17 00:13:18 INFO  PlanetFactory               - [build] Build a planet with name Jupiter, state Gas, color Blue, radius 1637.007, trackRadius 2.0E8, speed 8.59436692696235E-6, clockwise true, startAngle 70.0
2019-05-17 00:13:18 INFO  StellarConfigurationReader  - [parseConfiguration] Planet: Mars,Silid,Red,637.137,9.99e10,1000.93,CCW,110
2019-05-17 00:13:18 INFO  PlanetFactory               - [build] Build a planet with name Mars, state Silid, color Red, radius 637.137, trackRadius 9.99E10, speed 5.740647105908857E-7, clockwise false, startAngle 110.0
2019-05-17 00:13:18 ERROR StellarConfigurationReader  - [parseConfiguration] Wrong format of planet
configuration.Exception.ConfigurationSyntaxException: 
Configuration Syntax error: Wrong format of planet at line 7
File: StellarSystem_PlanetFormat.txt
	at configuration.StellarConfigurationReader.parseConfiguration(StellarConfigurationReader.java:114) [Lab4-1170300520/:?]
	at configuration.ConfigurationReader.readFile(ConfigurationReader.java:47) [Lab4-1170300520/:?]
	at configuration.StellarSystemException.planetFormat(StellarSystemException.java:46) [Lab4-1170300520/:?]
	at sun.reflect.NativeMethodAccessorImpl.invoke0(Native Method) ~[?:1.8.0_211]
	at sun.reflect.NativeMethodAccessorImpl.invoke(NativeMethodAccessorImpl.java:62) ~[?:1.8.0_211]
	at sun.reflect.DelegatingMethodAccessorImpl.invoke(DelegatingMethodAccessorImpl.java:43) ~[?:1.8.0_211]
	at java.lang.reflect.Method.invoke(Method.java:498) ~[?:1.8.0_211]
	at org.junit.runners.model.FrameworkMethod$1.runReflectiveCall(FrameworkMethod.java:50) [junit.jar:4.12]
	at org.junit.internal.runners.model.ReflectiveCallable.run(ReflectiveCallable.java:12) [junit.jar:4.12]
	at org.junit.runners.model.FrameworkMethod.invokeExplosively(FrameworkMethod.java:47) [junit.jar:4.12]
	at org.junit.internal.runners.statements.InvokeMethod.evaluate(InvokeMethod.java:17) [junit.jar:4.12]
	at org.junit.internal.runners.statements.ExpectException.evaluate(ExpectException.java:19) [junit.jar:4.12]
	at org.junit.runners.ParentRunner.runLeaf(ParentRunner.java:325) [junit.jar:4.12]
	at org.junit.runners.BlockJUnit4ClassRunner.runChild(BlockJUnit4ClassRunner.java:78) [junit.jar:4.12]
	at org.junit.runners.BlockJUnit4ClassRunner.runChild(BlockJUnit4ClassRunner.java:57) [junit.jar:4.12]
	at org.junit.runners.ParentRunner$3.run(ParentRunner.java:290) [junit.jar:4.12]
	at org.junit.runners.ParentRunner$1.schedule(ParentRunner.java:71) [junit.jar:4.12]
	at org.junit.runners.ParentRunner.runChildren(ParentRunner.java:288) [junit.jar:4.12]
	at org.junit.runners.ParentRunner.access$000(ParentRunner.java:58) [junit.jar:4.12]
	at org.junit.runners.ParentRunner$2.evaluate(ParentRunner.java:268) [junit.jar:4.12]
	at org.junit.runners.ParentRunner.run(ParentRunner.java:363) [junit.jar:4.12]
	at org.junit.runners.Suite.runChild(Suite.java:128) [junit.jar:4.12]
	at org.junit.runners.Suite.runChild(Suite.java:27) [junit.jar:4.12]
	at org.junit.runners.ParentRunner$3.run(ParentRunner.java:290) [junit.jar:4.12]
	at org.junit.runners.ParentRunner$1.schedule(ParentRunner.java:71) [junit.jar:4.12]
	at org.junit.runners.ParentRunner.runChildren(ParentRunner.java:288) [junit.jar:4.12]
	at org.junit.runners.ParentRunner.access$000(ParentRunner.java:58) [junit.jar:4.12]
	at org.junit.runners.ParentRunner$2.evaluate(ParentRunner.java:268) [junit.jar:4.12]
	at org.junit.runners.ParentRunner.run(ParentRunner.java:363) [junit.jar:4.12]
	at org.junit.runner.JUnitCore.run(JUnitCore.java:137) [junit.jar:4.12]
	at com.intellij.junit4.JUnit4IdeaTestRunner.startRunnerWithArgs(JUnit4IdeaTestRunner.java:68) [junit-rt.jar:?]
	at com.intellij.rt.execution.junit.IdeaTestRunner$Repeater.startRunnerWithArgs(IdeaTestRunner.java:47) [junit-rt.jar:?]
	at com.intellij.rt.execution.junit.JUnitStarter.prepareStreamsAndStart(JUnitStarter.java:242) [junit-rt.jar:?]
	at com.intellij.rt.execution.junit.JUnitStarter.main(JUnitStarter.java:70) [junit-rt.jar:?]
2019-05-17 00:13:18 INFO  StellarConfigurationReader  - [parseConfiguration] Stellar: Sun,0.125e5,1.9885e30
2019-05-17 00:13:18 ERROR StellarConfigurationReader  - [validateNumber] Wrong format for coefficient of scientific notation
configuration.Exception.ConfigurationSyntaxException: 
Configuration Syntax error: Wrong format for coefficient of scientific notation at line 1
File: StellarSystem_WrongCoefficient.txt
	at configuration.StellarConfigurationReader.validateNumber(StellarConfigurationReader.java:142) [Lab4-1170300520/:?]
	at configuration.StellarConfigurationReader.parseConfiguration(StellarConfigurationReader.java:64) [Lab4-1170300520/:?]
	at configuration.ConfigurationReader.readFile(ConfigurationReader.java:47) [Lab4-1170300520/:?]
	at configuration.StellarSystemException.wrongCoefficient(StellarSystemException.java:64) [Lab4-1170300520/:?]
	at sun.reflect.NativeMethodAccessorImpl.invoke0(Native Method) ~[?:1.8.0_211]
	at sun.reflect.NativeMethodAccessorImpl.invoke(NativeMethodAccessorImpl.java:62) ~[?:1.8.0_211]
	at sun.reflect.DelegatingMethodAccessorImpl.invoke(DelegatingMethodAccessorImpl.java:43) ~[?:1.8.0_211]
	at java.lang.reflect.Method.invoke(Method.java:498) ~[?:1.8.0_211]
	at org.junit.runners.model.FrameworkMethod$1.runReflectiveCall(FrameworkMethod.java:50) [junit.jar:4.12]
	at org.junit.internal.runners.model.ReflectiveCallable.run(ReflectiveCallable.java:12) [junit.jar:4.12]
	at org.junit.runners.model.FrameworkMethod.invokeExplosively(FrameworkMethod.java:47) [junit.jar:4.12]
	at org.junit.internal.runners.statements.InvokeMethod.evaluate(InvokeMethod.java:17) [junit.jar:4.12]
	at org.junit.internal.runners.statements.ExpectException.evaluate(ExpectException.java:19) [junit.jar:4.12]
	at org.junit.runners.ParentRunner.runLeaf(ParentRunner.java:325) [junit.jar:4.12]
	at org.junit.runners.BlockJUnit4ClassRunner.runChild(BlockJUnit4ClassRunner.java:78) [junit.jar:4.12]
	at org.junit.runners.BlockJUnit4ClassRunner.runChild(BlockJUnit4ClassRunner.java:57) [junit.jar:4.12]
	at org.junit.runners.ParentRunner$3.run(ParentRunner.java:290) [junit.jar:4.12]
	at org.junit.runners.ParentRunner$1.schedule(ParentRunner.java:71) [junit.jar:4.12]
	at org.junit.runners.ParentRunner.runChildren(ParentRunner.java:288) [junit.jar:4.12]
	at org.junit.runners.ParentRunner.access$000(ParentRunner.java:58) [junit.jar:4.12]
	at org.junit.runners.ParentRunner$2.evaluate(ParentRunner.java:268) [junit.jar:4.12]
	at org.junit.runners.ParentRunner.run(ParentRunner.java:363) [junit.jar:4.12]
	at org.junit.runners.Suite.runChild(Suite.java:128) [junit.jar:4.12]
	at org.junit.runners.Suite.runChild(Suite.java:27) [junit.jar:4.12]
	at org.junit.runners.ParentRunner$3.run(ParentRunner.java:290) [junit.jar:4.12]
	at org.junit.runners.ParentRunner$1.schedule(ParentRunner.java:71) [junit.jar:4.12]
	at org.junit.runners.ParentRunner.runChildren(ParentRunner.java:288) [junit.jar:4.12]
	at org.junit.runners.ParentRunner.access$000(ParentRunner.java:58) [junit.jar:4.12]
	at org.junit.runners.ParentRunner$2.evaluate(ParentRunner.java:268) [junit.jar:4.12]
	at org.junit.runners.ParentRunner.run(ParentRunner.java:363) [junit.jar:4.12]
	at org.junit.runner.JUnitCore.run(JUnitCore.java:137) [junit.jar:4.12]
	at com.intellij.junit4.JUnit4IdeaTestRunner.startRunnerWithArgs(JUnit4IdeaTestRunner.java:68) [junit-rt.jar:?]
	at com.intellij.rt.execution.junit.IdeaTestRunner$Repeater.startRunnerWithArgs(IdeaTestRunner.java:47) [junit-rt.jar:?]
	at com.intellij.rt.execution.junit.JUnitStarter.prepareStreamsAndStart(JUnitStarter.java:242) [junit-rt.jar:?]
	at com.intellij.rt.execution.junit.JUnitStarter.main(JUnitStarter.java:70) [junit-rt.jar:?]
2019-05-17 00:13:18 INFO  StellarConfigurationReader  - [parseConfiguration] Stellar: Sun,6.96392e5,1.9885e30
2019-05-17 00:13:18 INFO  StellarFactory              - [build] Create a stellar with name Sun, radius 696392.0, weight 1.9885E30
2019-05-17 00:13:18 ERROR StellarConfigurationReader  - [parseConfiguration] Duplicate Stellar label
configuration.Exception.ConfigurationLabelException: 
Conflict Label Found: Duplicate Stellar label at line 2
File: StellarSystem_DuplicateStellar.txt
	at configuration.StellarConfigurationReader.parseConfiguration(StellarConfigurationReader.java:54) [Lab4-1170300520/:?]
	at configuration.ConfigurationReader.readFile(ConfigurationReader.java:47) [Lab4-1170300520/:?]
	at configuration.StellarSystemException.duplicateStellar(StellarSystemException.java:16) [Lab4-1170300520/:?]
	at sun.reflect.NativeMethodAccessorImpl.invoke0(Native Method) ~[?:1.8.0_211]
	at sun.reflect.NativeMethodAccessorImpl.invoke(NativeMethodAccessorImpl.java:62) ~[?:1.8.0_211]
	at sun.reflect.DelegatingMethodAccessorImpl.invoke(DelegatingMethodAccessorImpl.java:43) ~[?:1.8.0_211]
	at java.lang.reflect.Method.invoke(Method.java:498) ~[?:1.8.0_211]
	at org.junit.runners.model.FrameworkMethod$1.runReflectiveCall(FrameworkMethod.java:50) [junit.jar:4.12]
	at org.junit.internal.runners.model.ReflectiveCallable.run(ReflectiveCallable.java:12) [junit.jar:4.12]
	at org.junit.runners.model.FrameworkMethod.invokeExplosively(FrameworkMethod.java:47) [junit.jar:4.12]
	at org.junit.internal.runners.statements.InvokeMethod.evaluate(InvokeMethod.java:17) [junit.jar:4.12]
	at org.junit.internal.runners.statements.ExpectException.evaluate(ExpectException.java:19) [junit.jar:4.12]
	at org.junit.runners.ParentRunner.runLeaf(ParentRunner.java:325) [junit.jar:4.12]
	at org.junit.runners.BlockJUnit4ClassRunner.runChild(BlockJUnit4ClassRunner.java:78) [junit.jar:4.12]
	at org.junit.runners.BlockJUnit4ClassRunner.runChild(BlockJUnit4ClassRunner.java:57) [junit.jar:4.12]
	at org.junit.runners.ParentRunner$3.run(ParentRunner.java:290) [junit.jar:4.12]
	at org.junit.runners.ParentRunner$1.schedule(ParentRunner.java:71) [junit.jar:4.12]
	at org.junit.runners.ParentRunner.runChildren(ParentRunner.java:288) [junit.jar:4.12]
	at org.junit.runners.ParentRunner.access$000(ParentRunner.java:58) [junit.jar:4.12]
	at org.junit.runners.ParentRunner$2.evaluate(ParentRunner.java:268) [junit.jar:4.12]
	at org.junit.runners.ParentRunner.run(ParentRunner.java:363) [junit.jar:4.12]
	at org.junit.runners.Suite.runChild(Suite.java:128) [junit.jar:4.12]
	at org.junit.runners.Suite.runChild(Suite.java:27) [junit.jar:4.12]
	at org.junit.runners.ParentRunner$3.run(ParentRunner.java:290) [junit.jar:4.12]
	at org.junit.runners.ParentRunner$1.schedule(ParentRunner.java:71) [junit.jar:4.12]
	at org.junit.runners.ParentRunner.runChildren(ParentRunner.java:288) [junit.jar:4.12]
	at org.junit.runners.ParentRunner.access$000(ParentRunner.java:58) [junit.jar:4.12]
	at org.junit.runners.ParentRunner$2.evaluate(ParentRunner.java:268) [junit.jar:4.12]
	at org.junit.runners.ParentRunner.run(ParentRunner.java:363) [junit.jar:4.12]
	at org.junit.runner.JUnitCore.run(JUnitCore.java:137) [junit.jar:4.12]
	at com.intellij.junit4.JUnit4IdeaTestRunner.startRunnerWithArgs(JUnit4IdeaTestRunner.java:68) [junit-rt.jar:?]
	at com.intellij.rt.execution.junit.IdeaTestRunner$Repeater.startRunnerWithArgs(IdeaTestRunner.java:47) [junit-rt.jar:?]
	at com.intellij.rt.execution.junit.JUnitStarter.prepareStreamsAndStart(JUnitStarter.java:242) [junit-rt.jar:?]
	at com.intellij.rt.execution.junit.JUnitStarter.main(JUnitStarter.java:70) [junit-rt.jar:?]
2019-05-17 00:13:18 ERROR StellarConfigurationReader  - [parseConfiguration] Wrong format of stellar
configuration.Exception.ConfigurationSyntaxException: 
Configuration Syntax error: Wrong format of stellar at line 1
File: StellarSystem_WrongPower.txt
	at configuration.StellarConfigurationReader.parseConfiguration(StellarConfigurationReader.java:70) [Lab4-1170300520/:?]
	at configuration.ConfigurationReader.readFile(ConfigurationReader.java:47) [Lab4-1170300520/:?]
	at configuration.StellarSystemException.wrongPower(StellarSystemException.java:70) [Lab4-1170300520/:?]
	at sun.reflect.NativeMethodAccessorImpl.invoke0(Native Method) ~[?:1.8.0_211]
	at sun.reflect.NativeMethodAccessorImpl.invoke(NativeMethodAccessorImpl.java:62) ~[?:1.8.0_211]
	at sun.reflect.DelegatingMethodAccessorImpl.invoke(DelegatingMethodAccessorImpl.java:43) ~[?:1.8.0_211]
	at java.lang.reflect.Method.invoke(Method.java:498) ~[?:1.8.0_211]
	at org.junit.runners.model.FrameworkMethod$1.runReflectiveCall(FrameworkMethod.java:50) [junit.jar:4.12]
	at org.junit.internal.runners.model.ReflectiveCallable.run(ReflectiveCallable.java:12) [junit.jar:4.12]
	at org.junit.runners.model.FrameworkMethod.invokeExplosively(FrameworkMethod.java:47) [junit.jar:4.12]
	at org.junit.internal.runners.statements.InvokeMethod.evaluate(InvokeMethod.java:17) [junit.jar:4.12]
	at org.junit.internal.runners.statements.ExpectException.evaluate(ExpectException.java:19) [junit.jar:4.12]
	at org.junit.runners.ParentRunner.runLeaf(ParentRunner.java:325) [junit.jar:4.12]
	at org.junit.runners.BlockJUnit4ClassRunner.runChild(BlockJUnit4ClassRunner.java:78) [junit.jar:4.12]
	at org.junit.runners.BlockJUnit4ClassRunner.runChild(BlockJUnit4ClassRunner.java:57) [junit.jar:4.12]
	at org.junit.runners.ParentRunner$3.run(ParentRunner.java:290) [junit.jar:4.12]
	at org.junit.runners.ParentRunner$1.schedule(ParentRunner.java:71) [junit.jar:4.12]
	at org.junit.runners.ParentRunner.runChildren(ParentRunner.java:288) [junit.jar:4.12]
	at org.junit.runners.ParentRunner.access$000(ParentRunner.java:58) [junit.jar:4.12]
	at org.junit.runners.ParentRunner$2.evaluate(ParentRunner.java:268) [junit.jar:4.12]
	at org.junit.runners.ParentRunner.run(ParentRunner.java:363) [junit.jar:4.12]
	at org.junit.runners.Suite.runChild(Suite.java:128) [junit.jar:4.12]
	at org.junit.runners.Suite.runChild(Suite.java:27) [junit.jar:4.12]
	at org.junit.runners.ParentRunner$3.run(ParentRunner.java:290) [junit.jar:4.12]
	at org.junit.runners.ParentRunner$1.schedule(ParentRunner.java:71) [junit.jar:4.12]
	at org.junit.runners.ParentRunner.runChildren(ParentRunner.java:288) [junit.jar:4.12]
	at org.junit.runners.ParentRunner.access$000(ParentRunner.java:58) [junit.jar:4.12]
	at org.junit.runners.ParentRunner$2.evaluate(ParentRunner.java:268) [junit.jar:4.12]
	at org.junit.runners.ParentRunner.run(ParentRunner.java:363) [junit.jar:4.12]
	at org.junit.runner.JUnitCore.run(JUnitCore.java:137) [junit.jar:4.12]
	at com.intellij.junit4.JUnit4IdeaTestRunner.startRunnerWithArgs(JUnit4IdeaTestRunner.java:68) [junit-rt.jar:?]
	at com.intellij.rt.execution.junit.IdeaTestRunner$Repeater.startRunnerWithArgs(IdeaTestRunner.java:47) [junit-rt.jar:?]
	at com.intellij.rt.execution.junit.JUnitStarter.prepareStreamsAndStart(JUnitStarter.java:242) [junit-rt.jar:?]
	at com.intellij.rt.execution.junit.JUnitStarter.main(JUnitStarter.java:70) [junit-rt.jar:?]
2019-05-17 00:13:18 INFO  StellarConfigurationReader  - [parseConfiguration] Stellar: Sun,6.96392e5,1.9885e30
2019-05-17 00:13:18 INFO  StellarFactory              - [build] Create a stellar with name Sun, radius 696392.0, weight 1.9885E30
2019-05-17 00:13:18 INFO  StellarConfigurationReader  - [parseConfiguration] Planet: Earth,Solid,Blue,6378.137,1.49e8,29.783,CW,0
2019-05-17 00:13:18 INFO  PlanetFactory               - [build] Build a planet with name Earth, state Solid, color Blue, radius 6378.137, trackRadius 1.49E8, speed 1.1452618800255912E-5, clockwise true, startAngle 0.0
2019-05-17 00:13:18 INFO  StellarConfigurationReader  - [parseConfiguration] Planet: Mercury,Solid,Dark,1378.137,1.49e7,69,CW,20.085
2019-05-17 00:13:18 INFO  PlanetFactory               - [build] Build a planet with name Mercury, state Solid, color Dark, radius 1378.137, trackRadius 1.49E7, speed 2.6532944875185774E-4, clockwise true, startAngle 20.085
2019-05-17 00:13:18 INFO  StellarConfigurationReader  - [parseConfiguration] Planet: Saturn,Liquid,Red,2378,1.49e6,2.33e5,CCW,39.21
2019-05-17 00:13:18 INFO  PlanetFactory               - [build] Build a planet with name Saturn, state Liquid, color Red, radius 2378.0, trackRadius 1490000.0, speed 8.95967558828737, clockwise false, startAngle 39.21
2019-05-17 00:13:18 INFO  StellarConfigurationReader  - [parseConfiguration] Planet: Jupiter,Gas,Blue,1637.007,2e8,30,CW,70
2019-05-17 00:13:18 INFO  PlanetFactory               - [build] Build a planet with name Jupiter, state Gas, color Blue, radius 1637.007, trackRadius 2.0E8, speed 8.59436692696235E-6, clockwise true, startAngle 70.0
2019-05-17 00:13:18 INFO  StellarConfigurationReader  - [parseConfiguration] Planet: Mars,Silid,Red,637.137,9.99e10,1000.93,CCW,110
2019-05-17 00:13:18 INFO  PlanetFactory               - [build] Build a planet with name Mars, state Silid, color Red, radius 637.137, trackRadius 9.99E10, speed 5.740647105908857E-7, clockwise false, startAngle 110.0
2019-05-17 00:13:18 INFO  StellarConfigurationReader  - [parseConfiguration] Planet: Neptune,Liquid,Yellow,6627.137,1.49e5,9293.05,CCW,361
2019-05-17 00:13:18 ERROR StellarConfigurationReader  - [parseConfiguration] Wrong start angle
configuration.Exception.ConfigurationSyntaxException: 
Configuration Syntax error: Wrong start angle at line 7
File: StellarSystem_WrongStart.txt
	at configuration.StellarConfigurationReader.parseConfiguration(StellarConfigurationReader.java:102) [Lab4-1170300520/:?]
	at configuration.ConfigurationReader.readFile(ConfigurationReader.java:47) [Lab4-1170300520/:?]
	at configuration.StellarSystemException.wrongStart(StellarSystemException.java:40) [Lab4-1170300520/:?]
	at sun.reflect.NativeMethodAccessorImpl.invoke0(Native Method) ~[?:1.8.0_211]
	at sun.reflect.NativeMethodAccessorImpl.invoke(NativeMethodAccessorImpl.java:62) ~[?:1.8.0_211]
	at sun.reflect.DelegatingMethodAccessorImpl.invoke(DelegatingMethodAccessorImpl.java:43) ~[?:1.8.0_211]
	at java.lang.reflect.Method.invoke(Method.java:498) ~[?:1.8.0_211]
	at org.junit.runners.model.FrameworkMethod$1.runReflectiveCall(FrameworkMethod.java:50) [junit.jar:4.12]
	at org.junit.internal.runners.model.ReflectiveCallable.run(ReflectiveCallable.java:12) [junit.jar:4.12]
	at org.junit.runners.model.FrameworkMethod.invokeExplosively(FrameworkMethod.java:47) [junit.jar:4.12]
	at org.junit.internal.runners.statements.InvokeMethod.evaluate(InvokeMethod.java:17) [junit.jar:4.12]
	at org.junit.internal.runners.statements.ExpectException.evaluate(ExpectException.java:19) [junit.jar:4.12]
	at org.junit.runners.ParentRunner.runLeaf(ParentRunner.java:325) [junit.jar:4.12]
	at org.junit.runners.BlockJUnit4ClassRunner.runChild(BlockJUnit4ClassRunner.java:78) [junit.jar:4.12]
	at org.junit.runners.BlockJUnit4ClassRunner.runChild(BlockJUnit4ClassRunner.java:57) [junit.jar:4.12]
	at org.junit.runners.ParentRunner$3.run(ParentRunner.java:290) [junit.jar:4.12]
	at org.junit.runners.ParentRunner$1.schedule(ParentRunner.java:71) [junit.jar:4.12]
	at org.junit.runners.ParentRunner.runChildren(ParentRunner.java:288) [junit.jar:4.12]
	at org.junit.runners.ParentRunner.access$000(ParentRunner.java:58) [junit.jar:4.12]
	at org.junit.runners.ParentRunner$2.evaluate(ParentRunner.java:268) [junit.jar:4.12]
	at org.junit.runners.ParentRunner.run(ParentRunner.java:363) [junit.jar:4.12]
	at org.junit.runners.Suite.runChild(Suite.java:128) [junit.jar:4.12]
	at org.junit.runners.Suite.runChild(Suite.java:27) [junit.jar:4.12]
	at org.junit.runners.ParentRunner$3.run(ParentRunner.java:290) [junit.jar:4.12]
	at org.junit.runners.ParentRunner$1.schedule(ParentRunner.java:71) [junit.jar:4.12]
	at org.junit.runners.ParentRunner.runChildren(ParentRunner.java:288) [junit.jar:4.12]
	at org.junit.runners.ParentRunner.access$000(ParentRunner.java:58) [junit.jar:4.12]
	at org.junit.runners.ParentRunner$2.evaluate(ParentRunner.java:268) [junit.jar:4.12]
	at org.junit.runners.ParentRunner.run(ParentRunner.java:363) [junit.jar:4.12]
	at org.junit.runner.JUnitCore.run(JUnitCore.java:137) [junit.jar:4.12]
	at com.intellij.junit4.JUnit4IdeaTestRunner.startRunnerWithArgs(JUnit4IdeaTestRunner.java:68) [junit-rt.jar:?]
	at com.intellij.rt.execution.junit.IdeaTestRunner$Repeater.startRunnerWithArgs(IdeaTestRunner.java:47) [junit-rt.jar:?]
	at com.intellij.rt.execution.junit.JUnitStarter.prepareStreamsAndStart(JUnitStarter.java:242) [junit-rt.jar:?]
	at com.intellij.rt.execution.junit.JUnitStarter.main(JUnitStarter.java:70) [junit-rt.jar:?]
2019-05-17 00:13:18 INFO  StellarConfigurationReader  - [parseConfiguration] Stellar: Sun,6.96392e5,1.9885e30
2019-05-17 00:13:18 INFO  StellarFactory              - [build] Create a stellar with name Sun, radius 696392.0, weight 1.9885E30
2019-05-17 00:13:18 INFO  StellarConfigurationReader  - [parseConfiguration] Planet: Earth,Solid,Blue,6378.137,1.49e8,29.783,CW,0
2019-05-17 00:13:18 INFO  PlanetFactory               - [build] Build a planet with name Earth, state Solid, color Blue, radius 6378.137, trackRadius 1.49E8, speed 1.1452618800255912E-5, clockwise true, startAngle 0.0
2019-05-17 00:13:18 INFO  StellarConfigurationReader  - [parseConfiguration] Planet: Mercury,Solid,Dark,1378.137,1.49e7,69,CW,20.085
2019-05-17 00:13:18 INFO  PlanetFactory               - [build] Build a planet with name Mercury, state Solid, color Dark, radius 1378.137, trackRadius 1.49E7, speed 2.6532944875185774E-4, clockwise true, startAngle 20.085
2019-05-17 00:13:18 INFO  StellarConfigurationReader  - [parseConfiguration] Planet: Saturn,Liquid,Red,2378,1.49e6,2.33e5,CCW,39.21
2019-05-17 00:13:18 INFO  PlanetFactory               - [build] Build a planet with name Saturn, state Liquid, color Red, radius 2378.0, trackRadius 1490000.0, speed 8.95967558828737, clockwise false, startAngle 39.21
2019-05-17 00:13:18 INFO  StellarConfigurationReader  - [parseConfiguration] Planet: Jupiter,Gas,Blue,1637.007,2e8,30,CW,70
2019-05-17 00:13:18 INFO  PlanetFactory               - [build] Build a planet with name Jupiter, state Gas, color Blue, radius 1637.007, trackRadius 2.0E8, speed 8.59436692696235E-6, clockwise true, startAngle 70.0
2019-05-17 00:13:18 INFO  StellarConfigurationReader  - [parseConfiguration] Planet: Earth,Silid,Red,637.137,9.99e10,1000.93,CCW,110
2019-05-17 00:13:18 ERROR StellarConfigurationReader  - [parseConfiguration] Duplicate planet with same name
configuration.Exception.ConfigurationLabelException: 
Conflict Label Found: Duplicate planet with same name at line 6
File: StellarSystem_DuplicatePlanet.txt
	at configuration.StellarConfigurationReader.parseConfiguration(StellarConfigurationReader.java:84) [Lab4-1170300520/:?]
	at configuration.ConfigurationReader.readFile(ConfigurationReader.java:47) [Lab4-1170300520/:?]
	at configuration.StellarSystemException.duplicatePlanet(StellarSystemException.java:28) [Lab4-1170300520/:?]
	at sun.reflect.NativeMethodAccessorImpl.invoke0(Native Method) ~[?:1.8.0_211]
	at sun.reflect.NativeMethodAccessorImpl.invoke(NativeMethodAccessorImpl.java:62) ~[?:1.8.0_211]
	at sun.reflect.DelegatingMethodAccessorImpl.invoke(DelegatingMethodAccessorImpl.java:43) ~[?:1.8.0_211]
	at java.lang.reflect.Method.invoke(Method.java:498) ~[?:1.8.0_211]
	at org.junit.runners.model.FrameworkMethod$1.runReflectiveCall(FrameworkMethod.java:50) [junit.jar:4.12]
	at org.junit.internal.runners.model.ReflectiveCallable.run(ReflectiveCallable.java:12) [junit.jar:4.12]
	at org.junit.runners.model.FrameworkMethod.invokeExplosively(FrameworkMethod.java:47) [junit.jar:4.12]
	at org.junit.internal.runners.statements.InvokeMethod.evaluate(InvokeMethod.java:17) [junit.jar:4.12]
	at org.junit.internal.runners.statements.ExpectException.evaluate(ExpectException.java:19) [junit.jar:4.12]
	at org.junit.runners.ParentRunner.runLeaf(ParentRunner.java:325) [junit.jar:4.12]
	at org.junit.runners.BlockJUnit4ClassRunner.runChild(BlockJUnit4ClassRunner.java:78) [junit.jar:4.12]
	at org.junit.runners.BlockJUnit4ClassRunner.runChild(BlockJUnit4ClassRunner.java:57) [junit.jar:4.12]
	at org.junit.runners.ParentRunner$3.run(ParentRunner.java:290) [junit.jar:4.12]
	at org.junit.runners.ParentRunner$1.schedule(ParentRunner.java:71) [junit.jar:4.12]
	at org.junit.runners.ParentRunner.runChildren(ParentRunner.java:288) [junit.jar:4.12]
	at org.junit.runners.ParentRunner.access$000(ParentRunner.java:58) [junit.jar:4.12]
	at org.junit.runners.ParentRunner$2.evaluate(ParentRunner.java:268) [junit.jar:4.12]
	at org.junit.runners.ParentRunner.run(ParentRunner.java:363) [junit.jar:4.12]
	at org.junit.runners.Suite.runChild(Suite.java:128) [junit.jar:4.12]
	at org.junit.runners.Suite.runChild(Suite.java:27) [junit.jar:4.12]
	at org.junit.runners.ParentRunner$3.run(ParentRunner.java:290) [junit.jar:4.12]
	at org.junit.runners.ParentRunner$1.schedule(ParentRunner.java:71) [junit.jar:4.12]
	at org.junit.runners.ParentRunner.runChildren(ParentRunner.java:288) [junit.jar:4.12]
	at org.junit.runners.ParentRunner.access$000(ParentRunner.java:58) [junit.jar:4.12]
	at org.junit.runners.ParentRunner$2.evaluate(ParentRunner.java:268) [junit.jar:4.12]
	at org.junit.runners.ParentRunner.run(ParentRunner.java:363) [junit.jar:4.12]
	at org.junit.runner.JUnitCore.run(JUnitCore.java:137) [junit.jar:4.12]
	at com.intellij.junit4.JUnit4IdeaTestRunner.startRunnerWithArgs(JUnit4IdeaTestRunner.java:68) [junit-rt.jar:?]
	at com.intellij.rt.execution.junit.IdeaTestRunner$Repeater.startRunnerWithArgs(IdeaTestRunner.java:47) [junit-rt.jar:?]
	at com.intellij.rt.execution.junit.JUnitStarter.prepareStreamsAndStart(JUnitStarter.java:242) [junit-rt.jar:?]
	at com.intellij.rt.execution.junit.JUnitStarter.main(JUnitStarter.java:70) [junit-rt.jar:?]
2019-05-17 00:13:18 ERROR StellarConfigurationReader  - [parseConfiguration] Wrong format of stellar
configuration.Exception.ConfigurationSyntaxException: 
Configuration Syntax error: Wrong format of stellar at line 1
File: StellarSystem_StellarFormat.txt
	at configuration.StellarConfigurationReader.parseConfiguration(StellarConfigurationReader.java:70) [Lab4-1170300520/:?]
	at configuration.ConfigurationReader.readFile(ConfigurationReader.java:47) [Lab4-1170300520/:?]
	at configuration.StellarSystemException.stellarFormat(StellarSystemException.java:22) [Lab4-1170300520/:?]
	at sun.reflect.NativeMethodAccessorImpl.invoke0(Native Method) ~[?:1.8.0_211]
	at sun.reflect.NativeMethodAccessorImpl.invoke(NativeMethodAccessorImpl.java:62) ~[?:1.8.0_211]
	at sun.reflect.DelegatingMethodAccessorImpl.invoke(DelegatingMethodAccessorImpl.java:43) ~[?:1.8.0_211]
	at java.lang.reflect.Method.invoke(Method.java:498) ~[?:1.8.0_211]
	at org.junit.runners.model.FrameworkMethod$1.runReflectiveCall(FrameworkMethod.java:50) [junit.jar:4.12]
	at org.junit.internal.runners.model.ReflectiveCallable.run(ReflectiveCallable.java:12) [junit.jar:4.12]
	at org.junit.runners.model.FrameworkMethod.invokeExplosively(FrameworkMethod.java:47) [junit.jar:4.12]
	at org.junit.internal.runners.statements.InvokeMethod.evaluate(InvokeMethod.java:17) [junit.jar:4.12]
	at org.junit.internal.runners.statements.ExpectException.evaluate(ExpectException.java:19) [junit.jar:4.12]
	at org.junit.runners.ParentRunner.runLeaf(ParentRunner.java:325) [junit.jar:4.12]
	at org.junit.runners.BlockJUnit4ClassRunner.runChild(BlockJUnit4ClassRunner.java:78) [junit.jar:4.12]
	at org.junit.runners.BlockJUnit4ClassRunner.runChild(BlockJUnit4ClassRunner.java:57) [junit.jar:4.12]
	at org.junit.runners.ParentRunner$3.run(ParentRunner.java:290) [junit.jar:4.12]
	at org.junit.runners.ParentRunner$1.schedule(ParentRunner.java:71) [junit.jar:4.12]
	at org.junit.runners.ParentRunner.runChildren(ParentRunner.java:288) [junit.jar:4.12]
	at org.junit.runners.ParentRunner.access$000(ParentRunner.java:58) [junit.jar:4.12]
	at org.junit.runners.ParentRunner$2.evaluate(ParentRunner.java:268) [junit.jar:4.12]
	at org.junit.runners.ParentRunner.run(ParentRunner.java:363) [junit.jar:4.12]
	at org.junit.runners.Suite.runChild(Suite.java:128) [junit.jar:4.12]
	at org.junit.runners.Suite.runChild(Suite.java:27) [junit.jar:4.12]
	at org.junit.runners.ParentRunner$3.run(ParentRunner.java:290) [junit.jar:4.12]
	at org.junit.runners.ParentRunner$1.schedule(ParentRunner.java:71) [junit.jar:4.12]
	at org.junit.runners.ParentRunner.runChildren(ParentRunner.java:288) [junit.jar:4.12]
	at org.junit.runners.ParentRunner.access$000(ParentRunner.java:58) [junit.jar:4.12]
	at org.junit.runners.ParentRunner$2.evaluate(ParentRunner.java:268) [junit.jar:4.12]
	at org.junit.runners.ParentRunner.run(ParentRunner.java:363) [junit.jar:4.12]
	at org.junit.runner.JUnitCore.run(JUnitCore.java:137) [junit.jar:4.12]
	at com.intellij.junit4.JUnit4IdeaTestRunner.startRunnerWithArgs(JUnit4IdeaTestRunner.java:68) [junit-rt.jar:?]
	at com.intellij.rt.execution.junit.IdeaTestRunner$Repeater.startRunnerWithArgs(IdeaTestRunner.java:47) [junit-rt.jar:?]
	at com.intellij.rt.execution.junit.JUnitStarter.prepareStreamsAndStart(JUnitStarter.java:242) [junit-rt.jar:?]
	at com.intellij.rt.execution.junit.JUnitStarter.main(JUnitStarter.java:70) [junit-rt.jar:?]
2019-05-17 00:13:18 INFO  StellarConfigurationReader  - [parseConfiguration] Stellar: Sun,6.96392e5,1.9885e30
2019-05-17 00:13:18 INFO  StellarFactory              - [build] Create a stellar with name Sun, radius 696392.0, weight 1.9885E30
2019-05-17 00:13:18 INFO  StellarConfigurationReader  - [parseConfiguration] Planet: Earth,Solid,Blue,6378.137,1.49e8,29.783,CW,0
2019-05-17 00:13:18 INFO  PlanetFactory               - [build] Build a planet with name Earth, state Solid, color Blue, radius 6378.137, trackRadius 1.49E8, speed 1.1452618800255912E-5, clockwise true, startAngle 0.0
2019-05-17 00:13:18 INFO  StellarConfigurationReader  - [parseConfiguration] Planet: Mercury,Solid,Dark,1378.137,1.49e7,69,CW,20.085
2019-05-17 00:13:18 INFO  PlanetFactory               - [build] Build a planet with name Mercury, state Solid, color Dark, radius 1378.137, trackRadius 1.49E7, speed 2.6532944875185774E-4, clockwise true, startAngle 20.085
2019-05-17 00:13:18 INFO  StellarConfigurationReader  - [parseConfiguration] Planet: Saturn,Liquid,Red,2378,1.49e6,2.33e5,CCW,39.21
2019-05-17 00:13:18 INFO  PlanetFactory               - [build] Build a planet with name Saturn, state Liquid, color Red, radius 2378.0, trackRadius 1490000.0, speed 8.95967558828737, clockwise false, startAngle 39.21
2019-05-17 00:13:18 INFO  StellarConfigurationReader  - [parseConfiguration] Planet: Jupiter,Gas,Blue,1637.007,2e8,30,CW,70
2019-05-17 00:13:18 INFO  PlanetFactory               - [build] Build a planet with name Jupiter, state Gas, color Blue, radius 1637.007, trackRadius 2.0E8, speed 8.59436692696235E-6, clockwise true, startAngle 70.0
2019-05-17 00:13:18 ERROR StellarConfigurationReader  - [parseConfiguration] Wrong format of planet
configuration.Exception.ConfigurationSyntaxException: 
Configuration Syntax error: Wrong format of planet at line 6
File: StellarSystem_WrongRotation.txt
	at configuration.StellarConfigurationReader.parseConfiguration(StellarConfigurationReader.java:114) [Lab4-1170300520/:?]
	at configuration.ConfigurationReader.readFile(ConfigurationReader.java:47) [Lab4-1170300520/:?]
	at configuration.StellarSystemException.wrongRotation(StellarSystemException.java:34) [Lab4-1170300520/:?]
	at sun.reflect.NativeMethodAccessorImpl.invoke0(Native Method) ~[?:1.8.0_211]
	at sun.reflect.NativeMethodAccessorImpl.invoke(NativeMethodAccessorImpl.java:62) ~[?:1.8.0_211]
	at sun.reflect.DelegatingMethodAccessorImpl.invoke(DelegatingMethodAccessorImpl.java:43) ~[?:1.8.0_211]
	at java.lang.reflect.Method.invoke(Method.java:498) ~[?:1.8.0_211]
	at org.junit.runners.model.FrameworkMethod$1.runReflectiveCall(FrameworkMethod.java:50) [junit.jar:4.12]
	at org.junit.internal.runners.model.ReflectiveCallable.run(ReflectiveCallable.java:12) [junit.jar:4.12]
	at org.junit.runners.model.FrameworkMethod.invokeExplosively(FrameworkMethod.java:47) [junit.jar:4.12]
	at org.junit.internal.runners.statements.InvokeMethod.evaluate(InvokeMethod.java:17) [junit.jar:4.12]
	at org.junit.internal.runners.statements.ExpectException.evaluate(ExpectException.java:19) [junit.jar:4.12]
	at org.junit.runners.ParentRunner.runLeaf(ParentRunner.java:325) [junit.jar:4.12]
	at org.junit.runners.BlockJUnit4ClassRunner.runChild(BlockJUnit4ClassRunner.java:78) [junit.jar:4.12]
	at org.junit.runners.BlockJUnit4ClassRunner.runChild(BlockJUnit4ClassRunner.java:57) [junit.jar:4.12]
	at org.junit.runners.ParentRunner$3.run(ParentRunner.java:290) [junit.jar:4.12]
	at org.junit.runners.ParentRunner$1.schedule(ParentRunner.java:71) [junit.jar:4.12]
	at org.junit.runners.ParentRunner.runChildren(ParentRunner.java:288) [junit.jar:4.12]
	at org.junit.runners.ParentRunner.access$000(ParentRunner.java:58) [junit.jar:4.12]
	at org.junit.runners.ParentRunner$2.evaluate(ParentRunner.java:268) [junit.jar:4.12]
	at org.junit.runners.ParentRunner.run(ParentRunner.java:363) [junit.jar:4.12]
	at org.junit.runners.Suite.runChild(Suite.java:128) [junit.jar:4.12]
	at org.junit.runners.Suite.runChild(Suite.java:27) [junit.jar:4.12]
	at org.junit.runners.ParentRunner$3.run(ParentRunner.java:290) [junit.jar:4.12]
	at org.junit.runners.ParentRunner$1.schedule(ParentRunner.java:71) [junit.jar:4.12]
	at org.junit.runners.ParentRunner.runChildren(ParentRunner.java:288) [junit.jar:4.12]
	at org.junit.runners.ParentRunner.access$000(ParentRunner.java:58) [junit.jar:4.12]
	at org.junit.runners.ParentRunner$2.evaluate(ParentRunner.java:268) [junit.jar:4.12]
	at org.junit.runners.ParentRunner.run(ParentRunner.java:363) [junit.jar:4.12]
	at org.junit.runner.JUnitCore.run(JUnitCore.java:137) [junit.jar:4.12]
	at com.intellij.junit4.JUnit4IdeaTestRunner.startRunnerWithArgs(JUnit4IdeaTestRunner.java:68) [junit-rt.jar:?]
	at com.intellij.rt.execution.junit.IdeaTestRunner$Repeater.startRunnerWithArgs(IdeaTestRunner.java:47) [junit-rt.jar:?]
	at com.intellij.rt.execution.junit.JUnitStarter.prepareStreamsAndStart(JUnitStarter.java:242) [junit-rt.jar:?]
	at com.intellij.rt.execution.junit.JUnitStarter.main(JUnitStarter.java:70) [junit-rt.jar:?]
2019-05-17 00:13:18 INFO  PlanetFactory               - [build] Build a planet with name Earth, state Solid, color Blue, radius 6378.137, trackRadius 1.49E8, speed 29.783, clockwise true, startAngle 0.0
